2021-12-16 19:43:45,380 INFO org.springframework.boot.StartupInfoLogger [restartedMain] Starting DigitalOfficeBackendApplication using Java 16.0.1 on HaLinhPC with PID 8044 (D:\PTIT\DATN\digital-office-backend\target\classes started by linh in D:\PTIT\DATN\digital-office-backend)
2021-12-16 19:43:45,513 DEBUG org.springframework.boot.StartupInfoLogger [restartedMain] Running with Spring Boot v2.5.6, Spring v5.3.12
2021-12-16 19:43:45,514 INFO org.springframework.boot.SpringApplication [restartedMain] No active profile set, falling back to default profiles: default
2021-12-16 19:43:45,790 INFO org.springframework.boot.logging.DeferredLog [restartedMain] Devtools property defaults active! Set 'spring.devtools.add-properties' to 'false' to disable
2021-12-16 19:43:45,804 INFO org.springframework.boot.logging.DeferredLog [restartedMain] For additional web related logging consider setting the 'logging.level.web' property to 'DEBUG'
2021-12-16 19:43:50,969 INFO org.springframework.data.repository.config.RepositoryConfigurationDelegate [restartedMain] Multiple Spring Data modules found, entering strict repository configuration mode!
2021-12-16 19:43:50,971 INFO org.springframework.data.repository.config.RepositoryConfigurationDelegate [restartedMain] Bootstrapping Spring Data MongoDB repositories in DEFAULT mode.
2021-12-16 19:43:50,981 INFO org.springframework.data.repository.config.RepositoryConfigurationDelegate [restartedMain] Finished Spring Data repository scanning in 5 ms. Found 0 MongoDB repository interfaces.
2021-12-16 19:43:51,378 INFO org.springframework.data.repository.config.RepositoryConfigurationDelegate [restartedMain] Multiple Spring Data modules found, entering strict repository configuration mode!
2021-12-16 19:43:51,380 INFO org.springframework.data.repository.config.RepositoryConfigurationDelegate [restartedMain] Bootstrapping Spring Data Redis repositories in DEFAULT mode.
2021-12-16 19:43:51,429 INFO org.springframework.data.repository.config.RepositoryConfigurationDelegate [restartedMain] Finished Spring Data repository scanning in 28 ms. Found 0 Redis repository interfaces.
2021-12-16 19:43:52,039 INFO org.springframework.context.support.PostProcessorRegistrationDelegate$BeanPostProcessorChecker [restartedMain] Bean 'org.springframework.security.access.expression.method.DefaultMethodSecurityExpressionHandler@7249348d' of type [org.springframework.security.access.expression.method.DefaultMethodSecurityExpressionHandler] is not eligible for getting processed by all BeanPostProcessors (for example: not eligible for auto-proxying)
2021-12-16 19:43:52,045 INFO org.springframework.context.support.PostProcessorRegistrationDelegate$BeanPostProcessorChecker [restartedMain] Bean 'methodSecurityMetadataSource' of type [org.springframework.security.access.method.DelegatingMethodSecurityMetadataSource] is not eligible for getting processed by all BeanPostProcessors (for example: not eligible for auto-proxying)
2021-12-16 19:43:52,424 INFO org.springframework.boot.web.embedded.tomcat.TomcatWebServer [restartedMain] Tomcat initialized with port(s): 8091 (http)
2021-12-16 19:43:52,440 INFO org.apache.juli.logging.DirectJDKLog [restartedMain] Initializing ProtocolHandler ["http-nio-8091"]
2021-12-16 19:43:52,441 INFO org.apache.juli.logging.DirectJDKLog [restartedMain] Starting service [Tomcat]
2021-12-16 19:43:52,441 INFO org.apache.juli.logging.DirectJDKLog [restartedMain] Starting Servlet engine: [Apache Tomcat/9.0.54]
2021-12-16 19:43:52,561 INFO org.apache.juli.logging.DirectJDKLog [restartedMain] Initializing Spring embedded WebApplicationContext
2021-12-16 19:43:52,561 INFO org.springframework.boot.web.servlet.context.ServletWebServerApplicationContext [restartedMain] Root WebApplicationContext: initialization completed in 6756 ms
2021-12-16 19:43:52,697 INFO com.mongodb.diagnostics.logging.SLF4JLogger [restartedMain] Cluster created with settings {hosts=[178.128.19.31:27017], mode=SINGLE, requiredClusterType=UNKNOWN, serverSelectionTimeout='30000 ms'}
2021-12-16 19:43:52,862 INFO com.mongodb.diagnostics.logging.SLF4JLogger [cluster-rtt-ClusterId{value='61bb3488cbc0bd03b5671af8', description='null'}-178.128.19.31:27017] Opened connection [connectionId{localValue:2, serverValue:14632}] to 178.128.19.31:27017
2021-12-16 19:43:52,862 INFO com.mongodb.diagnostics.logging.SLF4JLogger [cluster-ClusterId{value='61bb3488cbc0bd03b5671af8', description='null'}-178.128.19.31:27017] Opened connection [connectionId{localValue:1, serverValue:14633}] to 178.128.19.31:27017
2021-12-16 19:43:52,863 INFO com.mongodb.diagnostics.logging.SLF4JLogger [cluster-ClusterId{value='61bb3488cbc0bd03b5671af8', description='null'}-178.128.19.31:27017] Monitor thread successfully connected to server with description ServerDescription{address=178.128.19.31:27017, type=REPLICA_SET_PRIMARY, state=CONNECTED, ok=true, minWireVersion=0, maxWireVersion=9, maxDocumentSize=16777216, logicalSessionTimeoutMinutes=30, roundTripTimeNanos=68169100, setName='reps0', canonicalAddress=127.0.0.1:27017, hosts=[127.0.0.1:27017], passives=[], arbiters=[], primary='127.0.0.1:27017', tagSet=TagSet{[]}, electionId=7fffffff000000000000000e, setVersion=1, topologyVersion=TopologyVersion{processId=61824065b32f7a93cc0ee417, counter=6}, lastWriteDate=Thu Dec 16 19:43:43 ICT 2021, lastUpdateTimeNanos=998667117100}
2021-12-16 19:43:53,287 DEBUG org.springframework.web.filter.GenericFilterBean [restartedMain] Filter 'jwtTokenFilter' configured for use
2021-12-16 19:43:54,174 INFO org.springframework.security.web.DefaultSecurityFilterChain [restartedMain] Will secure any request with [org.springframework.security.web.context.request.async.WebAsyncManagerIntegrationFilter@755b44c6, org.springframework.security.web.context.SecurityContextPersistenceFilter@37eb3ec7, org.springframework.security.web.header.HeaderWriterFilter@4a4afd2c, org.springframework.web.filter.CorsFilter@a0e6f65, org.springframework.security.web.csrf.CsrfFilter@4ebfdc9c, org.springframework.security.web.authentication.logout.LogoutFilter@4dc6f7ee, com.datn.doffice.config.security.JwtTokenFilter@57e71550, org.springframework.security.web.savedrequest.RequestCacheAwareFilter@46f01b6b, org.springframework.security.web.servletapi.SecurityContextHolderAwareRequestFilter@72428390, org.springframework.security.web.authentication.AnonymousAuthenticationFilter@3e2b09b2, org.springframework.security.web.session.SessionManagementFilter@ada35cf, org.springframework.security.web.access.ExceptionTranslationFilter@7d3bc699]
2021-12-16 19:43:55,023 INFO org.springframework.boot.devtools.autoconfigure.OptionalLiveReloadServer [restartedMain] LiveReload server is running on port 35729
2021-12-16 19:43:55,049 INFO org.apache.juli.logging.DirectJDKLog [restartedMain] Starting ProtocolHandler ["http-nio-8091"]
2021-12-16 19:43:55,101 INFO org.springframework.boot.web.embedded.tomcat.TomcatWebServer [restartedMain] Tomcat started on port(s): 8091 (http) with context path ''
2021-12-16 19:43:55,116 INFO org.springframework.boot.StartupInfoLogger [restartedMain] Started DigitalOfficeBackendApplication in 10.556 seconds (JVM running for 13.697)
2021-12-16 19:45:36,446 INFO org.apache.juli.logging.DirectJDKLog [http-nio-8091-exec-1] Initializing Spring DispatcherServlet 'dispatcherServlet'
2021-12-16 19:45:36,446 INFO org.springframework.web.servlet.FrameworkServlet [http-nio-8091-exec-1] Initializing Servlet 'dispatcherServlet'
2021-12-16 19:45:36,448 INFO org.springframework.web.servlet.FrameworkServlet [http-nio-8091-exec-1] Completed initialization in 2 ms
2021-12-16 19:45:36,610 ERROR com.datn.doffice.config.security.JwtAuthenticationController [http-nio-8091-exec-2] JWT strings must contain exactly 2 period characters. Found: 0
io.jsonwebtoken.MalformedJwtException: JWT strings must contain exactly 2 period characters. Found: 0
	at io.jsonwebtoken.impl.DefaultJwtParser.parse(DefaultJwtParser.java:235)
	at io.jsonwebtoken.impl.DefaultJwtParser.parse(DefaultJwtParser.java:481)
	at io.jsonwebtoken.impl.DefaultJwtParser.parseClaimsJws(DefaultJwtParser.java:541)
	at com.datn.doffice.config.security.JwtUtils.getAllClaimsFromToken(JwtUtils.java:29)
	at com.datn.doffice.config.security.JwtUtils.getClaimFromToken(JwtUtils.java:33)
	at com.datn.doffice.config.security.JwtUtils.getUsernameFromToken(JwtUtils.java:39)
	at com.datn.doffice.config.security.JwtAuthenticationController.validateToken(JwtAuthenticationController.java:51)
	at java.base/jdk.internal.reflect.NativeMethodAccessorImpl.invoke0(Native Method)
	at java.base/jdk.internal.reflect.NativeMethodAccessorImpl.invoke(NativeMethodAccessorImpl.java:78)
	at java.base/jdk.internal.reflect.DelegatingMethodAccessorImpl.invoke(DelegatingMethodAccessorImpl.java:43)
	at java.base/java.lang.reflect.Method.invoke(Method.java:567)
	at org.springframework.web.method.support.InvocableHandlerMethod.doInvoke(InvocableHandlerMethod.java:205)
	at org.springframework.web.method.support.InvocableHandlerMethod.invokeForRequest(InvocableHandlerMethod.java:150)
	at org.springframework.web.servlet.mvc.method.annotation.ServletInvocableHandlerMethod.invokeAndHandle(ServletInvocableHandlerMethod.java:117)
	at org.springframework.web.servlet.mvc.method.annotation.RequestMappingHandlerAdapter.invokeHandlerMethod(RequestMappingHandlerAdapter.java:895)
	at org.springframework.web.servlet.mvc.method.annotation.RequestMappingHandlerAdapter.handleInternal(RequestMappingHandlerAdapter.java:808)
	at org.springframework.web.servlet.mvc.method.AbstractHandlerMethodAdapter.handle(AbstractHandlerMethodAdapter.java:87)
	at org.springframework.web.servlet.DispatcherServlet.doDispatch(DispatcherServlet.java:1067)
	at org.springframework.web.servlet.DispatcherServlet.doService(DispatcherServlet.java:963)
	at org.springframework.web.servlet.FrameworkServlet.processRequest(FrameworkServlet.java:1006)
	at org.springframework.web.servlet.FrameworkServlet.doGet(FrameworkServlet.java:898)
	at javax.servlet.http.HttpServlet.service(HttpServlet.java:655)
	at org.springframework.web.servlet.FrameworkServlet.service(FrameworkServlet.java:883)
	at javax.servlet.http.HttpServlet.service(HttpServlet.java:764)
	at org.apache.catalina.core.ApplicationFilterChain.internalDoFilter(ApplicationFilterChain.java:227)
	at org.apache.catalina.core.ApplicationFilterChain.doFilter(ApplicationFilterChain.java:162)
	at org.apache.tomcat.websocket.server.WsFilter.doFilter(WsFilter.java:53)
	at org.apache.catalina.core.ApplicationFilterChain.internalDoFilter(ApplicationFilterChain.java:189)
	at org.apache.catalina.core.ApplicationFilterChain.doFilter(ApplicationFilterChain.java:162)
	at org.springframework.web.filter.OncePerRequestFilter.doFilter(OncePerRequestFilter.java:113)
	at org.apache.catalina.core.ApplicationFilterChain.internalDoFilter(ApplicationFilterChain.java:189)
	at org.apache.catalina.core.ApplicationFilterChain.doFilter(ApplicationFilterChain.java:162)
	at org.springframework.security.web.FilterChainProxy$VirtualFilterChain.doFilter(FilterChainProxy.java:327)
	at org.springframework.security.web.access.ExceptionTranslationFilter.doFilter(ExceptionTranslationFilter.java:121)
	at org.springframework.security.web.access.ExceptionTranslationFilter.doFilter(ExceptionTranslationFilter.java:115)
	at org.springframework.security.web.FilterChainProxy$VirtualFilterChain.doFilter(FilterChainProxy.java:336)
	at org.springframework.security.web.session.SessionManagementFilter.doFilter(SessionManagementFilter.java:126)
	at org.springframework.security.web.session.SessionManagementFilter.doFilter(SessionManagementFilter.java:81)
	at org.springframework.security.web.FilterChainProxy$VirtualFilterChain.doFilter(FilterChainProxy.java:336)
	at org.springframework.security.web.authentication.AnonymousAuthenticationFilter.doFilter(AnonymousAuthenticationFilter.java:105)
	at org.springframework.security.web.FilterChainProxy$VirtualFilterChain.doFilter(FilterChainProxy.java:336)
	at org.springframework.security.web.servletapi.SecurityContextHolderAwareRequestFilter.doFilter(SecurityContextHolderAwareRequestFilter.java:149)
	at org.springframework.security.web.FilterChainProxy$VirtualFilterChain.doFilter(FilterChainProxy.java:336)
	at org.springframework.security.web.savedrequest.RequestCacheAwareFilter.doFilter(RequestCacheAwareFilter.java:63)
	at org.springframework.security.web.FilterChainProxy$VirtualFilterChain.doFilter(FilterChainProxy.java:336)
	at com.datn.doffice.config.security.JwtTokenFilter.doFilterInternal(JwtTokenFilter.java:59)
	at org.springframework.web.filter.OncePerRequestFilter.doFilter(OncePerRequestFilter.java:119)
	at org.springframework.security.web.FilterChainProxy$VirtualFilterChain.doFilter(FilterChainProxy.java:336)
	at org.springframework.security.web.authentication.logout.LogoutFilter.doFilter(LogoutFilter.java:103)
	at org.springframework.security.web.authentication.logout.LogoutFilter.doFilter(LogoutFilter.java:89)
	at org.springframework.security.web.FilterChainProxy$VirtualFilterChain.doFilter(FilterChainProxy.java:336)
	at org.springframework.security.web.csrf.CsrfFilter.doFilterInternal(CsrfFilter.java:117)
	at org.springframework.web.filter.OncePerRequestFilter.doFilter(OncePerRequestFilter.java:119)
	at org.springframework.security.web.FilterChainProxy$VirtualFilterChain.doFilter(FilterChainProxy.java:336)
	at org.springframework.web.filter.CorsFilter.doFilterInternal(CorsFilter.java:91)
	at org.springframework.web.filter.OncePerRequestFilter.doFilter(OncePerRequestFilter.java:119)
	at org.springframework.security.web.FilterChainProxy$VirtualFilterChain.doFilter(FilterChainProxy.java:336)
	at org.springframework.security.web.header.HeaderWriterFilter.doHeadersAfter(HeaderWriterFilter.java:90)
	at org.springframework.security.web.header.HeaderWriterFilter.doFilterInternal(HeaderWriterFilter.java:75)
	at org.springframework.web.filter.OncePerRequestFilter.doFilter(OncePerRequestFilter.java:119)
	at org.springframework.security.web.FilterChainProxy$VirtualFilterChain.doFilter(FilterChainProxy.java:336)
	at org.springframework.security.web.context.SecurityContextPersistenceFilter.doFilter(SecurityContextPersistenceFilter.java:110)
	at org.springframework.security.web.context.SecurityContextPersistenceFilter.doFilter(SecurityContextPersistenceFilter.java:80)
	at org.springframework.security.web.FilterChainProxy$VirtualFilterChain.doFilter(FilterChainProxy.java:336)
	at org.springframework.security.web.context.request.async.WebAsyncManagerIntegrationFilter.doFilterInternal(WebAsyncManagerIntegrationFilter.java:55)
	at org.springframework.web.filter.OncePerRequestFilter.doFilter(OncePerRequestFilter.java:119)
	at org.springframework.security.web.FilterChainProxy$VirtualFilterChain.doFilter(FilterChainProxy.java:336)
	at org.springframework.security.web.FilterChainProxy.doFilterInternal(FilterChainProxy.java:211)
	at org.springframework.security.web.FilterChainProxy.doFilter(FilterChainProxy.java:183)
	at org.springframework.web.filter.DelegatingFilterProxy.invokeDelegate(DelegatingFilterProxy.java:358)
	at org.springframework.web.filter.DelegatingFilterProxy.doFilter(DelegatingFilterProxy.java:271)
	at org.apache.catalina.core.ApplicationFilterChain.internalDoFilter(ApplicationFilterChain.java:189)
	at org.apache.catalina.core.ApplicationFilterChain.doFilter(ApplicationFilterChain.java:162)
	at org.springframework.web.filter.RequestContextFilter.doFilterInternal(RequestContextFilter.java:100)
	at org.springframework.web.filter.OncePerRequestFilter.doFilter(OncePerRequestFilter.java:119)
	at org.apache.catalina.core.ApplicationFilterChain.internalDoFilter(ApplicationFilterChain.java:189)
	at org.apache.catalina.core.ApplicationFilterChain.doFilter(ApplicationFilterChain.java:162)
	at org.springframework.web.filter.FormContentFilter.doFilterInternal(FormContentFilter.java:93)
	at org.springframework.web.filter.OncePerRequestFilter.doFilter(OncePerRequestFilter.java:119)
	at org.apache.catalina.core.ApplicationFilterChain.internalDoFilter(ApplicationFilterChain.java:189)
	at org.apache.catalina.core.ApplicationFilterChain.doFilter(ApplicationFilterChain.java:162)
	at org.springframework.web.filter.CharacterEncodingFilter.doFilterInternal(CharacterEncodingFilter.java:201)
	at org.springframework.web.filter.OncePerRequestFilter.doFilter(OncePerRequestFilter.java:119)
	at org.apache.catalina.core.ApplicationFilterChain.internalDoFilter(ApplicationFilterChain.java:189)
	at org.apache.catalina.core.ApplicationFilterChain.doFilter(ApplicationFilterChain.java:162)
	at org.apache.catalina.core.StandardWrapperValve.invoke(StandardWrapperValve.java:197)
	at org.apache.catalina.core.StandardContextValve.invoke(StandardContextValve.java:97)
	at org.apache.catalina.authenticator.AuthenticatorBase.invoke(AuthenticatorBase.java:540)
	at org.apache.catalina.core.StandardHostValve.invoke(StandardHostValve.java:135)
	at org.apache.catalina.valves.ErrorReportValve.invoke(ErrorReportValve.java:92)
	at org.apache.catalina.core.StandardEngineValve.invoke(StandardEngineValve.java:78)
	at org.apache.catalina.connector.CoyoteAdapter.service(CoyoteAdapter.java:357)
	at org.apache.coyote.http11.Http11Processor.service(Http11Processor.java:382)
	at org.apache.coyote.AbstractProcessorLight.process(AbstractProcessorLight.java:65)
	at org.apache.coyote.AbstractProtocol$ConnectionHandler.process(AbstractProtocol.java:895)
	at org.apache.tomcat.util.net.NioEndpoint$SocketProcessor.doRun(NioEndpoint.java:1722)
	at org.apache.tomcat.util.net.SocketProcessorBase.run(SocketProcessorBase.java:49)
	at org.apache.tomcat.util.threads.ThreadPoolExecutor.runWorker(ThreadPoolExecutor.java:1191)
	at org.apache.tomcat.util.threads.ThreadPoolExecutor$Worker.run(ThreadPoolExecutor.java:659)
	at org.apache.tomcat.util.threads.TaskThread$WrappingRunnable.run(TaskThread.java:61)
	at java.base/java.lang.Thread.run(Thread.java:831)
2021-12-16 19:45:37,193 ERROR com.datn.doffice.config.security.JwtAuthenticationController [http-nio-8091-exec-4] JWT strings must contain exactly 2 period characters. Found: 0
io.jsonwebtoken.MalformedJwtException: JWT strings must contain exactly 2 period characters. Found: 0
	at io.jsonwebtoken.impl.DefaultJwtParser.parse(DefaultJwtParser.java:235)
	at io.jsonwebtoken.impl.DefaultJwtParser.parse(DefaultJwtParser.java:481)
	at io.jsonwebtoken.impl.DefaultJwtParser.parseClaimsJws(DefaultJwtParser.java:541)
	at com.datn.doffice.config.security.JwtUtils.getAllClaimsFromToken(JwtUtils.java:29)
	at com.datn.doffice.config.security.JwtUtils.getClaimFromToken(JwtUtils.java:33)
	at com.datn.doffice.config.security.JwtUtils.getUsernameFromToken(JwtUtils.java:39)
	at com.datn.doffice.config.security.JwtAuthenticationController.validateToken(JwtAuthenticationController.java:51)
	at java.base/jdk.internal.reflect.NativeMethodAccessorImpl.invoke0(Native Method)
	at java.base/jdk.internal.reflect.NativeMethodAccessorImpl.invoke(NativeMethodAccessorImpl.java:78)
	at java.base/jdk.internal.reflect.DelegatingMethodAccessorImpl.invoke(DelegatingMethodAccessorImpl.java:43)
	at java.base/java.lang.reflect.Method.invoke(Method.java:567)
	at org.springframework.web.method.support.InvocableHandlerMethod.doInvoke(InvocableHandlerMethod.java:205)
	at org.springframework.web.method.support.InvocableHandlerMethod.invokeForRequest(InvocableHandlerMethod.java:150)
	at org.springframework.web.servlet.mvc.method.annotation.ServletInvocableHandlerMethod.invokeAndHandle(ServletInvocableHandlerMethod.java:117)
	at org.springframework.web.servlet.mvc.method.annotation.RequestMappingHandlerAdapter.invokeHandlerMethod(RequestMappingHandlerAdapter.java:895)
	at org.springframework.web.servlet.mvc.method.annotation.RequestMappingHandlerAdapter.handleInternal(RequestMappingHandlerAdapter.java:808)
	at org.springframework.web.servlet.mvc.method.AbstractHandlerMethodAdapter.handle(AbstractHandlerMethodAdapter.java:87)
	at org.springframework.web.servlet.DispatcherServlet.doDispatch(DispatcherServlet.java:1067)
	at org.springframework.web.servlet.DispatcherServlet.doService(DispatcherServlet.java:963)
	at org.springframework.web.servlet.FrameworkServlet.processRequest(FrameworkServlet.java:1006)
	at org.springframework.web.servlet.FrameworkServlet.doGet(FrameworkServlet.java:898)
	at javax.servlet.http.HttpServlet.service(HttpServlet.java:655)
	at org.springframework.web.servlet.FrameworkServlet.service(FrameworkServlet.java:883)
	at javax.servlet.http.HttpServlet.service(HttpServlet.java:764)
	at org.apache.catalina.core.ApplicationFilterChain.internalDoFilter(ApplicationFilterChain.java:227)
	at org.apache.catalina.core.ApplicationFilterChain.doFilter(ApplicationFilterChain.java:162)
	at org.apache.tomcat.websocket.server.WsFilter.doFilter(WsFilter.java:53)
	at org.apache.catalina.core.ApplicationFilterChain.internalDoFilter(ApplicationFilterChain.java:189)
	at org.apache.catalina.core.ApplicationFilterChain.doFilter(ApplicationFilterChain.java:162)
	at org.springframework.web.filter.OncePerRequestFilter.doFilter(OncePerRequestFilter.java:113)
	at org.apache.catalina.core.ApplicationFilterChain.internalDoFilter(ApplicationFilterChain.java:189)
	at org.apache.catalina.core.ApplicationFilterChain.doFilter(ApplicationFilterChain.java:162)
	at org.springframework.security.web.FilterChainProxy$VirtualFilterChain.doFilter(FilterChainProxy.java:327)
	at org.springframework.security.web.access.ExceptionTranslationFilter.doFilter(ExceptionTranslationFilter.java:121)
	at org.springframework.security.web.access.ExceptionTranslationFilter.doFilter(ExceptionTranslationFilter.java:115)
	at org.springframework.security.web.FilterChainProxy$VirtualFilterChain.doFilter(FilterChainProxy.java:336)
	at org.springframework.security.web.session.SessionManagementFilter.doFilter(SessionManagementFilter.java:126)
	at org.springframework.security.web.session.SessionManagementFilter.doFilter(SessionManagementFilter.java:81)
	at org.springframework.security.web.FilterChainProxy$VirtualFilterChain.doFilter(FilterChainProxy.java:336)
	at org.springframework.security.web.authentication.AnonymousAuthenticationFilter.doFilter(AnonymousAuthenticationFilter.java:105)
	at org.springframework.security.web.FilterChainProxy$VirtualFilterChain.doFilter(FilterChainProxy.java:336)
	at org.springframework.security.web.servletapi.SecurityContextHolderAwareRequestFilter.doFilter(SecurityContextHolderAwareRequestFilter.java:149)
	at org.springframework.security.web.FilterChainProxy$VirtualFilterChain.doFilter(FilterChainProxy.java:336)
	at org.springframework.security.web.savedrequest.RequestCacheAwareFilter.doFilter(RequestCacheAwareFilter.java:63)
	at org.springframework.security.web.FilterChainProxy$VirtualFilterChain.doFilter(FilterChainProxy.java:336)
	at com.datn.doffice.config.security.JwtTokenFilter.doFilterInternal(JwtTokenFilter.java:59)
	at org.springframework.web.filter.OncePerRequestFilter.doFilter(OncePerRequestFilter.java:119)
	at org.springframework.security.web.FilterChainProxy$VirtualFilterChain.doFilter(FilterChainProxy.java:336)
	at org.springframework.security.web.authentication.logout.LogoutFilter.doFilter(LogoutFilter.java:103)
	at org.springframework.security.web.authentication.logout.LogoutFilter.doFilter(LogoutFilter.java:89)
	at org.springframework.security.web.FilterChainProxy$VirtualFilterChain.doFilter(FilterChainProxy.java:336)
	at org.springframework.security.web.csrf.CsrfFilter.doFilterInternal(CsrfFilter.java:117)
	at org.springframework.web.filter.OncePerRequestFilter.doFilter(OncePerRequestFilter.java:119)
	at org.springframework.security.web.FilterChainProxy$VirtualFilterChain.doFilter(FilterChainProxy.java:336)
	at org.springframework.web.filter.CorsFilter.doFilterInternal(CorsFilter.java:91)
	at org.springframework.web.filter.OncePerRequestFilter.doFilter(OncePerRequestFilter.java:119)
	at org.springframework.security.web.FilterChainProxy$VirtualFilterChain.doFilter(FilterChainProxy.java:336)
	at org.springframework.security.web.header.HeaderWriterFilter.doHeadersAfter(HeaderWriterFilter.java:90)
	at org.springframework.security.web.header.HeaderWriterFilter.doFilterInternal(HeaderWriterFilter.java:75)
	at org.springframework.web.filter.OncePerRequestFilter.doFilter(OncePerRequestFilter.java:119)
	at org.springframework.security.web.FilterChainProxy$VirtualFilterChain.doFilter(FilterChainProxy.java:336)
	at org.springframework.security.web.context.SecurityContextPersistenceFilter.doFilter(SecurityContextPersistenceFilter.java:110)
	at org.springframework.security.web.context.SecurityContextPersistenceFilter.doFilter(SecurityContextPersistenceFilter.java:80)
	at org.springframework.security.web.FilterChainProxy$VirtualFilterChain.doFilter(FilterChainProxy.java:336)
	at org.springframework.security.web.context.request.async.WebAsyncManagerIntegrationFilter.doFilterInternal(WebAsyncManagerIntegrationFilter.java:55)
	at org.springframework.web.filter.OncePerRequestFilter.doFilter(OncePerRequestFilter.java:119)
	at org.springframework.security.web.FilterChainProxy$VirtualFilterChain.doFilter(FilterChainProxy.java:336)
	at org.springframework.security.web.FilterChainProxy.doFilterInternal(FilterChainProxy.java:211)
	at org.springframework.security.web.FilterChainProxy.doFilter(FilterChainProxy.java:183)
	at org.springframework.web.filter.DelegatingFilterProxy.invokeDelegate(DelegatingFilterProxy.java:358)
	at org.springframework.web.filter.DelegatingFilterProxy.doFilter(DelegatingFilterProxy.java:271)
	at org.apache.catalina.core.ApplicationFilterChain.internalDoFilter(ApplicationFilterChain.java:189)
	at org.apache.catalina.core.ApplicationFilterChain.doFilter(ApplicationFilterChain.java:162)
	at org.springframework.web.filter.RequestContextFilter.doFilterInternal(RequestContextFilter.java:100)
	at org.springframework.web.filter.OncePerRequestFilter.doFilter(OncePerRequestFilter.java:119)
	at org.apache.catalina.core.ApplicationFilterChain.internalDoFilter(ApplicationFilterChain.java:189)
	at org.apache.catalina.core.ApplicationFilterChain.doFilter(ApplicationFilterChain.java:162)
	at org.springframework.web.filter.FormContentFilter.doFilterInternal(FormContentFilter.java:93)
	at org.springframework.web.filter.OncePerRequestFilter.doFilter(OncePerRequestFilter.java:119)
	at org.apache.catalina.core.ApplicationFilterChain.internalDoFilter(ApplicationFilterChain.java:189)
	at org.apache.catalina.core.ApplicationFilterChain.doFilter(ApplicationFilterChain.java:162)
	at org.springframework.web.filter.CharacterEncodingFilter.doFilterInternal(CharacterEncodingFilter.java:201)
	at org.springframework.web.filter.OncePerRequestFilter.doFilter(OncePerRequestFilter.java:119)
	at org.apache.catalina.core.ApplicationFilterChain.internalDoFilter(ApplicationFilterChain.java:189)
	at org.apache.catalina.core.ApplicationFilterChain.doFilter(ApplicationFilterChain.java:162)
	at org.apache.catalina.core.StandardWrapperValve.invoke(StandardWrapperValve.java:197)
	at org.apache.catalina.core.StandardContextValve.invoke(StandardContextValve.java:97)
	at org.apache.catalina.authenticator.AuthenticatorBase.invoke(AuthenticatorBase.java:540)
	at org.apache.catalina.core.StandardHostValve.invoke(StandardHostValve.java:135)
	at org.apache.catalina.valves.ErrorReportValve.invoke(ErrorReportValve.java:92)
	at org.apache.catalina.core.StandardEngineValve.invoke(StandardEngineValve.java:78)
	at org.apache.catalina.connector.CoyoteAdapter.service(CoyoteAdapter.java:357)
	at org.apache.coyote.http11.Http11Processor.service(Http11Processor.java:382)
	at org.apache.coyote.AbstractProcessorLight.process(AbstractProcessorLight.java:65)
	at org.apache.coyote.AbstractProtocol$ConnectionHandler.process(AbstractProtocol.java:895)
	at org.apache.tomcat.util.net.NioEndpoint$SocketProcessor.doRun(NioEndpoint.java:1722)
	at org.apache.tomcat.util.net.SocketProcessorBase.run(SocketProcessorBase.java:49)
	at org.apache.tomcat.util.threads.ThreadPoolExecutor.runWorker(ThreadPoolExecutor.java:1191)
	at org.apache.tomcat.util.threads.ThreadPoolExecutor$Worker.run(ThreadPoolExecutor.java:659)
	at org.apache.tomcat.util.threads.TaskThread$WrappingRunnable.run(TaskThread.java:61)
	at java.base/java.lang.Thread.run(Thread.java:831)
2021-12-16 19:45:54,053 INFO com.mongodb.diagnostics.logging.SLF4JLogger [http-nio-8091-exec-8] Opened connection [connectionId{localValue:3, serverValue:14634}] to 178.128.19.31:27017
2021-12-16 19:45:54,674 INFO com.datn.doffice.utils.ResponseUtil [http-nio-8091-exec-10] RequestNotFoundException
2021-12-16 19:47:07,118 INFO com.mongodb.diagnostics.logging.SLF4JLogger [http-nio-8091-exec-10] Opened connection [connectionId{localValue:4, serverValue:14650}] to 178.128.19.31:27017
2021-12-16 19:47:08,221 INFO com.datn.doffice.utils.ResponseUtil [http-nio-8091-exec-3] RequestNotFoundException
2021-12-16 19:47:15,154 INFO com.mongodb.diagnostics.logging.SLF4JLogger [http-nio-8091-exec-6] Opened connection [connectionId{localValue:5, serverValue:14651}] to 178.128.19.31:27017
2021-12-16 19:47:15,180 INFO com.mongodb.diagnostics.logging.SLF4JLogger [http-nio-8091-exec-5] Opened connection [connectionId{localValue:6, serverValue:14652}] to 178.128.19.31:27017
2021-12-16 19:47:15,181 INFO com.mongodb.diagnostics.logging.SLF4JLogger [http-nio-8091-exec-7] Opened connection [connectionId{localValue:7, serverValue:14653}] to 178.128.19.31:27017
2021-12-16 19:48:10,513 INFO com.mongodb.diagnostics.logging.SLF4JLogger [http-nio-8091-exec-10] Opened connection [connectionId{localValue:8, serverValue:14654}] to 178.128.19.31:27017
2021-12-16 19:55:05,074 INFO org.springframework.boot.StartupInfoLogger [restartedMain] Starting DigitalOfficeBackendApplication using Java 16.0.1 on HaLinhPC with PID 8044 (D:\PTIT\DATN\digital-office-backend\target\classes started by linh in D:\PTIT\DATN\digital-office-backend)
2021-12-16 19:55:05,074 DEBUG org.springframework.boot.StartupInfoLogger [restartedMain] Running with Spring Boot v2.5.6, Spring v5.3.12
2021-12-16 19:55:05,074 INFO org.springframework.boot.SpringApplication [restartedMain] No active profile set, falling back to default profiles: default
2021-12-16 19:55:05,576 INFO org.springframework.data.repository.config.RepositoryConfigurationDelegate [restartedMain] Multiple Spring Data modules found, entering strict repository configuration mode!
2021-12-16 19:55:05,576 INFO org.springframework.data.repository.config.RepositoryConfigurationDelegate [restartedMain] Bootstrapping Spring Data MongoDB repositories in DEFAULT mode.
2021-12-16 19:55:05,578 INFO org.springframework.data.repository.config.RepositoryConfigurationDelegate [restartedMain] Finished Spring Data repository scanning in 1 ms. Found 0 MongoDB repository interfaces.
2021-12-16 19:55:05,624 INFO org.springframework.data.repository.config.RepositoryConfigurationDelegate [restartedMain] Multiple Spring Data modules found, entering strict repository configuration mode!
2021-12-16 19:55:05,624 INFO org.springframework.data.repository.config.RepositoryConfigurationDelegate [restartedMain] Bootstrapping Spring Data Redis repositories in DEFAULT mode.
2021-12-16 19:55:05,639 INFO org.springframework.data.repository.config.RepositoryConfigurationDelegate [restartedMain] Finished Spring Data repository scanning in 14 ms. Found 0 Redis repository interfaces.
2021-12-16 19:55:05,703 INFO org.springframework.context.support.PostProcessorRegistrationDelegate$BeanPostProcessorChecker [restartedMain] Bean 'org.springframework.security.access.expression.method.DefaultMethodSecurityExpressionHandler@41090971' of type [org.springframework.security.access.expression.method.DefaultMethodSecurityExpressionHandler] is not eligible for getting processed by all BeanPostProcessors (for example: not eligible for auto-proxying)
2021-12-16 19:55:05,705 INFO org.springframework.context.support.PostProcessorRegistrationDelegate$BeanPostProcessorChecker [restartedMain] Bean 'methodSecurityMetadataSource' of type [org.springframework.security.access.method.DelegatingMethodSecurityMetadataSource] is not eligible for getting processed by all BeanPostProcessors (for example: not eligible for auto-proxying)
2021-12-16 19:55:05,779 INFO org.springframework.boot.web.embedded.tomcat.TomcatWebServer [restartedMain] Tomcat initialized with port(s): 8091 (http)
2021-12-16 19:55:05,779 INFO org.apache.juli.logging.DirectJDKLog [restartedMain] Initializing ProtocolHandler ["http-nio-8091"]
2021-12-16 19:55:05,780 INFO org.apache.juli.logging.DirectJDKLog [restartedMain] Starting service [Tomcat]
2021-12-16 19:55:05,788 INFO org.apache.juli.logging.DirectJDKLog [restartedMain] Starting Servlet engine: [Apache Tomcat/9.0.54]
2021-12-16 19:55:05,815 INFO org.apache.juli.logging.DirectJDKLog [restartedMain] Initializing Spring embedded WebApplicationContext
2021-12-16 19:55:05,816 INFO org.springframework.boot.web.servlet.context.ServletWebServerApplicationContext [restartedMain] Root WebApplicationContext: initialization completed in 729 ms
2021-12-16 19:55:05,841 INFO com.mongodb.diagnostics.logging.SLF4JLogger [restartedMain] Cluster created with settings {hosts=[178.128.19.31:27017], mode=SINGLE, requiredClusterType=UNKNOWN, serverSelectionTimeout='30000 ms'}
2021-12-16 19:55:05,931 INFO com.mongodb.diagnostics.logging.SLF4JLogger [cluster-ClusterId{value='61bb3729cbc0bd03b5671afa', description='null'}-178.128.19.31:27017] Opened connection [connectionId{localValue:9, serverValue:14655}] to 178.128.19.31:27017
2021-12-16 19:55:05,931 INFO com.mongodb.diagnostics.logging.SLF4JLogger [cluster-ClusterId{value='61bb3729cbc0bd03b5671afa', description='null'}-178.128.19.31:27017] Monitor thread successfully connected to server with description ServerDescription{address=178.128.19.31:27017, type=REPLICA_SET_PRIMARY, state=CONNECTED, ok=true, minWireVersion=0, maxWireVersion=9, maxDocumentSize=16777216, logicalSessionTimeoutMinutes=30, roundTripTimeNanos=44578300, setName='reps0', canonicalAddress=127.0.0.1:27017, hosts=[127.0.0.1:27017], passives=[], arbiters=[], primary='127.0.0.1:27017', tagSet=TagSet{[]}, electionId=7fffffff000000000000000e, setVersion=1, topologyVersion=TopologyVersion{processId=61824065b32f7a93cc0ee417, counter=6}, lastWriteDate=Thu Dec 16 19:55:03 ICT 2021, lastUpdateTimeNanos=1671738147200}
2021-12-16 19:55:05,942 INFO com.mongodb.diagnostics.logging.SLF4JLogger [cluster-rtt-ClusterId{value='61bb3729cbc0bd03b5671afa', description='null'}-178.128.19.31:27017] Opened connection [connectionId{localValue:10, serverValue:14656}] to 178.128.19.31:27017
2021-12-16 19:55:06,042 DEBUG org.springframework.web.filter.GenericFilterBean [restartedMain] Filter 'jwtTokenFilter' configured for use
2021-12-16 19:55:06,309 INFO org.springframework.security.web.DefaultSecurityFilterChain [restartedMain] Will secure any request with [org.springframework.security.web.context.request.async.WebAsyncManagerIntegrationFilter@73014930, org.springframework.security.web.context.SecurityContextPersistenceFilter@1315e89c, org.springframework.security.web.header.HeaderWriterFilter@39da620c, org.springframework.web.filter.CorsFilter@7dadbc74, org.springframework.security.web.csrf.CsrfFilter@4cb50103, org.springframework.security.web.authentication.logout.LogoutFilter@354d8821, com.datn.doffice.config.security.JwtTokenFilter@7b98b570, org.springframework.security.web.savedrequest.RequestCacheAwareFilter@42ec70e, org.springframework.security.web.servletapi.SecurityContextHolderAwareRequestFilter@6e8e1f85, org.springframework.security.web.authentication.AnonymousAuthenticationFilter@24782f60, org.springframework.security.web.session.SessionManagementFilter@77cc427f, org.springframework.security.web.access.ExceptionTranslationFilter@2fe70971]
2021-12-16 19:55:06,546 INFO org.springframework.boot.devtools.autoconfigure.OptionalLiveReloadServer [restartedMain] LiveReload server is running on port 35729
2021-12-16 19:55:06,557 INFO org.apache.juli.logging.DirectJDKLog [restartedMain] Starting ProtocolHandler ["http-nio-8091"]
2021-12-16 19:55:06,566 INFO org.springframework.boot.web.embedded.tomcat.TomcatWebServer [restartedMain] Tomcat started on port(s): 8091 (http) with context path ''
2021-12-16 19:55:06,576 INFO org.springframework.boot.StartupInfoLogger [restartedMain] Started DigitalOfficeBackendApplication in 1.556 seconds (JVM running for 685.158)
2021-12-16 19:55:06,580 INFO org.springframework.boot.devtools.autoconfigure.ConditionEvaluationDeltaLoggingListener [restartedMain] Condition evaluation unchanged
2021-12-16 19:55:09,687 INFO org.springframework.boot.StartupInfoLogger [restartedMain] Starting DigitalOfficeBackendApplication using Java 16.0.1 on HaLinhPC with PID 8044 (D:\PTIT\DATN\digital-office-backend\target\classes started by linh in D:\PTIT\DATN\digital-office-backend)
2021-12-16 19:55:09,688 DEBUG org.springframework.boot.StartupInfoLogger [restartedMain] Running with Spring Boot v2.5.6, Spring v5.3.12
2021-12-16 19:55:09,688 INFO org.springframework.boot.SpringApplication [restartedMain] No active profile set, falling back to default profiles: default
2021-12-16 19:55:09,861 INFO org.springframework.data.repository.config.RepositoryConfigurationDelegate [restartedMain] Multiple Spring Data modules found, entering strict repository configuration mode!
2021-12-16 19:55:09,861 INFO org.springframework.data.repository.config.RepositoryConfigurationDelegate [restartedMain] Bootstrapping Spring Data MongoDB repositories in DEFAULT mode.
2021-12-16 19:55:09,862 INFO org.springframework.data.repository.config.RepositoryConfigurationDelegate [restartedMain] Finished Spring Data repository scanning in 1 ms. Found 0 MongoDB repository interfaces.
2021-12-16 19:55:09,903 INFO org.springframework.data.repository.config.RepositoryConfigurationDelegate [restartedMain] Multiple Spring Data modules found, entering strict repository configuration mode!
2021-12-16 19:55:09,903 INFO org.springframework.data.repository.config.RepositoryConfigurationDelegate [restartedMain] Bootstrapping Spring Data Redis repositories in DEFAULT mode.
2021-12-16 19:55:09,920 INFO org.springframework.data.repository.config.RepositoryConfigurationDelegate [restartedMain] Finished Spring Data repository scanning in 16 ms. Found 0 Redis repository interfaces.
2021-12-16 19:55:09,990 INFO org.springframework.context.support.PostProcessorRegistrationDelegate$BeanPostProcessorChecker [restartedMain] Bean 'org.springframework.security.access.expression.method.DefaultMethodSecurityExpressionHandler@1208572b' of type [org.springframework.security.access.expression.method.DefaultMethodSecurityExpressionHandler] is not eligible for getting processed by all BeanPostProcessors (for example: not eligible for auto-proxying)
2021-12-16 19:55:09,992 INFO org.springframework.context.support.PostProcessorRegistrationDelegate$BeanPostProcessorChecker [restartedMain] Bean 'methodSecurityMetadataSource' of type [org.springframework.security.access.method.DelegatingMethodSecurityMetadataSource] is not eligible for getting processed by all BeanPostProcessors (for example: not eligible for auto-proxying)
2021-12-16 19:55:10,051 INFO org.springframework.boot.web.embedded.tomcat.TomcatWebServer [restartedMain] Tomcat initialized with port(s): 8091 (http)
2021-12-16 19:55:10,052 INFO org.apache.juli.logging.DirectJDKLog [restartedMain] Initializing ProtocolHandler ["http-nio-8091"]
2021-12-16 19:55:10,052 INFO org.apache.juli.logging.DirectJDKLog [restartedMain] Starting service [Tomcat]
2021-12-16 19:55:10,053 INFO org.apache.juli.logging.DirectJDKLog [restartedMain] Starting Servlet engine: [Apache Tomcat/9.0.54]
2021-12-16 19:55:10,072 INFO org.apache.juli.logging.DirectJDKLog [restartedMain] Initializing Spring embedded WebApplicationContext
2021-12-16 19:55:10,072 INFO org.springframework.boot.web.servlet.context.ServletWebServerApplicationContext [restartedMain] Root WebApplicationContext: initialization completed in 382 ms
2021-12-16 19:55:10,085 INFO com.mongodb.diagnostics.logging.SLF4JLogger [restartedMain] Cluster created with settings {hosts=[178.128.19.31:27017], mode=SINGLE, requiredClusterType=UNKNOWN, serverSelectionTimeout='30000 ms'}
2021-12-16 19:55:10,171 INFO com.mongodb.diagnostics.logging.SLF4JLogger [cluster-ClusterId{value='61bb372ecbc0bd03b5671afb', description='null'}-178.128.19.31:27017] Opened connection [connectionId{localValue:11, serverValue:14657}] to 178.128.19.31:27017
2021-12-16 19:55:10,171 INFO com.mongodb.diagnostics.logging.SLF4JLogger [cluster-ClusterId{value='61bb372ecbc0bd03b5671afb', description='null'}-178.128.19.31:27017] Monitor thread successfully connected to server with description ServerDescription{address=178.128.19.31:27017, type=REPLICA_SET_PRIMARY, state=CONNECTED, ok=true, minWireVersion=0, maxWireVersion=9, maxDocumentSize=16777216, logicalSessionTimeoutMinutes=30, roundTripTimeNanos=48630700, setName='reps0', canonicalAddress=127.0.0.1:27017, hosts=[127.0.0.1:27017], passives=[], arbiters=[], primary='127.0.0.1:27017', tagSet=TagSet{[]}, electionId=7fffffff000000000000000e, setVersion=1, topologyVersion=TopologyVersion{processId=61824065b32f7a93cc0ee417, counter=6}, lastWriteDate=Thu Dec 16 19:55:03 ICT 2021, lastUpdateTimeNanos=1675978622800}
2021-12-16 19:55:10,186 INFO com.mongodb.diagnostics.logging.SLF4JLogger [cluster-rtt-ClusterId{value='61bb372ecbc0bd03b5671afb', description='null'}-178.128.19.31:27017] Opened connection [connectionId{localValue:12, serverValue:14658}] to 178.128.19.31:27017
2021-12-16 19:55:10,223 DEBUG org.springframework.web.filter.GenericFilterBean [restartedMain] Filter 'jwtTokenFilter' configured for use
2021-12-16 19:55:10,432 INFO org.springframework.security.web.DefaultSecurityFilterChain [restartedMain] Will secure any request with [org.springframework.security.web.context.request.async.WebAsyncManagerIntegrationFilter@14c5040a, org.springframework.security.web.context.SecurityContextPersistenceFilter@510b5b09, org.springframework.security.web.header.HeaderWriterFilter@40344623, org.springframework.web.filter.CorsFilter@7371d2cc, org.springframework.security.web.csrf.CsrfFilter@109dc3ae, org.springframework.security.web.authentication.logout.LogoutFilter@12b0896a, com.datn.doffice.config.security.JwtTokenFilter@7bcab1a2, org.springframework.security.web.savedrequest.RequestCacheAwareFilter@b11bc5a, org.springframework.security.web.servletapi.SecurityContextHolderAwareRequestFilter@29a9cf59, org.springframework.security.web.authentication.AnonymousAuthenticationFilter@6184261c, org.springframework.security.web.session.SessionManagementFilter@2f756dfa, org.springframework.security.web.access.ExceptionTranslationFilter@2ac119e1]
2021-12-16 19:55:10,609 INFO org.springframework.boot.devtools.autoconfigure.OptionalLiveReloadServer [restartedMain] LiveReload server is running on port 35729
2021-12-16 19:55:10,617 INFO org.apache.juli.logging.DirectJDKLog [restartedMain] Starting ProtocolHandler ["http-nio-8091"]
2021-12-16 19:55:10,620 INFO org.springframework.boot.web.embedded.tomcat.TomcatWebServer [restartedMain] Tomcat started on port(s): 8091 (http) with context path ''
2021-12-16 19:55:10,630 INFO org.springframework.boot.StartupInfoLogger [restartedMain] Started DigitalOfficeBackendApplication in 0.973 seconds (JVM running for 689.212)
2021-12-16 19:55:10,632 INFO org.springframework.boot.devtools.autoconfigure.ConditionEvaluationDeltaLoggingListener [restartedMain] Condition evaluation unchanged
2021-12-16 19:55:25,477 INFO org.springframework.boot.StartupInfoLogger [restartedMain] Starting DigitalOfficeBackendApplication using Java 16.0.1 on HaLinhPC with PID 8044 (D:\PTIT\DATN\digital-office-backend\target\classes started by linh in D:\PTIT\DATN\digital-office-backend)
2021-12-16 19:55:25,477 DEBUG org.springframework.boot.StartupInfoLogger [restartedMain] Running with Spring Boot v2.5.6, Spring v5.3.12
2021-12-16 19:55:25,477 INFO org.springframework.boot.SpringApplication [restartedMain] No active profile set, falling back to default profiles: default
2021-12-16 19:55:25,643 INFO org.springframework.data.repository.config.RepositoryConfigurationDelegate [restartedMain] Multiple Spring Data modules found, entering strict repository configuration mode!
2021-12-16 19:55:25,643 INFO org.springframework.data.repository.config.RepositoryConfigurationDelegate [restartedMain] Bootstrapping Spring Data MongoDB repositories in DEFAULT mode.
2021-12-16 19:55:25,645 INFO org.springframework.data.repository.config.RepositoryConfigurationDelegate [restartedMain] Finished Spring Data repository scanning in 1 ms. Found 0 MongoDB repository interfaces.
2021-12-16 19:55:25,675 INFO org.springframework.data.repository.config.RepositoryConfigurationDelegate [restartedMain] Multiple Spring Data modules found, entering strict repository configuration mode!
2021-12-16 19:55:25,676 INFO org.springframework.data.repository.config.RepositoryConfigurationDelegate [restartedMain] Bootstrapping Spring Data Redis repositories in DEFAULT mode.
2021-12-16 19:55:25,686 INFO org.springframework.data.repository.config.RepositoryConfigurationDelegate [restartedMain] Finished Spring Data repository scanning in 10 ms. Found 0 Redis repository interfaces.
2021-12-16 19:55:25,739 INFO org.springframework.context.support.PostProcessorRegistrationDelegate$BeanPostProcessorChecker [restartedMain] Bean 'org.springframework.security.access.expression.method.DefaultMethodSecurityExpressionHandler@2d1484ca' of type [org.springframework.security.access.expression.method.DefaultMethodSecurityExpressionHandler] is not eligible for getting processed by all BeanPostProcessors (for example: not eligible for auto-proxying)
2021-12-16 19:55:25,741 INFO org.springframework.context.support.PostProcessorRegistrationDelegate$BeanPostProcessorChecker [restartedMain] Bean 'methodSecurityMetadataSource' of type [org.springframework.security.access.method.DelegatingMethodSecurityMetadataSource] is not eligible for getting processed by all BeanPostProcessors (for example: not eligible for auto-proxying)
2021-12-16 19:55:25,796 INFO org.springframework.boot.web.embedded.tomcat.TomcatWebServer [restartedMain] Tomcat initialized with port(s): 8091 (http)
2021-12-16 19:55:25,797 INFO org.apache.juli.logging.DirectJDKLog [restartedMain] Initializing ProtocolHandler ["http-nio-8091"]
2021-12-16 19:55:25,797 INFO org.apache.juli.logging.DirectJDKLog [restartedMain] Starting service [Tomcat]
2021-12-16 19:55:25,797 INFO org.apache.juli.logging.DirectJDKLog [restartedMain] Starting Servlet engine: [Apache Tomcat/9.0.54]
2021-12-16 19:55:25,821 INFO org.apache.juli.logging.DirectJDKLog [restartedMain] Initializing Spring embedded WebApplicationContext
2021-12-16 19:55:25,821 INFO org.springframework.boot.web.servlet.context.ServletWebServerApplicationContext [restartedMain] Root WebApplicationContext: initialization completed in 341 ms
2021-12-16 19:55:25,838 INFO com.mongodb.diagnostics.logging.SLF4JLogger [restartedMain] Cluster created with settings {hosts=[178.128.19.31:27017], mode=SINGLE, requiredClusterType=UNKNOWN, serverSelectionTimeout='30000 ms'}
2021-12-16 19:55:25,941 INFO com.mongodb.diagnostics.logging.SLF4JLogger [cluster-ClusterId{value='61bb373dcbc0bd03b5671afc', description='null'}-178.128.19.31:27017] Opened connection [connectionId{localValue:13, serverValue:14660}] to 178.128.19.31:27017
2021-12-16 19:55:25,941 INFO com.mongodb.diagnostics.logging.SLF4JLogger [cluster-rtt-ClusterId{value='61bb373dcbc0bd03b5671afc', description='null'}-178.128.19.31:27017] Opened connection [connectionId{localValue:14, serverValue:14659}] to 178.128.19.31:27017
2021-12-16 19:55:25,941 INFO com.mongodb.diagnostics.logging.SLF4JLogger [cluster-ClusterId{value='61bb373dcbc0bd03b5671afc', description='null'}-178.128.19.31:27017] Monitor thread successfully connected to server with description ServerDescription{address=178.128.19.31:27017, type=REPLICA_SET_PRIMARY, state=CONNECTED, ok=true, minWireVersion=0, maxWireVersion=9, maxDocumentSize=16777216, logicalSessionTimeoutMinutes=30, roundTripTimeNanos=51687600, setName='reps0', canonicalAddress=127.0.0.1:27017, hosts=[127.0.0.1:27017], passives=[], arbiters=[], primary='127.0.0.1:27017', tagSet=TagSet{[]}, electionId=7fffffff000000000000000e, setVersion=1, topologyVersion=TopologyVersion{processId=61824065b32f7a93cc0ee417, counter=6}, lastWriteDate=Thu Dec 16 19:55:23 ICT 2021, lastUpdateTimeNanos=1691748193800}
2021-12-16 19:55:25,984 DEBUG org.springframework.web.filter.GenericFilterBean [restartedMain] Filter 'jwtTokenFilter' configured for use
2021-12-16 19:55:26,216 INFO org.springframework.security.web.DefaultSecurityFilterChain [restartedMain] Will secure any request with [org.springframework.security.web.context.request.async.WebAsyncManagerIntegrationFilter@4522def1, org.springframework.security.web.context.SecurityContextPersistenceFilter@383efdb1, org.springframework.security.web.header.HeaderWriterFilter@6901cc5d, org.springframework.web.filter.CorsFilter@287aef0b, org.springframework.security.web.csrf.CsrfFilter@5030c165, org.springframework.security.web.authentication.logout.LogoutFilter@6db2aee3, com.datn.doffice.config.security.JwtTokenFilter@38cf1414, org.springframework.security.web.savedrequest.RequestCacheAwareFilter@32535d71, org.springframework.security.web.servletapi.SecurityContextHolderAwareRequestFilter@55570c42, org.springframework.security.web.authentication.AnonymousAuthenticationFilter@7ae5abea, org.springframework.security.web.session.SessionManagementFilter@242a648e, org.springframework.security.web.access.ExceptionTranslationFilter@11237887]
2021-12-16 19:55:26,390 INFO org.springframework.boot.devtools.autoconfigure.OptionalLiveReloadServer [restartedMain] LiveReload server is running on port 35729
2021-12-16 19:55:26,400 INFO org.apache.juli.logging.DirectJDKLog [restartedMain] Starting ProtocolHandler ["http-nio-8091"]
2021-12-16 19:55:26,403 INFO org.springframework.boot.web.embedded.tomcat.TomcatWebServer [restartedMain] Tomcat started on port(s): 8091 (http) with context path ''
2021-12-16 19:55:26,413 INFO org.springframework.boot.StartupInfoLogger [restartedMain] Started DigitalOfficeBackendApplication in 0.967 seconds (JVM running for 704.995)
2021-12-16 19:55:26,415 INFO org.springframework.boot.devtools.autoconfigure.ConditionEvaluationDeltaLoggingListener [restartedMain] Condition evaluation unchanged
2021-12-16 19:55:46,987 INFO org.springframework.boot.StartupInfoLogger [restartedMain] Starting DigitalOfficeBackendApplication using Java 16.0.1 on HaLinhPC with PID 8044 (D:\PTIT\DATN\digital-office-backend\target\classes started by linh in D:\PTIT\DATN\digital-office-backend)
2021-12-16 19:55:46,988 DEBUG org.springframework.boot.StartupInfoLogger [restartedMain] Running with Spring Boot v2.5.6, Spring v5.3.12
2021-12-16 19:55:46,988 INFO org.springframework.boot.SpringApplication [restartedMain] No active profile set, falling back to default profiles: default
2021-12-16 19:55:47,270 INFO org.springframework.data.repository.config.RepositoryConfigurationDelegate [restartedMain] Multiple Spring Data modules found, entering strict repository configuration mode!
2021-12-16 19:55:47,271 INFO org.springframework.data.repository.config.RepositoryConfigurationDelegate [restartedMain] Bootstrapping Spring Data MongoDB repositories in DEFAULT mode.
2021-12-16 19:55:47,274 INFO org.springframework.data.repository.config.RepositoryConfigurationDelegate [restartedMain] Finished Spring Data repository scanning in 3 ms. Found 0 MongoDB repository interfaces.
2021-12-16 19:55:47,318 INFO org.springframework.data.repository.config.RepositoryConfigurationDelegate [restartedMain] Multiple Spring Data modules found, entering strict repository configuration mode!
2021-12-16 19:55:47,318 INFO org.springframework.data.repository.config.RepositoryConfigurationDelegate [restartedMain] Bootstrapping Spring Data Redis repositories in DEFAULT mode.
2021-12-16 19:55:47,332 INFO org.springframework.data.repository.config.RepositoryConfigurationDelegate [restartedMain] Finished Spring Data repository scanning in 13 ms. Found 0 Redis repository interfaces.
2021-12-16 19:55:47,422 INFO org.springframework.context.support.PostProcessorRegistrationDelegate$BeanPostProcessorChecker [restartedMain] Bean 'org.springframework.security.access.expression.method.DefaultMethodSecurityExpressionHandler@37ddb44' of type [org.springframework.security.access.expression.method.DefaultMethodSecurityExpressionHandler] is not eligible for getting processed by all BeanPostProcessors (for example: not eligible for auto-proxying)
2021-12-16 19:55:47,425 INFO org.springframework.context.support.PostProcessorRegistrationDelegate$BeanPostProcessorChecker [restartedMain] Bean 'methodSecurityMetadataSource' of type [org.springframework.security.access.method.DelegatingMethodSecurityMetadataSource] is not eligible for getting processed by all BeanPostProcessors (for example: not eligible for auto-proxying)
2021-12-16 19:55:47,601 INFO org.springframework.boot.web.embedded.tomcat.TomcatWebServer [restartedMain] Tomcat initialized with port(s): 8091 (http)
2021-12-16 19:55:47,602 INFO org.apache.juli.logging.DirectJDKLog [restartedMain] Initializing ProtocolHandler ["http-nio-8091"]
2021-12-16 19:55:47,603 INFO org.apache.juli.logging.DirectJDKLog [restartedMain] Starting service [Tomcat]
2021-12-16 19:55:47,603 INFO org.apache.juli.logging.DirectJDKLog [restartedMain] Starting Servlet engine: [Apache Tomcat/9.0.54]
2021-12-16 19:55:47,637 INFO org.apache.juli.logging.DirectJDKLog [restartedMain] Initializing Spring embedded WebApplicationContext
2021-12-16 19:55:47,638 INFO org.springframework.boot.web.servlet.context.ServletWebServerApplicationContext [restartedMain] Root WebApplicationContext: initialization completed in 646 ms
2021-12-16 19:55:47,655 INFO com.mongodb.diagnostics.logging.SLF4JLogger [restartedMain] Cluster created with settings {hosts=[178.128.19.31:27017], mode=SINGLE, requiredClusterType=UNKNOWN, serverSelectionTimeout='30000 ms'}
2021-12-16 19:55:47,729 INFO com.mongodb.diagnostics.logging.SLF4JLogger [cluster-rtt-ClusterId{value='61bb3753cbc0bd03b5671afd', description='null'}-178.128.19.31:27017] Opened connection [connectionId{localValue:16, serverValue:14661}] to 178.128.19.31:27017
2021-12-16 19:55:47,764 INFO com.mongodb.diagnostics.logging.SLF4JLogger [cluster-ClusterId{value='61bb3753cbc0bd03b5671afd', description='null'}-178.128.19.31:27017] Opened connection [connectionId{localValue:15, serverValue:14662}] to 178.128.19.31:27017
2021-12-16 19:55:47,764 INFO com.mongodb.diagnostics.logging.SLF4JLogger [cluster-ClusterId{value='61bb3753cbc0bd03b5671afd', description='null'}-178.128.19.31:27017] Monitor thread successfully connected to server with description ServerDescription{address=178.128.19.31:27017, type=REPLICA_SET_PRIMARY, state=CONNECTED, ok=true, minWireVersion=0, maxWireVersion=9, maxDocumentSize=16777216, logicalSessionTimeoutMinutes=30, roundTripTimeNanos=49752800, setName='reps0', canonicalAddress=127.0.0.1:27017, hosts=[127.0.0.1:27017], passives=[], arbiters=[], primary='127.0.0.1:27017', tagSet=TagSet{[]}, electionId=7fffffff000000000000000e, setVersion=1, topologyVersion=TopologyVersion{processId=61824065b32f7a93cc0ee417, counter=6}, lastWriteDate=Thu Dec 16 19:55:43 ICT 2021, lastUpdateTimeNanos=1713571330600}
2021-12-16 19:55:47,860 DEBUG org.springframework.web.filter.GenericFilterBean [restartedMain] Filter 'jwtTokenFilter' configured for use
2021-12-16 19:55:48,098 INFO org.springframework.security.web.DefaultSecurityFilterChain [restartedMain] Will secure any request with [org.springframework.security.web.context.request.async.WebAsyncManagerIntegrationFilter@5d668c8c, org.springframework.security.web.context.SecurityContextPersistenceFilter@381d1f16, org.springframework.security.web.header.HeaderWriterFilter@194e4539, org.springframework.web.filter.CorsFilter@43d19645, org.springframework.security.web.csrf.CsrfFilter@54b88f2c, org.springframework.security.web.authentication.logout.LogoutFilter@4f0fada3, com.datn.doffice.config.security.JwtTokenFilter@24ca2c80, org.springframework.security.web.savedrequest.RequestCacheAwareFilter@b233b1d, org.springframework.security.web.servletapi.SecurityContextHolderAwareRequestFilter@60afc0cd, org.springframework.security.web.authentication.AnonymousAuthenticationFilter@b040fde, org.springframework.security.web.session.SessionManagementFilter@3039ea77, org.springframework.security.web.access.ExceptionTranslationFilter@77789ea6]
2021-12-16 19:55:48,276 INFO org.springframework.boot.devtools.autoconfigure.OptionalLiveReloadServer [restartedMain] LiveReload server is running on port 35729
2021-12-16 19:55:48,285 INFO org.apache.juli.logging.DirectJDKLog [restartedMain] Starting ProtocolHandler ["http-nio-8091"]
2021-12-16 19:55:48,289 INFO org.springframework.boot.web.embedded.tomcat.TomcatWebServer [restartedMain] Tomcat started on port(s): 8091 (http) with context path ''
2021-12-16 19:55:48,301 INFO org.springframework.boot.StartupInfoLogger [restartedMain] Started DigitalOfficeBackendApplication in 1.421 seconds (JVM running for 726.882)
2021-12-16 19:55:48,302 INFO org.springframework.boot.devtools.autoconfigure.ConditionEvaluationDeltaLoggingListener [restartedMain] Condition evaluation unchanged
2021-12-16 19:57:14,953 INFO org.springframework.boot.StartupInfoLogger [restartedMain] Starting DigitalOfficeBackendApplication using Java 16.0.1 on HaLinhPC with PID 8044 (D:\PTIT\DATN\digital-office-backend\target\classes started by linh in D:\PTIT\DATN\digital-office-backend)
2021-12-16 19:57:14,953 DEBUG org.springframework.boot.StartupInfoLogger [restartedMain] Running with Spring Boot v2.5.6, Spring v5.3.12
2021-12-16 19:57:14,953 INFO org.springframework.boot.SpringApplication [restartedMain] No active profile set, falling back to default profiles: default
2021-12-16 19:57:15,104 INFO org.springframework.data.repository.config.RepositoryConfigurationDelegate [restartedMain] Multiple Spring Data modules found, entering strict repository configuration mode!
2021-12-16 19:57:15,104 INFO org.springframework.data.repository.config.RepositoryConfigurationDelegate [restartedMain] Bootstrapping Spring Data MongoDB repositories in DEFAULT mode.
2021-12-16 19:57:15,106 INFO org.springframework.data.repository.config.RepositoryConfigurationDelegate [restartedMain] Finished Spring Data repository scanning in 1 ms. Found 0 MongoDB repository interfaces.
2021-12-16 19:57:15,140 INFO org.springframework.data.repository.config.RepositoryConfigurationDelegate [restartedMain] Multiple Spring Data modules found, entering strict repository configuration mode!
2021-12-16 19:57:15,141 INFO org.springframework.data.repository.config.RepositoryConfigurationDelegate [restartedMain] Bootstrapping Spring Data Redis repositories in DEFAULT mode.
2021-12-16 19:57:15,153 INFO org.springframework.data.repository.config.RepositoryConfigurationDelegate [restartedMain] Finished Spring Data repository scanning in 11 ms. Found 0 Redis repository interfaces.
2021-12-16 19:57:15,220 INFO org.springframework.context.support.PostProcessorRegistrationDelegate$BeanPostProcessorChecker [restartedMain] Bean 'org.springframework.security.access.expression.method.DefaultMethodSecurityExpressionHandler@3258724a' of type [org.springframework.security.access.expression.method.DefaultMethodSecurityExpressionHandler] is not eligible for getting processed by all BeanPostProcessors (for example: not eligible for auto-proxying)
2021-12-16 19:57:15,221 INFO org.springframework.context.support.PostProcessorRegistrationDelegate$BeanPostProcessorChecker [restartedMain] Bean 'methodSecurityMetadataSource' of type [org.springframework.security.access.method.DelegatingMethodSecurityMetadataSource] is not eligible for getting processed by all BeanPostProcessors (for example: not eligible for auto-proxying)
2021-12-16 19:57:15,294 INFO org.springframework.boot.web.embedded.tomcat.TomcatWebServer [restartedMain] Tomcat initialized with port(s): 8091 (http)
2021-12-16 19:57:15,296 INFO org.apache.juli.logging.DirectJDKLog [restartedMain] Initializing ProtocolHandler ["http-nio-8091"]
2021-12-16 19:57:15,296 INFO org.apache.juli.logging.DirectJDKLog [restartedMain] Starting service [Tomcat]
2021-12-16 19:57:15,296 INFO org.apache.juli.logging.DirectJDKLog [restartedMain] Starting Servlet engine: [Apache Tomcat/9.0.54]
2021-12-16 19:57:15,322 INFO org.apache.juli.logging.DirectJDKLog [restartedMain] Initializing Spring embedded WebApplicationContext
2021-12-16 19:57:15,322 INFO org.springframework.boot.web.servlet.context.ServletWebServerApplicationContext [restartedMain] Root WebApplicationContext: initialization completed in 367 ms
2021-12-16 19:57:15,340 INFO com.mongodb.diagnostics.logging.SLF4JLogger [restartedMain] Cluster created with settings {hosts=[178.128.19.31:27017], mode=SINGLE, requiredClusterType=UNKNOWN, serverSelectionTimeout='30000 ms'}
2021-12-16 19:57:15,439 INFO com.mongodb.diagnostics.logging.SLF4JLogger [cluster-rtt-ClusterId{value='61bb37abcbc0bd03b5671afe', description='null'}-178.128.19.31:27017] Opened connection [connectionId{localValue:18, serverValue:14663}] to 178.128.19.31:27017
2021-12-16 19:57:15,442 INFO com.mongodb.diagnostics.logging.SLF4JLogger [cluster-ClusterId{value='61bb37abcbc0bd03b5671afe', description='null'}-178.128.19.31:27017] Opened connection [connectionId{localValue:17, serverValue:14664}] to 178.128.19.31:27017
2021-12-16 19:57:15,442 INFO com.mongodb.diagnostics.logging.SLF4JLogger [cluster-ClusterId{value='61bb37abcbc0bd03b5671afe', description='null'}-178.128.19.31:27017] Monitor thread successfully connected to server with description ServerDescription{address=178.128.19.31:27017, type=REPLICA_SET_PRIMARY, state=CONNECTED, ok=true, minWireVersion=0, maxWireVersion=9, maxDocumentSize=16777216, logicalSessionTimeoutMinutes=30, roundTripTimeNanos=50963400, setName='reps0', canonicalAddress=127.0.0.1:27017, hosts=[127.0.0.1:27017], passives=[], arbiters=[], primary='127.0.0.1:27017', tagSet=TagSet{[]}, electionId=7fffffff000000000000000e, setVersion=1, topologyVersion=TopologyVersion{processId=61824065b32f7a93cc0ee417, counter=6}, lastWriteDate=Thu Dec 16 19:57:13 ICT 2021, lastUpdateTimeNanos=1801249827300}
2021-12-16 19:57:15,490 DEBUG org.springframework.web.filter.GenericFilterBean [restartedMain] Filter 'jwtTokenFilter' configured for use
2021-12-16 19:57:15,671 INFO org.springframework.security.web.DefaultSecurityFilterChain [restartedMain] Will secure any request with [org.springframework.security.web.context.request.async.WebAsyncManagerIntegrationFilter@686dd01a, org.springframework.security.web.context.SecurityContextPersistenceFilter@11bf7f47, org.springframework.security.web.header.HeaderWriterFilter@7ab3d0d1, org.springframework.web.filter.CorsFilter@5b0d029f, org.springframework.security.web.csrf.CsrfFilter@5015f64e, org.springframework.security.web.authentication.logout.LogoutFilter@34b19299, com.datn.doffice.config.security.JwtTokenFilter@161aec88, org.springframework.security.web.savedrequest.RequestCacheAwareFilter@6ee64cd1, org.springframework.security.web.servletapi.SecurityContextHolderAwareRequestFilter@ab72c84, org.springframework.security.web.authentication.AnonymousAuthenticationFilter@71e3967f, org.springframework.security.web.session.SessionManagementFilter@6ee75353, org.springframework.security.web.access.ExceptionTranslationFilter@21fb726]
2021-12-16 19:57:15,874 INFO org.springframework.boot.devtools.autoconfigure.OptionalLiveReloadServer [restartedMain] LiveReload server is running on port 35729
2021-12-16 19:57:15,882 INFO org.apache.juli.logging.DirectJDKLog [restartedMain] Starting ProtocolHandler ["http-nio-8091"]
2021-12-16 19:57:15,884 INFO org.springframework.boot.web.embedded.tomcat.TomcatWebServer [restartedMain] Tomcat started on port(s): 8091 (http) with context path ''
2021-12-16 19:57:15,890 INFO org.springframework.boot.StartupInfoLogger [restartedMain] Started DigitalOfficeBackendApplication in 0.964 seconds (JVM running for 814.472)
2021-12-16 19:57:15,892 INFO org.springframework.boot.devtools.autoconfigure.ConditionEvaluationDeltaLoggingListener [restartedMain] Condition evaluation unchanged
2021-12-16 19:57:21,692 INFO org.springframework.boot.StartupInfoLogger [restartedMain] Starting DigitalOfficeBackendApplication using Java 16.0.1 on HaLinhPC with PID 8044 (D:\PTIT\DATN\digital-office-backend\target\classes started by linh in D:\PTIT\DATN\digital-office-backend)
2021-12-16 19:57:21,692 DEBUG org.springframework.boot.StartupInfoLogger [restartedMain] Running with Spring Boot v2.5.6, Spring v5.3.12
2021-12-16 19:57:21,692 INFO org.springframework.boot.SpringApplication [restartedMain] No active profile set, falling back to default profiles: default
2021-12-16 19:57:21,877 INFO org.springframework.data.repository.config.RepositoryConfigurationDelegate [restartedMain] Multiple Spring Data modules found, entering strict repository configuration mode!
2021-12-16 19:57:21,878 INFO org.springframework.data.repository.config.RepositoryConfigurationDelegate [restartedMain] Bootstrapping Spring Data MongoDB repositories in DEFAULT mode.
2021-12-16 19:57:21,879 INFO org.springframework.data.repository.config.RepositoryConfigurationDelegate [restartedMain] Finished Spring Data repository scanning in 1 ms. Found 0 MongoDB repository interfaces.
2021-12-16 19:57:21,906 INFO org.springframework.data.repository.config.RepositoryConfigurationDelegate [restartedMain] Multiple Spring Data modules found, entering strict repository configuration mode!
2021-12-16 19:57:21,906 INFO org.springframework.data.repository.config.RepositoryConfigurationDelegate [restartedMain] Bootstrapping Spring Data Redis repositories in DEFAULT mode.
2021-12-16 19:57:21,917 INFO org.springframework.data.repository.config.RepositoryConfigurationDelegate [restartedMain] Finished Spring Data repository scanning in 10 ms. Found 0 Redis repository interfaces.
2021-12-16 19:57:21,962 INFO org.springframework.context.support.PostProcessorRegistrationDelegate$BeanPostProcessorChecker [restartedMain] Bean 'org.springframework.security.access.expression.method.DefaultMethodSecurityExpressionHandler@48c1cc50' of type [org.springframework.security.access.expression.method.DefaultMethodSecurityExpressionHandler] is not eligible for getting processed by all BeanPostProcessors (for example: not eligible for auto-proxying)
2021-12-16 19:57:21,964 INFO org.springframework.context.support.PostProcessorRegistrationDelegate$BeanPostProcessorChecker [restartedMain] Bean 'methodSecurityMetadataSource' of type [org.springframework.security.access.method.DelegatingMethodSecurityMetadataSource] is not eligible for getting processed by all BeanPostProcessors (for example: not eligible for auto-proxying)
2021-12-16 19:57:22,021 INFO org.springframework.boot.web.embedded.tomcat.TomcatWebServer [restartedMain] Tomcat initialized with port(s): 8091 (http)
2021-12-16 19:57:22,022 INFO org.apache.juli.logging.DirectJDKLog [restartedMain] Initializing ProtocolHandler ["http-nio-8091"]
2021-12-16 19:57:22,022 INFO org.apache.juli.logging.DirectJDKLog [restartedMain] Starting service [Tomcat]
2021-12-16 19:57:22,023 INFO org.apache.juli.logging.DirectJDKLog [restartedMain] Starting Servlet engine: [Apache Tomcat/9.0.54]
2021-12-16 19:57:22,042 INFO org.apache.juli.logging.DirectJDKLog [restartedMain] Initializing Spring embedded WebApplicationContext
2021-12-16 19:57:22,042 INFO org.springframework.boot.web.servlet.context.ServletWebServerApplicationContext [restartedMain] Root WebApplicationContext: initialization completed in 345 ms
2021-12-16 19:57:22,057 INFO com.mongodb.diagnostics.logging.SLF4JLogger [restartedMain] Cluster created with settings {hosts=[178.128.19.31:27017], mode=SINGLE, requiredClusterType=UNKNOWN, serverSelectionTimeout='30000 ms'}
2021-12-16 19:57:22,161 INFO com.mongodb.diagnostics.logging.SLF4JLogger [cluster-rtt-ClusterId{value='61bb37b2cbc0bd03b5671aff', description='null'}-178.128.19.31:27017] Opened connection [connectionId{localValue:20, serverValue:14665}] to 178.128.19.31:27017
2021-12-16 19:57:22,162 INFO com.mongodb.diagnostics.logging.SLF4JLogger [cluster-ClusterId{value='61bb37b2cbc0bd03b5671aff', description='null'}-178.128.19.31:27017] Opened connection [connectionId{localValue:19, serverValue:14666}] to 178.128.19.31:27017
2021-12-16 19:57:22,162 INFO com.mongodb.diagnostics.logging.SLF4JLogger [cluster-ClusterId{value='61bb37b2cbc0bd03b5671aff', description='null'}-178.128.19.31:27017] Monitor thread successfully connected to server with description ServerDescription{address=178.128.19.31:27017, type=REPLICA_SET_PRIMARY, state=CONNECTED, ok=true, minWireVersion=0, maxWireVersion=9, maxDocumentSize=16777216, logicalSessionTimeoutMinutes=30, roundTripTimeNanos=48821400, setName='reps0', canonicalAddress=127.0.0.1:27017, hosts=[127.0.0.1:27017], passives=[], arbiters=[], primary='127.0.0.1:27017', tagSet=TagSet{[]}, electionId=7fffffff000000000000000e, setVersion=1, topologyVersion=TopologyVersion{processId=61824065b32f7a93cc0ee417, counter=6}, lastWriteDate=Thu Dec 16 19:57:13 ICT 2021, lastUpdateTimeNanos=1807968822700}
2021-12-16 19:57:22,197 DEBUG org.springframework.web.filter.GenericFilterBean [restartedMain] Filter 'jwtTokenFilter' configured for use
2021-12-16 19:57:22,363 INFO org.springframework.security.web.DefaultSecurityFilterChain [restartedMain] Will secure any request with [org.springframework.security.web.context.request.async.WebAsyncManagerIntegrationFilter@2a875ebe, org.springframework.security.web.context.SecurityContextPersistenceFilter@68348d5d, org.springframework.security.web.header.HeaderWriterFilter@40d12e78, org.springframework.web.filter.CorsFilter@6b75da2a, org.springframework.security.web.csrf.CsrfFilter@76f5cc2d, org.springframework.security.web.authentication.logout.LogoutFilter@7861e2dc, com.datn.doffice.config.security.JwtTokenFilter@6b3faeb1, org.springframework.security.web.savedrequest.RequestCacheAwareFilter@8cb5ff9, org.springframework.security.web.servletapi.SecurityContextHolderAwareRequestFilter@41200276, org.springframework.security.web.authentication.AnonymousAuthenticationFilter@41d7c031, org.springframework.security.web.session.SessionManagementFilter@30f8bbcb, org.springframework.security.web.access.ExceptionTranslationFilter@69cd062]
2021-12-16 19:57:22,552 INFO org.springframework.boot.devtools.autoconfigure.OptionalLiveReloadServer [restartedMain] LiveReload server is running on port 35729
2021-12-16 19:57:22,561 INFO org.apache.juli.logging.DirectJDKLog [restartedMain] Starting ProtocolHandler ["http-nio-8091"]
2021-12-16 19:57:22,564 INFO org.springframework.boot.web.embedded.tomcat.TomcatWebServer [restartedMain] Tomcat started on port(s): 8091 (http) with context path ''
2021-12-16 19:57:22,571 INFO org.springframework.boot.StartupInfoLogger [restartedMain] Started DigitalOfficeBackendApplication in 0.911 seconds (JVM running for 821.153)
2021-12-16 19:57:22,572 INFO org.springframework.boot.devtools.autoconfigure.ConditionEvaluationDeltaLoggingListener [restartedMain] Condition evaluation unchanged
2021-12-16 19:57:53,228 INFO org.springframework.boot.StartupInfoLogger [restartedMain] Starting DigitalOfficeBackendApplication using Java 16.0.1 on HaLinhPC with PID 8044 (D:\PTIT\DATN\digital-office-backend\target\classes started by linh in D:\PTIT\DATN\digital-office-backend)
2021-12-16 19:57:53,228 DEBUG org.springframework.boot.StartupInfoLogger [restartedMain] Running with Spring Boot v2.5.6, Spring v5.3.12
2021-12-16 19:57:53,229 INFO org.springframework.boot.SpringApplication [restartedMain] No active profile set, falling back to default profiles: default
2021-12-16 19:57:53,386 INFO org.springframework.data.repository.config.RepositoryConfigurationDelegate [restartedMain] Multiple Spring Data modules found, entering strict repository configuration mode!
2021-12-16 19:57:53,386 INFO org.springframework.data.repository.config.RepositoryConfigurationDelegate [restartedMain] Bootstrapping Spring Data MongoDB repositories in DEFAULT mode.
2021-12-16 19:57:53,389 INFO org.springframework.data.repository.config.RepositoryConfigurationDelegate [restartedMain] Finished Spring Data repository scanning in 1 ms. Found 0 MongoDB repository interfaces.
2021-12-16 19:57:53,418 INFO org.springframework.data.repository.config.RepositoryConfigurationDelegate [restartedMain] Multiple Spring Data modules found, entering strict repository configuration mode!
2021-12-16 19:57:53,418 INFO org.springframework.data.repository.config.RepositoryConfigurationDelegate [restartedMain] Bootstrapping Spring Data Redis repositories in DEFAULT mode.
2021-12-16 19:57:53,429 INFO org.springframework.data.repository.config.RepositoryConfigurationDelegate [restartedMain] Finished Spring Data repository scanning in 10 ms. Found 0 Redis repository interfaces.
2021-12-16 19:57:53,480 INFO org.springframework.context.support.PostProcessorRegistrationDelegate$BeanPostProcessorChecker [restartedMain] Bean 'org.springframework.security.access.expression.method.DefaultMethodSecurityExpressionHandler@ed3daed' of type [org.springframework.security.access.expression.method.DefaultMethodSecurityExpressionHandler] is not eligible for getting processed by all BeanPostProcessors (for example: not eligible for auto-proxying)
2021-12-16 19:57:53,481 INFO org.springframework.context.support.PostProcessorRegistrationDelegate$BeanPostProcessorChecker [restartedMain] Bean 'methodSecurityMetadataSource' of type [org.springframework.security.access.method.DelegatingMethodSecurityMetadataSource] is not eligible for getting processed by all BeanPostProcessors (for example: not eligible for auto-proxying)
2021-12-16 19:57:53,535 INFO org.springframework.boot.web.embedded.tomcat.TomcatWebServer [restartedMain] Tomcat initialized with port(s): 8091 (http)
2021-12-16 19:57:53,536 INFO org.apache.juli.logging.DirectJDKLog [restartedMain] Initializing ProtocolHandler ["http-nio-8091"]
2021-12-16 19:57:53,536 INFO org.apache.juli.logging.DirectJDKLog [restartedMain] Starting service [Tomcat]
2021-12-16 19:57:53,536 INFO org.apache.juli.logging.DirectJDKLog [restartedMain] Starting Servlet engine: [Apache Tomcat/9.0.54]
2021-12-16 19:57:53,555 INFO org.apache.juli.logging.DirectJDKLog [restartedMain] Initializing Spring embedded WebApplicationContext
2021-12-16 19:57:53,556 INFO org.springframework.boot.web.servlet.context.ServletWebServerApplicationContext [restartedMain] Root WebApplicationContext: initialization completed in 325 ms
2021-12-16 19:57:53,572 INFO com.mongodb.diagnostics.logging.SLF4JLogger [restartedMain] Cluster created with settings {hosts=[178.128.19.31:27017], mode=SINGLE, requiredClusterType=UNKNOWN, serverSelectionTimeout='30000 ms'}
2021-12-16 19:57:53,650 INFO com.mongodb.diagnostics.logging.SLF4JLogger [cluster-rtt-ClusterId{value='61bb37d1cbc0bd03b5671b00', description='null'}-178.128.19.31:27017] Opened connection [connectionId{localValue:21, serverValue:14671}] to 178.128.19.31:27017
2021-12-16 19:57:53,679 INFO com.mongodb.diagnostics.logging.SLF4JLogger [cluster-ClusterId{value='61bb37d1cbc0bd03b5671b00', description='null'}-178.128.19.31:27017] Opened connection [connectionId{localValue:22, serverValue:14672}] to 178.128.19.31:27017
2021-12-16 19:57:53,680 INFO com.mongodb.diagnostics.logging.SLF4JLogger [cluster-ClusterId{value='61bb37d1cbc0bd03b5671b00', description='null'}-178.128.19.31:27017] Monitor thread successfully connected to server with description ServerDescription{address=178.128.19.31:27017, type=REPLICA_SET_PRIMARY, state=CONNECTED, ok=true, minWireVersion=0, maxWireVersion=9, maxDocumentSize=16777216, logicalSessionTimeoutMinutes=30, roundTripTimeNanos=58376600, setName='reps0', canonicalAddress=127.0.0.1:27017, hosts=[127.0.0.1:27017], passives=[], arbiters=[], primary='127.0.0.1:27017', tagSet=TagSet{[]}, electionId=7fffffff000000000000000e, setVersion=1, topologyVersion=TopologyVersion{processId=61824065b32f7a93cc0ee417, counter=6}, lastWriteDate=Thu Dec 16 19:57:53 ICT 2021, lastUpdateTimeNanos=1839486659000}
2021-12-16 19:57:53,707 DEBUG org.springframework.web.filter.GenericFilterBean [restartedMain] Filter 'jwtTokenFilter' configured for use
2021-12-16 19:57:53,906 INFO org.springframework.security.web.DefaultSecurityFilterChain [restartedMain] Will secure any request with [org.springframework.security.web.context.request.async.WebAsyncManagerIntegrationFilter@540be63a, org.springframework.security.web.context.SecurityContextPersistenceFilter@300c1542, org.springframework.security.web.header.HeaderWriterFilter@68c5ba0d, org.springframework.web.filter.CorsFilter@6e544939, org.springframework.security.web.csrf.CsrfFilter@175f8796, org.springframework.security.web.authentication.logout.LogoutFilter@2d387ef1, com.datn.doffice.config.security.JwtTokenFilter@43b9692c, org.springframework.security.web.savedrequest.RequestCacheAwareFilter@41370fbb, org.springframework.security.web.servletapi.SecurityContextHolderAwareRequestFilter@4e7d042, org.springframework.security.web.authentication.AnonymousAuthenticationFilter@6501b056, org.springframework.security.web.session.SessionManagementFilter@5b044a83, org.springframework.security.web.access.ExceptionTranslationFilter@2cfba62e]
2021-12-16 19:57:54,116 INFO org.springframework.boot.devtools.autoconfigure.OptionalLiveReloadServer [restartedMain] LiveReload server is running on port 35729
2021-12-16 19:57:54,126 INFO org.apache.juli.logging.DirectJDKLog [restartedMain] Starting ProtocolHandler ["http-nio-8091"]
2021-12-16 19:57:54,129 INFO org.springframework.boot.web.embedded.tomcat.TomcatWebServer [restartedMain] Tomcat started on port(s): 8091 (http) with context path ''
2021-12-16 19:57:54,134 INFO org.springframework.boot.StartupInfoLogger [restartedMain] Started DigitalOfficeBackendApplication in 0.945 seconds (JVM running for 852.716)
2021-12-16 19:57:54,139 INFO org.springframework.boot.devtools.autoconfigure.ConditionEvaluationDeltaLoggingListener [restartedMain] Condition evaluation unchanged
2021-12-16 19:57:57,886 INFO org.springframework.boot.StartupInfoLogger [restartedMain] Starting DigitalOfficeBackendApplication using Java 16.0.1 on HaLinhPC with PID 8044 (D:\PTIT\DATN\digital-office-backend\target\classes started by linh in D:\PTIT\DATN\digital-office-backend)
2021-12-16 19:57:57,886 DEBUG org.springframework.boot.StartupInfoLogger [restartedMain] Running with Spring Boot v2.5.6, Spring v5.3.12
2021-12-16 19:57:57,886 INFO org.springframework.boot.SpringApplication [restartedMain] No active profile set, falling back to default profiles: default
2021-12-16 19:57:58,035 INFO org.springframework.data.repository.config.RepositoryConfigurationDelegate [restartedMain] Multiple Spring Data modules found, entering strict repository configuration mode!
2021-12-16 19:57:58,035 INFO org.springframework.data.repository.config.RepositoryConfigurationDelegate [restartedMain] Bootstrapping Spring Data MongoDB repositories in DEFAULT mode.
2021-12-16 19:57:58,037 INFO org.springframework.data.repository.config.RepositoryConfigurationDelegate [restartedMain] Finished Spring Data repository scanning in 1 ms. Found 0 MongoDB repository interfaces.
2021-12-16 19:57:58,073 INFO org.springframework.data.repository.config.RepositoryConfigurationDelegate [restartedMain] Multiple Spring Data modules found, entering strict repository configuration mode!
2021-12-16 19:57:58,073 INFO org.springframework.data.repository.config.RepositoryConfigurationDelegate [restartedMain] Bootstrapping Spring Data Redis repositories in DEFAULT mode.
2021-12-16 19:57:58,085 INFO org.springframework.data.repository.config.RepositoryConfigurationDelegate [restartedMain] Finished Spring Data repository scanning in 10 ms. Found 0 Redis repository interfaces.
2021-12-16 19:57:58,137 INFO org.springframework.context.support.PostProcessorRegistrationDelegate$BeanPostProcessorChecker [restartedMain] Bean 'org.springframework.security.access.expression.method.DefaultMethodSecurityExpressionHandler@7feaeb63' of type [org.springframework.security.access.expression.method.DefaultMethodSecurityExpressionHandler] is not eligible for getting processed by all BeanPostProcessors (for example: not eligible for auto-proxying)
2021-12-16 19:57:58,138 INFO org.springframework.context.support.PostProcessorRegistrationDelegate$BeanPostProcessorChecker [restartedMain] Bean 'methodSecurityMetadataSource' of type [org.springframework.security.access.method.DelegatingMethodSecurityMetadataSource] is not eligible for getting processed by all BeanPostProcessors (for example: not eligible for auto-proxying)
2021-12-16 19:57:58,192 INFO org.springframework.boot.web.embedded.tomcat.TomcatWebServer [restartedMain] Tomcat initialized with port(s): 8091 (http)
2021-12-16 19:57:58,193 INFO org.apache.juli.logging.DirectJDKLog [restartedMain] Initializing ProtocolHandler ["http-nio-8091"]
2021-12-16 19:57:58,194 INFO org.apache.juli.logging.DirectJDKLog [restartedMain] Starting service [Tomcat]
2021-12-16 19:57:58,194 INFO org.apache.juli.logging.DirectJDKLog [restartedMain] Starting Servlet engine: [Apache Tomcat/9.0.54]
2021-12-16 19:57:58,214 INFO org.apache.juli.logging.DirectJDKLog [restartedMain] Initializing Spring embedded WebApplicationContext
2021-12-16 19:57:58,215 INFO org.springframework.boot.web.servlet.context.ServletWebServerApplicationContext [restartedMain] Root WebApplicationContext: initialization completed in 327 ms
2021-12-16 19:57:58,230 INFO com.mongodb.diagnostics.logging.SLF4JLogger [restartedMain] Cluster created with settings {hosts=[178.128.19.31:27017], mode=SINGLE, requiredClusterType=UNKNOWN, serverSelectionTimeout='30000 ms'}
2021-12-16 19:57:58,307 INFO com.mongodb.diagnostics.logging.SLF4JLogger [cluster-rtt-ClusterId{value='61bb37d6cbc0bd03b5671b01', description='null'}-178.128.19.31:27017] Opened connection [connectionId{localValue:24, serverValue:14673}] to 178.128.19.31:27017
2021-12-16 19:57:58,328 INFO com.mongodb.diagnostics.logging.SLF4JLogger [cluster-ClusterId{value='61bb37d6cbc0bd03b5671b01', description='null'}-178.128.19.31:27017] Opened connection [connectionId{localValue:23, serverValue:14674}] to 178.128.19.31:27017
2021-12-16 19:57:58,329 INFO com.mongodb.diagnostics.logging.SLF4JLogger [cluster-ClusterId{value='61bb37d6cbc0bd03b5671b01', description='null'}-178.128.19.31:27017] Monitor thread successfully connected to server with description ServerDescription{address=178.128.19.31:27017, type=REPLICA_SET_PRIMARY, state=CONNECTED, ok=true, minWireVersion=0, maxWireVersion=9, maxDocumentSize=16777216, logicalSessionTimeoutMinutes=30, roundTripTimeNanos=48149300, setName='reps0', canonicalAddress=127.0.0.1:27017, hosts=[127.0.0.1:27017], passives=[], arbiters=[], primary='127.0.0.1:27017', tagSet=TagSet{[]}, electionId=7fffffff000000000000000e, setVersion=1, topologyVersion=TopologyVersion{processId=61824065b32f7a93cc0ee417, counter=6}, lastWriteDate=Thu Dec 16 19:57:53 ICT 2021, lastUpdateTimeNanos=1844135090300}
2021-12-16 19:57:58,376 DEBUG org.springframework.web.filter.GenericFilterBean [restartedMain] Filter 'jwtTokenFilter' configured for use
2021-12-16 19:57:58,538 INFO org.springframework.security.web.DefaultSecurityFilterChain [restartedMain] Will secure any request with [org.springframework.security.web.context.request.async.WebAsyncManagerIntegrationFilter@7aa6126d, org.springframework.security.web.context.SecurityContextPersistenceFilter@829010e, org.springframework.security.web.header.HeaderWriterFilter@2f9c77ad, org.springframework.web.filter.CorsFilter@417ba509, org.springframework.security.web.csrf.CsrfFilter@71ce1037, org.springframework.security.web.authentication.logout.LogoutFilter@64982d6e, com.datn.doffice.config.security.JwtTokenFilter@62337a52, org.springframework.security.web.savedrequest.RequestCacheAwareFilter@5e781b13, org.springframework.security.web.servletapi.SecurityContextHolderAwareRequestFilter@12952e6e, org.springframework.security.web.authentication.AnonymousAuthenticationFilter@2ea101b1, org.springframework.security.web.session.SessionManagementFilter@967e7bd, org.springframework.security.web.access.ExceptionTranslationFilter@6fe73c04]
2021-12-16 19:57:58,724 INFO org.springframework.boot.devtools.autoconfigure.OptionalLiveReloadServer [restartedMain] LiveReload server is running on port 35729
2021-12-16 19:57:58,733 INFO org.apache.juli.logging.DirectJDKLog [restartedMain] Starting ProtocolHandler ["http-nio-8091"]
2021-12-16 19:57:58,736 INFO org.springframework.boot.web.embedded.tomcat.TomcatWebServer [restartedMain] Tomcat started on port(s): 8091 (http) with context path ''
2021-12-16 19:57:58,748 INFO org.springframework.boot.StartupInfoLogger [restartedMain] Started DigitalOfficeBackendApplication in 0.889 seconds (JVM running for 857.33)
2021-12-16 19:57:58,750 INFO org.springframework.boot.devtools.autoconfigure.ConditionEvaluationDeltaLoggingListener [restartedMain] Condition evaluation unchanged
2021-12-16 19:58:58,277 INFO org.springframework.boot.StartupInfoLogger [restartedMain] Starting DigitalOfficeBackendApplication using Java 16.0.1 on HaLinhPC with PID 8044 (D:\PTIT\DATN\digital-office-backend\target\classes started by linh in D:\PTIT\DATN\digital-office-backend)
2021-12-16 19:58:58,305 DEBUG org.springframework.boot.StartupInfoLogger [restartedMain] Running with Spring Boot v2.5.6, Spring v5.3.12
2021-12-16 19:58:58,305 INFO org.springframework.boot.SpringApplication [restartedMain] No active profile set, falling back to default profiles: default
2021-12-16 19:58:58,477 INFO org.springframework.data.repository.config.RepositoryConfigurationDelegate [restartedMain] Multiple Spring Data modules found, entering strict repository configuration mode!
2021-12-16 19:58:58,478 INFO org.springframework.data.repository.config.RepositoryConfigurationDelegate [restartedMain] Bootstrapping Spring Data MongoDB repositories in DEFAULT mode.
2021-12-16 19:58:58,479 INFO org.springframework.data.repository.config.RepositoryConfigurationDelegate [restartedMain] Finished Spring Data repository scanning in 1 ms. Found 0 MongoDB repository interfaces.
2021-12-16 19:58:58,510 INFO org.springframework.data.repository.config.RepositoryConfigurationDelegate [restartedMain] Multiple Spring Data modules found, entering strict repository configuration mode!
2021-12-16 19:58:58,510 INFO org.springframework.data.repository.config.RepositoryConfigurationDelegate [restartedMain] Bootstrapping Spring Data Redis repositories in DEFAULT mode.
2021-12-16 19:58:58,522 INFO org.springframework.data.repository.config.RepositoryConfigurationDelegate [restartedMain] Finished Spring Data repository scanning in 11 ms. Found 0 Redis repository interfaces.
2021-12-16 19:58:58,572 INFO org.springframework.context.support.PostProcessorRegistrationDelegate$BeanPostProcessorChecker [restartedMain] Bean 'org.springframework.security.access.expression.method.DefaultMethodSecurityExpressionHandler@34daa78b' of type [org.springframework.security.access.expression.method.DefaultMethodSecurityExpressionHandler] is not eligible for getting processed by all BeanPostProcessors (for example: not eligible for auto-proxying)
2021-12-16 19:58:58,573 INFO org.springframework.context.support.PostProcessorRegistrationDelegate$BeanPostProcessorChecker [restartedMain] Bean 'methodSecurityMetadataSource' of type [org.springframework.security.access.method.DelegatingMethodSecurityMetadataSource] is not eligible for getting processed by all BeanPostProcessors (for example: not eligible for auto-proxying)
2021-12-16 19:58:58,630 INFO org.springframework.boot.web.embedded.tomcat.TomcatWebServer [restartedMain] Tomcat initialized with port(s): 8091 (http)
2021-12-16 19:58:58,631 INFO org.apache.juli.logging.DirectJDKLog [restartedMain] Initializing ProtocolHandler ["http-nio-8091"]
2021-12-16 19:58:58,631 INFO org.apache.juli.logging.DirectJDKLog [restartedMain] Starting service [Tomcat]
2021-12-16 19:58:58,631 INFO org.apache.juli.logging.DirectJDKLog [restartedMain] Starting Servlet engine: [Apache Tomcat/9.0.54]
2021-12-16 19:58:58,654 INFO org.apache.juli.logging.DirectJDKLog [restartedMain] Initializing Spring embedded WebApplicationContext
2021-12-16 19:58:58,654 INFO org.springframework.boot.web.servlet.context.ServletWebServerApplicationContext [restartedMain] Root WebApplicationContext: initialization completed in 347 ms
2021-12-16 19:58:58,675 INFO com.mongodb.diagnostics.logging.SLF4JLogger [restartedMain] Cluster created with settings {hosts=[178.128.19.31:27017], mode=SINGLE, requiredClusterType=UNKNOWN, serverSelectionTimeout='30000 ms'}
2021-12-16 19:58:58,751 INFO com.mongodb.diagnostics.logging.SLF4JLogger [cluster-rtt-ClusterId{value='61bb3812cbc0bd03b5671b02', description='null'}-178.128.19.31:27017] Opened connection [connectionId{localValue:26, serverValue:14677}] to 178.128.19.31:27017
2021-12-16 19:58:58,770 INFO com.mongodb.diagnostics.logging.SLF4JLogger [cluster-ClusterId{value='61bb3812cbc0bd03b5671b02', description='null'}-178.128.19.31:27017] Opened connection [connectionId{localValue:25, serverValue:14678}] to 178.128.19.31:27017
2021-12-16 19:58:58,771 INFO com.mongodb.diagnostics.logging.SLF4JLogger [cluster-ClusterId{value='61bb3812cbc0bd03b5671b02', description='null'}-178.128.19.31:27017] Monitor thread successfully connected to server with description ServerDescription{address=178.128.19.31:27017, type=REPLICA_SET_PRIMARY, state=CONNECTED, ok=true, minWireVersion=0, maxWireVersion=9, maxDocumentSize=16777216, logicalSessionTimeoutMinutes=30, roundTripTimeNanos=46996200, setName='reps0', canonicalAddress=127.0.0.1:27017, hosts=[127.0.0.1:27017], passives=[], arbiters=[], primary='127.0.0.1:27017', tagSet=TagSet{[]}, electionId=7fffffff000000000000000e, setVersion=1, topologyVersion=TopologyVersion{processId=61824065b32f7a93cc0ee417, counter=6}, lastWriteDate=Thu Dec 16 19:58:53 ICT 2021, lastUpdateTimeNanos=1904577809600}
2021-12-16 19:58:58,821 DEBUG org.springframework.web.filter.GenericFilterBean [restartedMain] Filter 'jwtTokenFilter' configured for use
2021-12-16 19:58:59,158 INFO org.springframework.security.web.DefaultSecurityFilterChain [restartedMain] Will secure any request with [org.springframework.security.web.context.request.async.WebAsyncManagerIntegrationFilter@2844185b, org.springframework.security.web.context.SecurityContextPersistenceFilter@618644fa, org.springframework.security.web.header.HeaderWriterFilter@39f54c07, org.springframework.web.filter.CorsFilter@ac4a7a9, org.springframework.security.web.csrf.CsrfFilter@6f291dd7, org.springframework.security.web.authentication.logout.LogoutFilter@2e74292a, com.datn.doffice.config.security.JwtTokenFilter@7dc1c9c4, org.springframework.security.web.savedrequest.RequestCacheAwareFilter@1963eabd, org.springframework.security.web.servletapi.SecurityContextHolderAwareRequestFilter@ae508e2, org.springframework.security.web.authentication.AnonymousAuthenticationFilter@47900cb6, org.springframework.security.web.session.SessionManagementFilter@46662e44, org.springframework.security.web.access.ExceptionTranslationFilter@43677f48]
2021-12-16 19:58:59,408 INFO org.springframework.boot.devtools.autoconfigure.OptionalLiveReloadServer [restartedMain] LiveReload server is running on port 35729
2021-12-16 19:58:59,417 INFO org.apache.juli.logging.DirectJDKLog [restartedMain] Starting ProtocolHandler ["http-nio-8091"]
2021-12-16 19:58:59,421 INFO org.springframework.boot.web.embedded.tomcat.TomcatWebServer [restartedMain] Tomcat started on port(s): 8091 (http) with context path ''
2021-12-16 19:58:59,427 INFO org.springframework.boot.StartupInfoLogger [restartedMain] Started DigitalOfficeBackendApplication in 1.181 seconds (JVM running for 918.01)
2021-12-16 19:58:59,431 INFO org.springframework.boot.devtools.autoconfigure.ConditionEvaluationDeltaLoggingListener [restartedMain] Condition evaluation unchanged
2021-12-16 19:59:14,744 INFO org.apache.juli.logging.DirectJDKLog [http-nio-8091-exec-1] Initializing Spring DispatcherServlet 'dispatcherServlet'
2021-12-16 19:59:14,745 INFO org.springframework.web.servlet.FrameworkServlet [http-nio-8091-exec-1] Initializing Servlet 'dispatcherServlet'
2021-12-16 19:59:14,747 INFO org.springframework.web.servlet.FrameworkServlet [http-nio-8091-exec-1] Completed initialization in 2 ms
2021-12-16 19:59:14,962 INFO com.mongodb.diagnostics.logging.SLF4JLogger [http-nio-8091-exec-2] Opened connection [connectionId{localValue:27, serverValue:14679}] to 178.128.19.31:27017
2021-12-16 19:59:21,389 INFO com.mongodb.diagnostics.logging.SLF4JLogger [http-nio-8091-exec-9] Opened connection [connectionId{localValue:28, serverValue:14680}] to 178.128.19.31:27017
2021-12-16 19:59:21,395 INFO com.mongodb.diagnostics.logging.SLF4JLogger [http-nio-8091-exec-2] Opened connection [connectionId{localValue:30, serverValue:14681}] to 178.128.19.31:27017
2021-12-16 19:59:21,411 INFO com.mongodb.diagnostics.logging.SLF4JLogger [http-nio-8091-exec-1] Opened connection [connectionId{localValue:29, serverValue:14682}] to 178.128.19.31:27017
2021-12-16 20:02:42,073 INFO com.mongodb.diagnostics.logging.SLF4JLogger [http-nio-8091-exec-5] Opened connection [connectionId{localValue:31, serverValue:14695}] to 178.128.19.31:27017
2021-12-16 20:02:42,116 INFO com.mongodb.diagnostics.logging.SLF4JLogger [http-nio-8091-exec-6] Opened connection [connectionId{localValue:32, serverValue:14696}] to 178.128.19.31:27017
2021-12-16 20:05:09,737 INFO org.springframework.boot.admin.SpringApplicationAdminMXBeanRegistrar$SpringApplicationAdmin [RMI TCP Connection(41)-127.0.0.1] Application shutdown requested.
