2021-11-14 10:46:38,220 INFO org.springframework.boot.StartupInfoLogger [restartedMain] Starting DigitalOfficeBackendApplication using Java 1.8.0_111 on My-Laptop with PID 10256 (D:\Workspace\IntelliJ_Projects\datn\digital-office-backend\target\classes started by Admin in D:\Workspace\IntelliJ_Projects\datn\digital-office-backend)
2021-11-14 10:46:38,221 DEBUG org.springframework.boot.StartupInfoLogger [restartedMain] Running with Spring Boot v2.5.6, Spring v5.3.12
2021-11-14 10:46:38,222 INFO org.springframework.boot.SpringApplication [restartedMain] No active profile set, falling back to default profiles: default
2021-11-14 10:46:38,279 INFO org.springframework.boot.logging.DeferredLog [restartedMain] Devtools property defaults active! Set 'spring.devtools.add-properties' to 'false' to disable
2021-11-14 10:46:38,285 INFO org.springframework.boot.logging.DeferredLog [restartedMain] For additional web related logging consider setting the 'logging.level.web' property to 'DEBUG'
2021-11-14 10:46:39,047 INFO org.springframework.data.repository.config.RepositoryConfigurationDelegate [restartedMain] Multiple Spring Data modules found, entering strict repository configuration mode!
2021-11-14 10:46:39,048 INFO org.springframework.data.repository.config.RepositoryConfigurationDelegate [restartedMain] Bootstrapping Spring Data MongoDB repositories in DEFAULT mode.
2021-11-14 10:46:39,062 INFO org.springframework.data.repository.config.RepositoryConfigurationDelegate [restartedMain] Finished Spring Data repository scanning in 7 ms. Found 0 MongoDB repository interfaces.
2021-11-14 10:46:39,319 INFO org.springframework.data.repository.config.RepositoryConfigurationDelegate [restartedMain] Multiple Spring Data modules found, entering strict repository configuration mode!
2021-11-14 10:46:39,320 INFO org.springframework.data.repository.config.RepositoryConfigurationDelegate [restartedMain] Bootstrapping Spring Data Redis repositories in DEFAULT mode.
2021-11-14 10:46:39,343 INFO org.springframework.data.repository.config.RepositoryConfigurationDelegate [restartedMain] Finished Spring Data repository scanning in 13 ms. Found 0 Redis repository interfaces.
2021-11-14 10:46:39,680 INFO org.springframework.context.support.PostProcessorRegistrationDelegate$BeanPostProcessorChecker [restartedMain] Bean 'org.springframework.security.access.expression.method.DefaultMethodSecurityExpressionHandler@2a874199' of type [org.springframework.security.access.expression.method.DefaultMethodSecurityExpressionHandler] is not eligible for getting processed by all BeanPostProcessors (for example: not eligible for auto-proxying)
2021-11-14 10:46:39,689 INFO org.springframework.context.support.PostProcessorRegistrationDelegate$BeanPostProcessorChecker [restartedMain] Bean 'methodSecurityMetadataSource' of type [org.springframework.security.access.method.DelegatingMethodSecurityMetadataSource] is not eligible for getting processed by all BeanPostProcessors (for example: not eligible for auto-proxying)
2021-11-14 10:46:40,064 INFO org.springframework.boot.web.embedded.tomcat.TomcatWebServer [restartedMain] Tomcat initialized with port(s): 8091 (http)
2021-11-14 10:46:40,074 INFO org.apache.juli.logging.DirectJDKLog [restartedMain] Initializing ProtocolHandler ["http-nio-8091"]
2021-11-14 10:46:40,075 INFO org.apache.juli.logging.DirectJDKLog [restartedMain] Starting service [Tomcat]
2021-11-14 10:46:40,075 INFO org.apache.juli.logging.DirectJDKLog [restartedMain] Starting Servlet engine: [Apache Tomcat/9.0.54]
2021-11-14 10:46:40,155 INFO org.apache.juli.logging.DirectJDKLog [restartedMain] Initializing Spring embedded WebApplicationContext
2021-11-14 10:46:40,156 INFO org.springframework.boot.web.servlet.context.ServletWebServerApplicationContext [restartedMain] Root WebApplicationContext: initialization completed in 1870 ms
2021-11-14 10:46:40,272 INFO com.mongodb.diagnostics.logging.SLF4JLogger [restartedMain] Cluster created with settings {hosts=[178.128.19.31:27017], mode=SINGLE, requiredClusterType=UNKNOWN, serverSelectionTimeout='30000 ms'}
2021-11-14 10:46:40,500 INFO com.mongodb.diagnostics.logging.SLF4JLogger [cluster-ClusterId{value='619086a04258d20c1b846f04', description='null'}-178.128.19.31:27017] Opened connection [connectionId{localValue:2, serverValue:1136}] to 178.128.19.31:27017
2021-11-14 10:46:40,500 INFO com.mongodb.diagnostics.logging.SLF4JLogger [cluster-rtt-ClusterId{value='619086a04258d20c1b846f04', description='null'}-178.128.19.31:27017] Opened connection [connectionId{localValue:1, serverValue:1137}] to 178.128.19.31:27017
2021-11-14 10:46:40,501 INFO com.mongodb.diagnostics.logging.SLF4JLogger [cluster-ClusterId{value='619086a04258d20c1b846f04', description='null'}-178.128.19.31:27017] Monitor thread successfully connected to server with description ServerDescription{address=178.128.19.31:27017, type=REPLICA_SET_PRIMARY, state=CONNECTED, ok=true, minWireVersion=0, maxWireVersion=9, maxDocumentSize=16777216, logicalSessionTimeoutMinutes=30, roundTripTimeNanos=74084700, setName='reps0', canonicalAddress=127.0.0.1:27017, hosts=[127.0.0.1:27017], passives=[], arbiters=[], primary='127.0.0.1:27017', tagSet=TagSet{[]}, electionId=7fffffff000000000000000e, setVersion=1, topologyVersion=TopologyVersion{processId=61824065b32f7a93cc0ee417, counter=6}, lastWriteDate=Sun Nov 14 10:46:39 ICT 2021, lastUpdateTimeNanos=5833022919100}
2021-11-14 10:46:40,851 DEBUG org.springframework.web.filter.GenericFilterBean [restartedMain] Filter 'jwtTokenFilter' configured for use
2021-11-14 10:46:41,453 INFO org.springframework.security.web.DefaultSecurityFilterChain [restartedMain] Will secure any request with [org.springframework.security.web.context.request.async.WebAsyncManagerIntegrationFilter@68ab2a3a, org.springframework.security.web.context.SecurityContextPersistenceFilter@7a6468f1, org.springframework.security.web.header.HeaderWriterFilter@656ff91d, org.springframework.web.filter.CorsFilter@5e227170, org.springframework.security.web.csrf.CsrfFilter@22eb046b, org.springframework.security.web.authentication.logout.LogoutFilter@5d1d74c3, com.datn.doffice.config.security.JwtTokenFilter@6a52c4d4, org.springframework.security.web.savedrequest.RequestCacheAwareFilter@32d7c06a, org.springframework.security.web.servletapi.SecurityContextHolderAwareRequestFilter@4bf5c593, org.springframework.security.web.authentication.AnonymousAuthenticationFilter@16197c38, org.springframework.security.web.session.SessionManagementFilter@3cf3e397, org.springframework.security.web.access.ExceptionTranslationFilter@d95ad31]
2021-11-14 10:46:41,944 INFO org.springframework.boot.devtools.autoconfigure.OptionalLiveReloadServer [restartedMain] LiveReload server is running on port 35729
2021-11-14 10:46:41,968 INFO org.apache.juli.logging.DirectJDKLog [restartedMain] Starting ProtocolHandler ["http-nio-8091"]
2021-11-14 10:46:41,973 WARN org.springframework.context.support.AbstractApplicationContext [restartedMain] Exception encountered during context initialization - cancelling refresh attempt: org.springframework.context.ApplicationContextException: Failed to start bean 'webServerStartStop'; nested exception is org.springframework.boot.web.server.PortInUseException: Port 8091 is already in use
2021-11-14 10:46:42,110 INFO org.apache.juli.logging.DirectJDKLog [restartedMain] Pausing ProtocolHandler ["http-nio-8091"]
2021-11-14 10:46:42,111 INFO org.apache.juli.logging.DirectJDKLog [restartedMain] Stopping service [Tomcat]
2021-11-14 10:46:42,123 WARN org.apache.juli.logging.DirectJDKLog [restartedMain] The web application [ROOT] appears to have started a thread named [cluster-ClusterId{value='619086a04258d20c1b846f04', description='null'}-178.128.19.31:27017] but has failed to stop it. This is very likely to create a memory leak. Stack trace of thread:
 java.net.SocketInputStream.socketRead0(Native Method)
 java.net.SocketInputStream.socketRead(SocketInputStream.java:116)
 java.net.SocketInputStream.read(SocketInputStream.java:170)
 java.net.SocketInputStream.read(SocketInputStream.java:141)
 com.mongodb.internal.connection.SocketStream.read(SocketStream.java:109)
 com.mongodb.internal.connection.SocketStream.read(SocketStream.java:131)
 com.mongodb.internal.connection.InternalStreamConnection.receiveResponseBuffers(InternalStreamConnection.java:647)
 com.mongodb.internal.connection.InternalStreamConnection.receiveMessageWithAdditionalTimeout(InternalStreamConnection.java:512)
 com.mongodb.internal.connection.InternalStreamConnection.receiveCommandMessageResponse(InternalStreamConnection.java:355)
 com.mongodb.internal.connection.InternalStreamConnection.receive(InternalStreamConnection.java:315)
 com.mongodb.internal.connection.DefaultServerMonitor$ServerMonitorRunnable.lookupServerDescription(DefaultServerMonitor.java:215)
 com.mongodb.internal.connection.DefaultServerMonitor$ServerMonitorRunnable.run(DefaultServerMonitor.java:144)
 java.lang.Thread.run(Thread.java:745)
2021-11-14 10:46:42,125 WARN org.apache.juli.logging.DirectJDKLog [restartedMain] The web application [ROOT] appears to have started a thread named [cluster-rtt-ClusterId{value='619086a04258d20c1b846f04', description='null'}-178.128.19.31:27017] but has failed to stop it. This is very likely to create a memory leak. Stack trace of thread:
 java.lang.Thread.sleep(Native Method)
 com.mongodb.internal.connection.DefaultServerMonitor.waitForNext(DefaultServerMonitor.java:435)
 com.mongodb.internal.connection.DefaultServerMonitor.access$1300(DefaultServerMonitor.java:57)
 com.mongodb.internal.connection.DefaultServerMonitor$RoundTripTimeRunnable.run(DefaultServerMonitor.java:409)
 java.lang.Thread.run(Thread.java:745)
2021-11-14 10:46:42,127 INFO org.apache.juli.logging.DirectJDKLog [restartedMain] Stopping ProtocolHandler ["http-nio-8091"]
2021-11-14 10:46:42,128 INFO org.apache.juli.logging.DirectJDKLog [restartedMain] Destroying ProtocolHandler ["http-nio-8091"]
2021-11-14 10:46:42,144 INFO org.springframework.boot.autoconfigure.logging.ConditionEvaluationReportLoggingListener [restartedMain] 

Error starting ApplicationContext. To display the conditions report re-run your application with 'debug' enabled.
2021-11-14 10:46:42,190 ERROR org.springframework.boot.diagnostics.LoggingFailureAnalysisReporter [restartedMain] 

***************************
APPLICATION FAILED TO START
***************************

Description:

Web server failed to start. Port 8091 was already in use.

Action:

Identify and stop the process that's listening on port 8091 or configure this application to listen on another port.

