2021-11-10 22:39:44,419 INFO org.springframework.boot.StartupInfoLogger [restartedMain] Starting DigitalOfficeBackendApplication using Java 1.8.0_111 on My-Laptop with PID 10964 (D:\Workspace\IntelliJ_Projects\datn\digital-office-backend\target\classes started by Admin in D:\Workspace\IntelliJ_Projects\datn\digital-office-backend)
2021-11-10 22:39:44,421 DEBUG org.springframework.boot.StartupInfoLogger [restartedMain] Running with Spring Boot v2.5.6, Spring v5.3.12
2021-11-10 22:39:44,422 INFO org.springframework.boot.SpringApplication [restartedMain] No active profile set, falling back to default profiles: default
2021-11-10 22:39:44,550 INFO org.springframework.boot.logging.DeferredLog [restartedMain] Devtools property defaults active! Set 'spring.devtools.add-properties' to 'false' to disable
2021-11-10 22:39:44,553 INFO org.springframework.boot.logging.DeferredLog [restartedMain] For additional web related logging consider setting the 'logging.level.web' property to 'DEBUG'
2021-11-10 22:39:45,907 INFO org.springframework.data.repository.config.RepositoryConfigurationDelegate [restartedMain] Bootstrapping Spring Data MongoDB repositories in DEFAULT mode.
2021-11-10 22:39:45,919 INFO org.springframework.data.repository.config.RepositoryConfigurationDelegate [restartedMain] Finished Spring Data repository scanning in 7 ms. Found 0 MongoDB repository interfaces.
2021-11-10 22:39:46,475 INFO org.springframework.context.support.PostProcessorRegistrationDelegate$BeanPostProcessorChecker [restartedMain] Bean 'org.springframework.security.access.expression.method.DefaultMethodSecurityExpressionHandler@37ec71ff' of type [org.springframework.security.access.expression.method.DefaultMethodSecurityExpressionHandler] is not eligible for getting processed by all BeanPostProcessors (for example: not eligible for auto-proxying)
2021-11-10 22:39:46,484 INFO org.springframework.context.support.PostProcessorRegistrationDelegate$BeanPostProcessorChecker [restartedMain] Bean 'methodSecurityMetadataSource' of type [org.springframework.security.access.method.DelegatingMethodSecurityMetadataSource] is not eligible for getting processed by all BeanPostProcessors (for example: not eligible for auto-proxying)
2021-11-10 22:39:46,894 INFO org.springframework.boot.web.embedded.tomcat.TomcatWebServer [restartedMain] Tomcat initialized with port(s): 8091 (http)
2021-11-10 22:39:46,905 INFO org.apache.juli.logging.DirectJDKLog [restartedMain] Initializing ProtocolHandler ["http-nio-8091"]
2021-11-10 22:39:46,907 INFO org.apache.juli.logging.DirectJDKLog [restartedMain] Starting service [Tomcat]
2021-11-10 22:39:46,907 INFO org.apache.juli.logging.DirectJDKLog [restartedMain] Starting Servlet engine: [Apache Tomcat/9.0.54]
2021-11-10 22:39:47,003 INFO org.apache.juli.logging.DirectJDKLog [restartedMain] Initializing Spring embedded WebApplicationContext
2021-11-10 22:39:47,003 INFO org.springframework.boot.web.servlet.context.ServletWebServerApplicationContext [restartedMain] Root WebApplicationContext: initialization completed in 2448 ms
2021-11-10 22:39:47,156 INFO com.mongodb.diagnostics.logging.SLF4JLogger [restartedMain] Cluster created with settings {hosts=[178.128.19.31:27017], mode=SINGLE, requiredClusterType=UNKNOWN, serverSelectionTimeout='30000 ms'}
2021-11-10 22:39:47,420 INFO com.mongodb.diagnostics.logging.SLF4JLogger [cluster-ClusterId{value='618be7c3203ab8379cdbf3bf', description='null'}-178.128.19.31:27017] Opened connection [connectionId{localValue:1, serverValue:824}] to 178.128.19.31:27017
2021-11-10 22:39:47,421 INFO com.mongodb.diagnostics.logging.SLF4JLogger [cluster-ClusterId{value='618be7c3203ab8379cdbf3bf', description='null'}-178.128.19.31:27017] Monitor thread successfully connected to server with description ServerDescription{address=178.128.19.31:27017, type=REPLICA_SET_PRIMARY, state=CONNECTED, ok=true, minWireVersion=0, maxWireVersion=9, maxDocumentSize=16777216, logicalSessionTimeoutMinutes=30, roundTripTimeNanos=114876900, setName='reps0', canonicalAddress=127.0.0.1:27017, hosts=[127.0.0.1:27017], passives=[], arbiters=[], primary='127.0.0.1:27017', tagSet=TagSet{[]}, electionId=7fffffff000000000000000e, setVersion=1, topologyVersion=TopologyVersion{processId=61824065b32f7a93cc0ee417, counter=6}, lastWriteDate=Wed Nov 10 22:39:39 ICT 2021, lastUpdateTimeNanos=15743320972200}
2021-11-10 22:39:47,782 DEBUG org.springframework.web.filter.GenericFilterBean [restartedMain] Filter 'jwtTokenFilter' configured for use
2021-11-10 22:39:48,067 INFO org.springframework.security.web.DefaultSecurityFilterChain [restartedMain] Will secure any request with [org.springframework.security.web.context.request.async.WebAsyncManagerIntegrationFilter@69ffd8d5, org.springframework.security.web.context.SecurityContextPersistenceFilter@141afb84, org.springframework.security.web.header.HeaderWriterFilter@10f9301a, org.springframework.web.filter.CorsFilter@677850e4, org.springframework.security.web.authentication.logout.LogoutFilter@524c5633, com.datn.doffice.config.security.JwtTokenFilter@5726b634, org.springframework.security.web.savedrequest.RequestCacheAwareFilter@24fe052b, org.springframework.security.web.servletapi.SecurityContextHolderAwareRequestFilter@1719ecb3, org.springframework.security.web.authentication.AnonymousAuthenticationFilter@3d678167, org.springframework.security.web.session.SessionManagementFilter@52d4752b, org.springframework.security.web.access.ExceptionTranslationFilter@7a313480]
2021-11-10 22:39:48,396 INFO com.mongodb.diagnostics.logging.SLF4JLogger [cluster-rtt-ClusterId{value='618be7c3203ab8379cdbf3bf', description='null'}-178.128.19.31:27017] Opened connection [connectionId{localValue:2, serverValue:825}] to 178.128.19.31:27017
2021-11-10 22:39:48,440 INFO org.springframework.boot.devtools.autoconfigure.OptionalLiveReloadServer [restartedMain] LiveReload server is running on port 35729
2021-11-10 22:39:48,463 INFO org.apache.juli.logging.DirectJDKLog [restartedMain] Starting ProtocolHandler ["http-nio-8091"]
2021-11-10 22:39:48,484 INFO org.springframework.boot.web.embedded.tomcat.TomcatWebServer [restartedMain] Tomcat started on port(s): 8091 (http) with context path ''
2021-11-10 22:39:48,495 INFO org.springframework.boot.StartupInfoLogger [restartedMain] Started DigitalOfficeBackendApplication in 6.139 seconds (JVM running for 8.83)
2021-11-10 22:39:55,758 INFO org.apache.juli.logging.DirectJDKLog [http-nio-8091-exec-2] Initializing Spring DispatcherServlet 'dispatcherServlet'
2021-11-10 22:39:55,758 INFO org.springframework.web.servlet.FrameworkServlet [http-nio-8091-exec-2] Initializing Servlet 'dispatcherServlet'
2021-11-10 22:39:55,759 INFO org.springframework.web.servlet.FrameworkServlet [http-nio-8091-exec-2] Completed initialization in 1 ms
2021-11-10 22:39:57,576 INFO com.mongodb.diagnostics.logging.SLF4JLogger [http-nio-8091-exec-2] Opened connection [connectionId{localValue:3, serverValue:826}] to 178.128.19.31:27017
2021-11-10 22:46:44,311 INFO org.springframework.boot.StartupInfoLogger [restartedMain] Starting DigitalOfficeBackendApplication using Java 1.8.0_111 on My-Laptop with PID 13548 (D:\Workspace\IntelliJ_Projects\datn\digital-office-backend\target\classes started by Admin in D:\Workspace\IntelliJ_Projects\datn\digital-office-backend)
2021-11-10 22:46:44,312 DEBUG org.springframework.boot.StartupInfoLogger [restartedMain] Running with Spring Boot v2.5.6, Spring v5.3.12
2021-11-10 22:46:44,313 INFO org.springframework.boot.SpringApplication [restartedMain] No active profile set, falling back to default profiles: default
2021-11-10 22:46:44,373 INFO org.springframework.boot.logging.DeferredLog [restartedMain] Devtools property defaults active! Set 'spring.devtools.add-properties' to 'false' to disable
2021-11-10 22:46:44,373 INFO org.springframework.boot.logging.DeferredLog [restartedMain] For additional web related logging consider setting the 'logging.level.web' property to 'DEBUG'
2021-11-10 22:46:44,991 INFO org.springframework.data.repository.config.RepositoryConfigurationDelegate [restartedMain] Bootstrapping Spring Data MongoDB repositories in DEFAULT mode.
2021-11-10 22:46:45,000 INFO org.springframework.data.repository.config.RepositoryConfigurationDelegate [restartedMain] Finished Spring Data repository scanning in 5 ms. Found 0 MongoDB repository interfaces.
2021-11-10 22:46:45,420 INFO org.springframework.context.support.PostProcessorRegistrationDelegate$BeanPostProcessorChecker [restartedMain] Bean 'org.springframework.security.access.expression.method.DefaultMethodSecurityExpressionHandler@208cb406' of type [org.springframework.security.access.expression.method.DefaultMethodSecurityExpressionHandler] is not eligible for getting processed by all BeanPostProcessors (for example: not eligible for auto-proxying)
2021-11-10 22:46:45,424 INFO org.springframework.context.support.PostProcessorRegistrationDelegate$BeanPostProcessorChecker [restartedMain] Bean 'methodSecurityMetadataSource' of type [org.springframework.security.access.method.DelegatingMethodSecurityMetadataSource] is not eligible for getting processed by all BeanPostProcessors (for example: not eligible for auto-proxying)
2021-11-10 22:46:45,711 INFO org.springframework.boot.web.embedded.tomcat.TomcatWebServer [restartedMain] Tomcat initialized with port(s): 8091 (http)
2021-11-10 22:46:45,718 INFO org.apache.juli.logging.DirectJDKLog [restartedMain] Initializing ProtocolHandler ["http-nio-8091"]
2021-11-10 22:46:45,719 INFO org.apache.juli.logging.DirectJDKLog [restartedMain] Starting service [Tomcat]
2021-11-10 22:46:45,720 INFO org.apache.juli.logging.DirectJDKLog [restartedMain] Starting Servlet engine: [Apache Tomcat/9.0.54]
2021-11-10 22:46:45,794 INFO org.apache.juli.logging.DirectJDKLog [restartedMain] Initializing Spring embedded WebApplicationContext
2021-11-10 22:46:45,795 INFO org.springframework.boot.web.servlet.context.ServletWebServerApplicationContext [restartedMain] Root WebApplicationContext: initialization completed in 1421 ms
2021-11-10 22:46:45,870 INFO com.mongodb.diagnostics.logging.SLF4JLogger [restartedMain] Cluster created with settings {hosts=[178.128.19.31:27017], mode=SINGLE, requiredClusterType=UNKNOWN, serverSelectionTimeout='30000 ms'}
2021-11-10 22:46:46,101 INFO com.mongodb.diagnostics.logging.SLF4JLogger [cluster-ClusterId{value='618be965f927815647dad1ce', description='null'}-178.128.19.31:27017] Opened connection [connectionId{localValue:1, serverValue:828}] to 178.128.19.31:27017
2021-11-10 22:46:46,101 INFO com.mongodb.diagnostics.logging.SLF4JLogger [cluster-ClusterId{value='618be965f927815647dad1ce', description='null'}-178.128.19.31:27017] Monitor thread successfully connected to server with description ServerDescription{address=178.128.19.31:27017, type=REPLICA_SET_PRIMARY, state=CONNECTED, ok=true, minWireVersion=0, maxWireVersion=9, maxDocumentSize=16777216, logicalSessionTimeoutMinutes=30, roundTripTimeNanos=107479600, setName='reps0', canonicalAddress=127.0.0.1:27017, hosts=[127.0.0.1:27017], passives=[], arbiters=[], primary='127.0.0.1:27017', tagSet=TagSet{[]}, electionId=7fffffff000000000000000e, setVersion=1, topologyVersion=TopologyVersion{processId=61824065b32f7a93cc0ee417, counter=6}, lastWriteDate=Wed Nov 10 22:46:39 ICT 2021, lastUpdateTimeNanos=16162001575100}
2021-11-10 22:46:46,275 ERROR org.springframework.boot.web.embedded.tomcat.TomcatStarter [restartedMain] Error starting Tomcat context. Exception: org.springframework.beans.factory.UnsatisfiedDependencyException. Message: Error creating bean with name 'jwtTokenFilter': Unsatisfied dependency expressed through field 'mapping'; nested exception is org.springframework.beans.factory.BeanCreationException: Error creating bean with name 'requestMappingHandlerMapping' defined in class path resource [org/springframework/boot/autoconfigure/web/servlet/WebMvcAutoConfiguration$EnableWebMvcConfiguration.class]: Invocation of init method failed; nested exception is java.lang.IllegalStateException: Ambiguous mapping. Cannot map 'officialDispatchController' method 
com.datn.doffice.controller.OfficialDispatchController#getComingDispatchById(String)
to {GET [/api/official-dispatch]}: There is already 'officialDispatchController' bean method
com.datn.doffice.controller.OfficialDispatchController#getAllComingDispatch() mapped.
2021-11-10 22:46:46,292 INFO org.apache.juli.logging.DirectJDKLog [restartedMain] Stopping service [Tomcat]
2021-11-10 22:46:46,301 WARN org.apache.juli.logging.DirectJDKLog [restartedMain] The web application [ROOT] appears to have started a thread named [cluster-ClusterId{value='618be965f927815647dad1ce', description='null'}-178.128.19.31:27017] but has failed to stop it. This is very likely to create a memory leak. Stack trace of thread:
 java.net.SocketInputStream.socketRead0(Native Method)
 java.net.SocketInputStream.socketRead(SocketInputStream.java:116)
 java.net.SocketInputStream.read(SocketInputStream.java:170)
 java.net.SocketInputStream.read(SocketInputStream.java:141)
 com.mongodb.internal.connection.SocketStream.read(SocketStream.java:109)
 com.mongodb.internal.connection.SocketStream.read(SocketStream.java:131)
 com.mongodb.internal.connection.InternalStreamConnection.receiveResponseBuffers(InternalStreamConnection.java:647)
 com.mongodb.internal.connection.InternalStreamConnection.receiveMessageWithAdditionalTimeout(InternalStreamConnection.java:512)
 com.mongodb.internal.connection.InternalStreamConnection.receiveCommandMessageResponse(InternalStreamConnection.java:355)
 com.mongodb.internal.connection.InternalStreamConnection.receive(InternalStreamConnection.java:315)
 com.mongodb.internal.connection.DefaultServerMonitor$ServerMonitorRunnable.lookupServerDescription(DefaultServerMonitor.java:215)
 com.mongodb.internal.connection.DefaultServerMonitor$ServerMonitorRunnable.run(DefaultServerMonitor.java:144)
 java.lang.Thread.run(Thread.java:745)
2021-11-10 22:46:46,302 WARN org.apache.juli.logging.DirectJDKLog [restartedMain] The web application [ROOT] appears to have started a thread named [cluster-rtt-ClusterId{value='618be965f927815647dad1ce', description='null'}-178.128.19.31:27017] but has failed to stop it. This is very likely to create a memory leak. Stack trace of thread:
 java.net.SocketInputStream.socketRead0(Native Method)
 java.net.SocketInputStream.socketRead(SocketInputStream.java:116)
 java.net.SocketInputStream.read(SocketInputStream.java:170)
 java.net.SocketInputStream.read(SocketInputStream.java:141)
 com.mongodb.internal.connection.SocketStream.read(SocketStream.java:109)
 com.mongodb.internal.connection.SocketStream.read(SocketStream.java:131)
 com.mongodb.internal.connection.InternalStreamConnection.receiveResponseBuffers(InternalStreamConnection.java:647)
 com.mongodb.internal.connection.InternalStreamConnection.receiveMessageWithAdditionalTimeout(InternalStreamConnection.java:512)
 com.mongodb.internal.connection.InternalStreamConnection.receiveCommandMessageResponse(InternalStreamConnection.java:355)
 com.mongodb.internal.connection.InternalStreamConnection.sendAndReceive(InternalStreamConnection.java:279)
 com.mongodb.internal.connection.CommandHelper.sendAndReceive(CommandHelper.java:83)
 com.mongodb.internal.connection.CommandHelper.executeCommand(CommandHelper.java:33)
 com.mongodb.internal.connection.InternalStreamConnectionInitializer.initializeConnectionDescription(InternalStreamConnectionInitializer.java:107)
 com.mongodb.internal.connection.InternalStreamConnectionInitializer.initialize(InternalStreamConnectionInitializer.java:62)
 com.mongodb.internal.connection.InternalStreamConnection.open(InternalStreamConnection.java:144)
 com.mongodb.internal.connection.DefaultServerMonitor$RoundTripTimeRunnable.initialize(DefaultServerMonitor.java:421)
 com.mongodb.internal.connection.DefaultServerMonitor$RoundTripTimeRunnable.run(DefaultServerMonitor.java:399)
 java.lang.Thread.run(Thread.java:745)
2021-11-10 22:46:46,304 WARN org.springframework.context.support.AbstractApplicationContext [restartedMain] Exception encountered during context initialization - cancelling refresh attempt: org.springframework.context.ApplicationContextException: Unable to start web server; nested exception is org.springframework.boot.web.server.WebServerException: Unable to start embedded Tomcat
2021-11-10 22:46:46,318 INFO org.springframework.boot.autoconfigure.logging.ConditionEvaluationReportLoggingListener [restartedMain] 

Error starting ApplicationContext. To display the conditions report re-run your application with 'debug' enabled.
2021-11-10 22:46:46,352 ERROR org.springframework.boot.SpringApplication [restartedMain] Application run failed
org.springframework.context.ApplicationContextException: Unable to start web server; nested exception is org.springframework.boot.web.server.WebServerException: Unable to start embedded Tomcat
	at org.springframework.boot.web.servlet.context.ServletWebServerApplicationContext.onRefresh(ServletWebServerApplicationContext.java:163)
	at org.springframework.context.support.AbstractApplicationContext.refresh(AbstractApplicationContext.java:577)
	at org.springframework.boot.web.servlet.context.ServletWebServerApplicationContext.refresh(ServletWebServerApplicationContext.java:145)
	at org.springframework.boot.SpringApplication.refresh(SpringApplication.java:754)
	at org.springframework.boot.SpringApplication.refreshContext(SpringApplication.java:434)
	at org.springframework.boot.SpringApplication.run(SpringApplication.java:338)
	at org.springframework.boot.SpringApplication.run(SpringApplication.java:1343)
	at org.springframework.boot.SpringApplication.run(SpringApplication.java:1332)
	at com.datn.doffice.DigitalOfficeBackendApplication.main(DigitalOfficeBackendApplication.java:15)
	at sun.reflect.NativeMethodAccessorImpl.invoke0(Native Method)
	at sun.reflect.NativeMethodAccessorImpl.invoke(NativeMethodAccessorImpl.java:62)
	at sun.reflect.DelegatingMethodAccessorImpl.invoke(DelegatingMethodAccessorImpl.java:43)
	at java.lang.reflect.Method.invoke(Method.java:498)
	at org.springframework.boot.devtools.restart.RestartLauncher.run(RestartLauncher.java:49)
Caused by: org.springframework.boot.web.server.WebServerException: Unable to start embedded Tomcat
	at org.springframework.boot.web.embedded.tomcat.TomcatWebServer.initialize(TomcatWebServer.java:142)
	at org.springframework.boot.web.embedded.tomcat.TomcatWebServer.<init>(TomcatWebServer.java:104)
	at org.springframework.boot.web.embedded.tomcat.TomcatServletWebServerFactory.getTomcatWebServer(TomcatServletWebServerFactory.java:450)
	at org.springframework.boot.web.embedded.tomcat.TomcatServletWebServerFactory.getWebServer(TomcatServletWebServerFactory.java:199)
	at org.springframework.boot.web.servlet.context.ServletWebServerApplicationContext.createWebServer(ServletWebServerApplicationContext.java:182)
	at org.springframework.boot.web.servlet.context.ServletWebServerApplicationContext.onRefresh(ServletWebServerApplicationContext.java:160)
	... 13 common frames omitted
Caused by: org.springframework.beans.factory.UnsatisfiedDependencyException: Error creating bean with name 'jwtTokenFilter': Unsatisfied dependency expressed through field 'mapping'; nested exception is org.springframework.beans.factory.BeanCreationException: Error creating bean with name 'requestMappingHandlerMapping' defined in class path resource [org/springframework/boot/autoconfigure/web/servlet/WebMvcAutoConfiguration$EnableWebMvcConfiguration.class]: Invocation of init method failed; nested exception is java.lang.IllegalStateException: Ambiguous mapping. Cannot map 'officialDispatchController' method 
com.datn.doffice.controller.OfficialDispatchController#getComingDispatchById(String)
to {GET [/api/official-dispatch]}: There is already 'officialDispatchController' bean method
com.datn.doffice.controller.OfficialDispatchController#getAllComingDispatch() mapped.
	at org.springframework.beans.factory.annotation.AutowiredAnnotationBeanPostProcessor$AutowiredFieldElement.resolveFieldValue(AutowiredAnnotationBeanPostProcessor.java:659)
	at org.springframework.beans.factory.annotation.AutowiredAnnotationBeanPostProcessor$AutowiredFieldElement.inject(AutowiredAnnotationBeanPostProcessor.java:639)
	at org.springframework.beans.factory.annotation.InjectionMetadata.inject(InjectionMetadata.java:119)
	at org.springframework.beans.factory.annotation.AutowiredAnnotationBeanPostProcessor.postProcessProperties(AutowiredAnnotationBeanPostProcessor.java:399)
	at org.springframework.beans.factory.support.AbstractAutowireCapableBeanFactory.populateBean(AbstractAutowireCapableBeanFactory.java:1431)
	at org.springframework.beans.factory.support.AbstractAutowireCapableBeanFactory.doCreateBean(AbstractAutowireCapableBeanFactory.java:619)
	at org.springframework.beans.factory.support.AbstractAutowireCapableBeanFactory.createBean(AbstractAutowireCapableBeanFactory.java:542)
	at org.springframework.beans.factory.support.AbstractBeanFactory.lambda$doGetBean$0(AbstractBeanFactory.java:335)
	at org.springframework.beans.factory.support.DefaultSingletonBeanRegistry.getSingleton(DefaultSingletonBeanRegistry.java:234)
	at org.springframework.beans.factory.support.AbstractBeanFactory.doGetBean(AbstractBeanFactory.java:333)
	at org.springframework.beans.factory.support.AbstractBeanFactory.getBean(AbstractBeanFactory.java:213)
	at org.springframework.boot.web.servlet.ServletContextInitializerBeans.getOrderedBeansOfType(ServletContextInitializerBeans.java:212)
	at org.springframework.boot.web.servlet.ServletContextInitializerBeans.addAsRegistrationBean(ServletContextInitializerBeans.java:175)
	at org.springframework.boot.web.servlet.ServletContextInitializerBeans.addAsRegistrationBean(ServletContextInitializerBeans.java:170)
	at org.springframework.boot.web.servlet.ServletContextInitializerBeans.addAdaptableBeans(ServletContextInitializerBeans.java:155)
	at org.springframework.boot.web.servlet.ServletContextInitializerBeans.<init>(ServletContextInitializerBeans.java:87)
	at org.springframework.boot.web.servlet.context.ServletWebServerApplicationContext.getServletContextInitializerBeans(ServletWebServerApplicationContext.java:260)
	at org.springframework.boot.web.servlet.context.ServletWebServerApplicationContext.selfInitialize(ServletWebServerApplicationContext.java:234)
	at org.springframework.boot.web.embedded.tomcat.TomcatStarter.onStartup(TomcatStarter.java:53)
	at org.apache.catalina.core.StandardContext.startInternal(StandardContext.java:5219)
	at org.apache.catalina.util.LifecycleBase.start(LifecycleBase.java:183)
	at org.apache.catalina.core.ContainerBase$StartChild.call(ContainerBase.java:1396)
	at org.apache.catalina.core.ContainerBase$StartChild.call(ContainerBase.java:1386)
	at java.util.concurrent.FutureTask.run(FutureTask.java:266)
	at org.apache.tomcat.util.threads.InlineExecutorService.execute(InlineExecutorService.java:75)
	at java.util.concurrent.AbstractExecutorService.submit(AbstractExecutorService.java:134)
	at org.apache.catalina.core.ContainerBase.startInternal(ContainerBase.java:919)
	at org.apache.catalina.core.StandardHost.startInternal(StandardHost.java:835)
	at org.apache.catalina.util.LifecycleBase.start(LifecycleBase.java:183)
	at org.apache.catalina.core.ContainerBase$StartChild.call(ContainerBase.java:1396)
	at org.apache.catalina.core.ContainerBase$StartChild.call(ContainerBase.java:1386)
	at java.util.concurrent.FutureTask.run(FutureTask.java:266)
	at org.apache.tomcat.util.threads.InlineExecutorService.execute(InlineExecutorService.java:75)
	at java.util.concurrent.AbstractExecutorService.submit(AbstractExecutorService.java:134)
	at org.apache.catalina.core.ContainerBase.startInternal(ContainerBase.java:919)
	at org.apache.catalina.core.StandardEngine.startInternal(StandardEngine.java:263)
	at org.apache.catalina.util.LifecycleBase.start(LifecycleBase.java:183)
	at org.apache.catalina.core.StandardService.startInternal(StandardService.java:432)
	at org.apache.catalina.util.LifecycleBase.start(LifecycleBase.java:183)
	at org.apache.catalina.core.StandardServer.startInternal(StandardServer.java:927)
	at org.apache.catalina.util.LifecycleBase.start(LifecycleBase.java:183)
	at org.apache.catalina.startup.Tomcat.start(Tomcat.java:486)
	at org.springframework.boot.web.embedded.tomcat.TomcatWebServer.initialize(TomcatWebServer.java:123)
	... 18 common frames omitted
Caused by: org.springframework.beans.factory.BeanCreationException: Error creating bean with name 'requestMappingHandlerMapping' defined in class path resource [org/springframework/boot/autoconfigure/web/servlet/WebMvcAutoConfiguration$EnableWebMvcConfiguration.class]: Invocation of init method failed; nested exception is java.lang.IllegalStateException: Ambiguous mapping. Cannot map 'officialDispatchController' method 
com.datn.doffice.controller.OfficialDispatchController#getComingDispatchById(String)
to {GET [/api/official-dispatch]}: There is already 'officialDispatchController' bean method
com.datn.doffice.controller.OfficialDispatchController#getAllComingDispatch() mapped.
	at org.springframework.beans.factory.support.AbstractAutowireCapableBeanFactory.initializeBean(AbstractAutowireCapableBeanFactory.java:1804)
	at org.springframework.beans.factory.support.AbstractAutowireCapableBeanFactory.doCreateBean(AbstractAutowireCapableBeanFactory.java:620)
	at org.springframework.beans.factory.support.AbstractAutowireCapableBeanFactory.createBean(AbstractAutowireCapableBeanFactory.java:542)
	at org.springframework.beans.factory.support.AbstractBeanFactory.lambda$doGetBean$0(AbstractBeanFactory.java:335)
	at org.springframework.beans.factory.support.DefaultSingletonBeanRegistry.getSingleton(DefaultSingletonBeanRegistry.java:234)
	at org.springframework.beans.factory.support.AbstractBeanFactory.doGetBean(AbstractBeanFactory.java:333)
	at org.springframework.beans.factory.support.AbstractBeanFactory.getBean(AbstractBeanFactory.java:208)
	at org.springframework.beans.factory.config.DependencyDescriptor.resolveCandidate(DependencyDescriptor.java:276)
	at org.springframework.beans.factory.support.DefaultListableBeanFactory.doResolveDependency(DefaultListableBeanFactory.java:1380)
	at org.springframework.beans.factory.support.DefaultListableBeanFactory.resolveDependency(DefaultListableBeanFactory.java:1300)
	at org.springframework.beans.factory.annotation.AutowiredAnnotationBeanPostProcessor$AutowiredFieldElement.resolveFieldValue(AutowiredAnnotationBeanPostProcessor.java:656)
	... 60 common frames omitted
Caused by: java.lang.IllegalStateException: Ambiguous mapping. Cannot map 'officialDispatchController' method 
com.datn.doffice.controller.OfficialDispatchController#getComingDispatchById(String)
to {GET [/api/official-dispatch]}: There is already 'officialDispatchController' bean method
com.datn.doffice.controller.OfficialDispatchController#getAllComingDispatch() mapped.
	at org.springframework.web.servlet.handler.AbstractHandlerMethodMapping$MappingRegistry.validateMethodMapping(AbstractHandlerMethodMapping.java:669)
	at org.springframework.web.servlet.handler.AbstractHandlerMethodMapping$MappingRegistry.register(AbstractHandlerMethodMapping.java:635)
	at org.springframework.web.servlet.handler.AbstractHandlerMethodMapping.registerHandlerMethod(AbstractHandlerMethodMapping.java:332)
	at org.springframework.web.servlet.mvc.method.annotation.RequestMappingHandlerMapping.registerHandlerMethod(RequestMappingHandlerMapping.java:395)
	at org.springframework.web.servlet.mvc.method.annotation.RequestMappingHandlerMapping.registerHandlerMethod(RequestMappingHandlerMapping.java:76)
	at org.springframework.web.servlet.handler.AbstractHandlerMethodMapping.lambda$detectHandlerMethods$2(AbstractHandlerMethodMapping.java:299)
	at java.util.LinkedHashMap.forEach(LinkedHashMap.java:684)
	at org.springframework.web.servlet.handler.AbstractHandlerMethodMapping.detectHandlerMethods(AbstractHandlerMethodMapping.java:297)
	at org.springframework.web.servlet.handler.AbstractHandlerMethodMapping.processCandidateBean(AbstractHandlerMethodMapping.java:266)
	at org.springframework.web.servlet.handler.AbstractHandlerMethodMapping.initHandlerMethods(AbstractHandlerMethodMapping.java:225)
	at org.springframework.web.servlet.handler.AbstractHandlerMethodMapping.afterPropertiesSet(AbstractHandlerMethodMapping.java:213)
	at org.springframework.web.servlet.mvc.method.annotation.RequestMappingHandlerMapping.afterPropertiesSet(RequestMappingHandlerMapping.java:206)
	at org.springframework.beans.factory.support.AbstractAutowireCapableBeanFactory.invokeInitMethods(AbstractAutowireCapableBeanFactory.java:1863)
	at org.springframework.beans.factory.support.AbstractAutowireCapableBeanFactory.initializeBean(AbstractAutowireCapableBeanFactory.java:1800)
	... 70 common frames omitted
2021-11-10 22:47:32,708 INFO org.springframework.boot.StartupInfoLogger [restartedMain] Starting DigitalOfficeBackendApplication using Java 1.8.0_111 on My-Laptop with PID 4088 (D:\Workspace\IntelliJ_Projects\datn\digital-office-backend\target\classes started by Admin in D:\Workspace\IntelliJ_Projects\datn\digital-office-backend)
2021-11-10 22:47:32,710 DEBUG org.springframework.boot.StartupInfoLogger [restartedMain] Running with Spring Boot v2.5.6, Spring v5.3.12
2021-11-10 22:47:32,711 INFO org.springframework.boot.SpringApplication [restartedMain] No active profile set, falling back to default profiles: default
2021-11-10 22:47:32,767 INFO org.springframework.boot.logging.DeferredLog [restartedMain] Devtools property defaults active! Set 'spring.devtools.add-properties' to 'false' to disable
2021-11-10 22:47:32,768 INFO org.springframework.boot.logging.DeferredLog [restartedMain] For additional web related logging consider setting the 'logging.level.web' property to 'DEBUG'
2021-11-10 22:47:33,425 INFO org.springframework.data.repository.config.RepositoryConfigurationDelegate [restartedMain] Bootstrapping Spring Data MongoDB repositories in DEFAULT mode.
2021-11-10 22:47:33,436 INFO org.springframework.data.repository.config.RepositoryConfigurationDelegate [restartedMain] Finished Spring Data repository scanning in 6 ms. Found 0 MongoDB repository interfaces.
2021-11-10 22:47:33,878 INFO org.springframework.context.support.PostProcessorRegistrationDelegate$BeanPostProcessorChecker [restartedMain] Bean 'org.springframework.security.access.expression.method.DefaultMethodSecurityExpressionHandler@3a3942df' of type [org.springframework.security.access.expression.method.DefaultMethodSecurityExpressionHandler] is not eligible for getting processed by all BeanPostProcessors (for example: not eligible for auto-proxying)
2021-11-10 22:47:33,881 INFO org.springframework.context.support.PostProcessorRegistrationDelegate$BeanPostProcessorChecker [restartedMain] Bean 'methodSecurityMetadataSource' of type [org.springframework.security.access.method.DelegatingMethodSecurityMetadataSource] is not eligible for getting processed by all BeanPostProcessors (for example: not eligible for auto-proxying)
2021-11-10 22:47:34,175 INFO org.springframework.boot.web.embedded.tomcat.TomcatWebServer [restartedMain] Tomcat initialized with port(s): 8091 (http)
2021-11-10 22:47:34,183 INFO org.apache.juli.logging.DirectJDKLog [restartedMain] Initializing ProtocolHandler ["http-nio-8091"]
2021-11-10 22:47:34,183 INFO org.apache.juli.logging.DirectJDKLog [restartedMain] Starting service [Tomcat]
2021-11-10 22:47:34,184 INFO org.apache.juli.logging.DirectJDKLog [restartedMain] Starting Servlet engine: [Apache Tomcat/9.0.54]
2021-11-10 22:47:34,256 INFO org.apache.juli.logging.DirectJDKLog [restartedMain] Initializing Spring embedded WebApplicationContext
2021-11-10 22:47:34,257 INFO org.springframework.boot.web.servlet.context.ServletWebServerApplicationContext [restartedMain] Root WebApplicationContext: initialization completed in 1488 ms
2021-11-10 22:47:34,342 INFO com.mongodb.diagnostics.logging.SLF4JLogger [restartedMain] Cluster created with settings {hosts=[178.128.19.31:27017], mode=SINGLE, requiredClusterType=UNKNOWN, serverSelectionTimeout='30000 ms'}
2021-11-10 22:47:34,885 DEBUG org.springframework.web.filter.GenericFilterBean [restartedMain] Filter 'jwtTokenFilter' configured for use
2021-11-10 22:47:34,886 INFO com.mongodb.diagnostics.logging.SLF4JLogger [cluster-rtt-ClusterId{value='618be996a0ac3f6cfb20996d', description='null'}-178.128.19.31:27017] Opened connection [connectionId{localValue:1, serverValue:829}] to 178.128.19.31:27017
2021-11-10 22:47:35,131 INFO org.springframework.security.web.DefaultSecurityFilterChain [restartedMain] Will secure any request with [org.springframework.security.web.context.request.async.WebAsyncManagerIntegrationFilter@4d051b2b, org.springframework.security.web.context.SecurityContextPersistenceFilter@7aece75, org.springframework.security.web.header.HeaderWriterFilter@50fca4b1, org.springframework.web.filter.CorsFilter@7e74f218, org.springframework.security.web.authentication.logout.LogoutFilter@ede7a17, com.datn.doffice.config.security.JwtTokenFilter@44e80fc8, org.springframework.security.web.savedrequest.RequestCacheAwareFilter@17f643e8, org.springframework.security.web.servletapi.SecurityContextHolderAwareRequestFilter@6051835a, org.springframework.security.web.authentication.AnonymousAuthenticationFilter@45b6ae2e, org.springframework.security.web.session.SessionManagementFilter@6e2cb694, org.springframework.security.web.access.ExceptionTranslationFilter@5bfe6fd9]
2021-11-10 22:47:35,447 INFO org.springframework.boot.devtools.autoconfigure.OptionalLiveReloadServer [restartedMain] LiveReload server is running on port 35729
2021-11-10 22:47:35,469 INFO org.apache.juli.logging.DirectJDKLog [restartedMain] Starting ProtocolHandler ["http-nio-8091"]
2021-11-10 22:47:35,486 INFO org.springframework.boot.web.embedded.tomcat.TomcatWebServer [restartedMain] Tomcat started on port(s): 8091 (http) with context path ''
2021-11-10 22:47:35,497 INFO org.springframework.boot.StartupInfoLogger [restartedMain] Started DigitalOfficeBackendApplication in 3.405 seconds (JVM running for 5.0)
2021-11-10 22:47:37,568 INFO com.mongodb.diagnostics.logging.SLF4JLogger [cluster-ClusterId{value='618be996a0ac3f6cfb20996d', description='null'}-178.128.19.31:27017] Opened connection [connectionId{localValue:2, serverValue:830}] to 178.128.19.31:27017
2021-11-10 22:47:37,569 INFO com.mongodb.diagnostics.logging.SLF4JLogger [cluster-ClusterId{value='618be996a0ac3f6cfb20996d', description='null'}-178.128.19.31:27017] Monitor thread successfully connected to server with description ServerDescription{address=178.128.19.31:27017, type=REPLICA_SET_PRIMARY, state=CONNECTED, ok=true, minWireVersion=0, maxWireVersion=9, maxDocumentSize=16777216, logicalSessionTimeoutMinutes=30, roundTripTimeNanos=1098007400, setName='reps0', canonicalAddress=127.0.0.1:27017, hosts=[127.0.0.1:27017], passives=[], arbiters=[], primary='127.0.0.1:27017', tagSet=TagSet{[]}, electionId=7fffffff000000000000000e, setVersion=1, topologyVersion=TopologyVersion{processId=61824065b32f7a93cc0ee417, counter=6}, lastWriteDate=Wed Nov 10 22:47:29 ICT 2021, lastUpdateTimeNanos=16213470342000}
2021-11-10 22:47:57,900 INFO org.apache.juli.logging.DirectJDKLog [http-nio-8091-exec-1] Initializing Spring DispatcherServlet 'dispatcherServlet'
2021-11-10 22:47:57,901 INFO org.springframework.web.servlet.FrameworkServlet [http-nio-8091-exec-1] Initializing Servlet 'dispatcherServlet'
2021-11-10 22:47:57,902 INFO org.springframework.web.servlet.FrameworkServlet [http-nio-8091-exec-1] Completed initialization in 1 ms
2021-11-10 22:47:59,453 INFO com.mongodb.diagnostics.logging.SLF4JLogger [http-nio-8091-exec-1] Opened connection [connectionId{localValue:3, serverValue:831}] to 178.128.19.31:27017
2021-11-10 22:48:26,811 INFO org.springframework.boot.StartupInfoLogger [restartedMain] Starting DigitalOfficeBackendApplication using Java 1.8.0_111 on My-Laptop with PID 5800 (D:\Workspace\IntelliJ_Projects\datn\digital-office-backend\target\classes started by Admin in D:\Workspace\IntelliJ_Projects\datn\digital-office-backend)
2021-11-10 22:48:26,813 DEBUG org.springframework.boot.StartupInfoLogger [restartedMain] Running with Spring Boot v2.5.6, Spring v5.3.12
2021-11-10 22:48:26,813 INFO org.springframework.boot.SpringApplication [restartedMain] No active profile set, falling back to default profiles: default
2021-11-10 22:48:26,876 INFO org.springframework.boot.logging.DeferredLog [restartedMain] Devtools property defaults active! Set 'spring.devtools.add-properties' to 'false' to disable
2021-11-10 22:48:26,876 INFO org.springframework.boot.logging.DeferredLog [restartedMain] For additional web related logging consider setting the 'logging.level.web' property to 'DEBUG'
2021-11-10 22:48:27,479 INFO org.springframework.data.repository.config.RepositoryConfigurationDelegate [restartedMain] Bootstrapping Spring Data MongoDB repositories in DEFAULT mode.
2021-11-10 22:48:27,491 INFO org.springframework.data.repository.config.RepositoryConfigurationDelegate [restartedMain] Finished Spring Data repository scanning in 7 ms. Found 0 MongoDB repository interfaces.
2021-11-10 22:48:28,060 INFO org.springframework.context.support.PostProcessorRegistrationDelegate$BeanPostProcessorChecker [restartedMain] Bean 'org.springframework.security.access.expression.method.DefaultMethodSecurityExpressionHandler@38554716' of type [org.springframework.security.access.expression.method.DefaultMethodSecurityExpressionHandler] is not eligible for getting processed by all BeanPostProcessors (for example: not eligible for auto-proxying)
2021-11-10 22:48:28,065 INFO org.springframework.context.support.PostProcessorRegistrationDelegate$BeanPostProcessorChecker [restartedMain] Bean 'methodSecurityMetadataSource' of type [org.springframework.security.access.method.DelegatingMethodSecurityMetadataSource] is not eligible for getting processed by all BeanPostProcessors (for example: not eligible for auto-proxying)
2021-11-10 22:48:28,435 INFO org.springframework.boot.web.embedded.tomcat.TomcatWebServer [restartedMain] Tomcat initialized with port(s): 8091 (http)
2021-11-10 22:48:28,445 INFO org.apache.juli.logging.DirectJDKLog [restartedMain] Initializing ProtocolHandler ["http-nio-8091"]
2021-11-10 22:48:28,446 INFO org.apache.juli.logging.DirectJDKLog [restartedMain] Starting service [Tomcat]
2021-11-10 22:48:28,447 INFO org.apache.juli.logging.DirectJDKLog [restartedMain] Starting Servlet engine: [Apache Tomcat/9.0.54]
2021-11-10 22:48:28,550 INFO org.apache.juli.logging.DirectJDKLog [restartedMain] Initializing Spring embedded WebApplicationContext
2021-11-10 22:48:28,551 INFO org.springframework.boot.web.servlet.context.ServletWebServerApplicationContext [restartedMain] Root WebApplicationContext: initialization completed in 1674 ms
2021-11-10 22:48:28,680 INFO com.mongodb.diagnostics.logging.SLF4JLogger [restartedMain] Cluster created with settings {hosts=[178.128.19.31:27017], mode=SINGLE, requiredClusterType=UNKNOWN, serverSelectionTimeout='30000 ms'}
2021-11-10 22:48:29,009 INFO com.mongodb.diagnostics.logging.SLF4JLogger [cluster-ClusterId{value='618be9cc127bb17b192c8891', description='null'}-178.128.19.31:27017] Opened connection [connectionId{localValue:1, serverValue:832}] to 178.128.19.31:27017
2021-11-10 22:48:29,009 INFO com.mongodb.diagnostics.logging.SLF4JLogger [cluster-ClusterId{value='618be9cc127bb17b192c8891', description='null'}-178.128.19.31:27017] Monitor thread successfully connected to server with description ServerDescription{address=178.128.19.31:27017, type=REPLICA_SET_PRIMARY, state=CONNECTED, ok=true, minWireVersion=0, maxWireVersion=9, maxDocumentSize=16777216, logicalSessionTimeoutMinutes=30, roundTripTimeNanos=183608700, setName='reps0', canonicalAddress=127.0.0.1:27017, hosts=[127.0.0.1:27017], passives=[], arbiters=[], primary='127.0.0.1:27017', tagSet=TagSet{[]}, electionId=7fffffff000000000000000e, setVersion=1, topologyVersion=TopologyVersion{processId=61824065b32f7a93cc0ee417, counter=6}, lastWriteDate=Wed Nov 10 22:48:19 ICT 2021, lastUpdateTimeNanos=16264909227500}
2021-11-10 22:48:29,488 DEBUG org.springframework.web.filter.GenericFilterBean [restartedMain] Filter 'jwtTokenFilter' configured for use
2021-11-10 22:48:29,838 INFO org.springframework.security.web.DefaultSecurityFilterChain [restartedMain] Will secure any request with [org.springframework.security.web.context.request.async.WebAsyncManagerIntegrationFilter@4826335a, org.springframework.security.web.context.SecurityContextPersistenceFilter@36863c43, org.springframework.security.web.header.HeaderWriterFilter@62f023f7, org.springframework.web.filter.CorsFilter@7579938, org.springframework.security.web.authentication.logout.LogoutFilter@59f292e2, com.datn.doffice.config.security.JwtTokenFilter@5601f7cc, org.springframework.security.web.savedrequest.RequestCacheAwareFilter@fc7e80, org.springframework.security.web.servletapi.SecurityContextHolderAwareRequestFilter@1baa11d0, org.springframework.security.web.authentication.AnonymousAuthenticationFilter@453e9ffe, org.springframework.security.web.session.SessionManagementFilter@7f015984, org.springframework.security.web.access.ExceptionTranslationFilter@2a638d4c]
2021-11-10 22:48:30,256 INFO org.springframework.boot.devtools.autoconfigure.OptionalLiveReloadServer [restartedMain] LiveReload server is running on port 35729
2021-11-10 22:48:30,285 INFO org.apache.juli.logging.DirectJDKLog [restartedMain] Starting ProtocolHandler ["http-nio-8091"]
2021-11-10 22:48:30,308 INFO org.springframework.boot.web.embedded.tomcat.TomcatWebServer [restartedMain] Tomcat started on port(s): 8091 (http) with context path ''
2021-11-10 22:48:30,324 INFO org.springframework.boot.StartupInfoLogger [restartedMain] Started DigitalOfficeBackendApplication in 4.126 seconds (JVM running for 7.318)
2021-11-10 22:48:30,933 INFO com.mongodb.diagnostics.logging.SLF4JLogger [cluster-rtt-ClusterId{value='618be9cc127bb17b192c8891', description='null'}-178.128.19.31:27017] Opened connection [connectionId{localValue:2, serverValue:833}] to 178.128.19.31:27017
2021-11-10 22:48:34,633 INFO org.apache.juli.logging.DirectJDKLog [http-nio-8091-exec-2] Initializing Spring DispatcherServlet 'dispatcherServlet'
2021-11-10 22:48:34,634 INFO org.springframework.web.servlet.FrameworkServlet [http-nio-8091-exec-2] Initializing Servlet 'dispatcherServlet'
2021-11-10 22:48:34,636 INFO org.springframework.web.servlet.FrameworkServlet [http-nio-8091-exec-2] Completed initialization in 2 ms
2021-11-10 22:49:06,416 INFO com.mongodb.diagnostics.logging.SLF4JLogger [http-nio-8091-exec-2] Opened connection [connectionId{localValue:3, serverValue:834}] to 178.128.19.31:27017
2021-11-10 22:55:31,725 INFO org.springframework.boot.StartupInfoLogger [restartedMain] Starting DigitalOfficeBackendApplication using Java 1.8.0_111 on My-Laptop with PID 11020 (D:\Workspace\IntelliJ_Projects\datn\digital-office-backend\target\classes started by Admin in D:\Workspace\IntelliJ_Projects\datn\digital-office-backend)
2021-11-10 22:55:31,727 DEBUG org.springframework.boot.StartupInfoLogger [restartedMain] Running with Spring Boot v2.5.6, Spring v5.3.12
2021-11-10 22:55:31,727 INFO org.springframework.boot.SpringApplication [restartedMain] No active profile set, falling back to default profiles: default
2021-11-10 22:55:31,787 INFO org.springframework.boot.logging.DeferredLog [restartedMain] Devtools property defaults active! Set 'spring.devtools.add-properties' to 'false' to disable
2021-11-10 22:55:31,788 INFO org.springframework.boot.logging.DeferredLog [restartedMain] For additional web related logging consider setting the 'logging.level.web' property to 'DEBUG'
2021-11-10 22:55:32,382 INFO org.springframework.data.repository.config.RepositoryConfigurationDelegate [restartedMain] Bootstrapping Spring Data MongoDB repositories in DEFAULT mode.
2021-11-10 22:55:32,392 INFO org.springframework.data.repository.config.RepositoryConfigurationDelegate [restartedMain] Finished Spring Data repository scanning in 5 ms. Found 0 MongoDB repository interfaces.
2021-11-10 22:55:32,911 INFO org.springframework.context.support.PostProcessorRegistrationDelegate$BeanPostProcessorChecker [restartedMain] Bean 'org.springframework.security.access.expression.method.DefaultMethodSecurityExpressionHandler@3a3942df' of type [org.springframework.security.access.expression.method.DefaultMethodSecurityExpressionHandler] is not eligible for getting processed by all BeanPostProcessors (for example: not eligible for auto-proxying)
2021-11-10 22:55:32,916 INFO org.springframework.context.support.PostProcessorRegistrationDelegate$BeanPostProcessorChecker [restartedMain] Bean 'methodSecurityMetadataSource' of type [org.springframework.security.access.method.DelegatingMethodSecurityMetadataSource] is not eligible for getting processed by all BeanPostProcessors (for example: not eligible for auto-proxying)
2021-11-10 22:55:33,211 INFO org.springframework.boot.web.embedded.tomcat.TomcatWebServer [restartedMain] Tomcat initialized with port(s): 8091 (http)
2021-11-10 22:55:33,219 INFO org.apache.juli.logging.DirectJDKLog [restartedMain] Initializing ProtocolHandler ["http-nio-8091"]
2021-11-10 22:55:33,219 INFO org.apache.juli.logging.DirectJDKLog [restartedMain] Starting service [Tomcat]
2021-11-10 22:55:33,220 INFO org.apache.juli.logging.DirectJDKLog [restartedMain] Starting Servlet engine: [Apache Tomcat/9.0.54]
2021-11-10 22:55:33,294 INFO org.apache.juli.logging.DirectJDKLog [restartedMain] Initializing Spring embedded WebApplicationContext
2021-11-10 22:55:33,294 INFO org.springframework.boot.web.servlet.context.ServletWebServerApplicationContext [restartedMain] Root WebApplicationContext: initialization completed in 1495 ms
2021-11-10 22:55:33,370 INFO com.mongodb.diagnostics.logging.SLF4JLogger [restartedMain] Cluster created with settings {hosts=[178.128.19.31:27017], mode=SINGLE, requiredClusterType=UNKNOWN, serverSelectionTimeout='30000 ms'}
2021-11-10 22:55:33,607 INFO com.mongodb.diagnostics.logging.SLF4JLogger [cluster-ClusterId{value='618beb75384f7f3725e46bf2', description='null'}-178.128.19.31:27017] Opened connection [connectionId{localValue:2, serverValue:836}] to 178.128.19.31:27017
2021-11-10 22:55:33,607 INFO com.mongodb.diagnostics.logging.SLF4JLogger [cluster-rtt-ClusterId{value='618beb75384f7f3725e46bf2', description='null'}-178.128.19.31:27017] Opened connection [connectionId{localValue:1, serverValue:835}] to 178.128.19.31:27017
2021-11-10 22:55:33,608 INFO com.mongodb.diagnostics.logging.SLF4JLogger [cluster-ClusterId{value='618beb75384f7f3725e46bf2', description='null'}-178.128.19.31:27017] Monitor thread successfully connected to server with description ServerDescription{address=178.128.19.31:27017, type=REPLICA_SET_PRIMARY, state=CONNECTED, ok=true, minWireVersion=0, maxWireVersion=9, maxDocumentSize=16777216, logicalSessionTimeoutMinutes=30, roundTripTimeNanos=103021400, setName='reps0', canonicalAddress=127.0.0.1:27017, hosts=[127.0.0.1:27017], passives=[], arbiters=[], primary='127.0.0.1:27017', tagSet=TagSet{[]}, electionId=7fffffff000000000000000e, setVersion=1, topologyVersion=TopologyVersion{processId=61824065b32f7a93cc0ee417, counter=6}, lastWriteDate=Wed Nov 10 22:55:29 ICT 2021, lastUpdateTimeNanos=16689508512400}
2021-11-10 22:55:33,957 DEBUG org.springframework.web.filter.GenericFilterBean [restartedMain] Filter 'jwtTokenFilter' configured for use
2021-11-10 22:55:34,222 INFO org.springframework.security.web.DefaultSecurityFilterChain [restartedMain] Will secure any request with [org.springframework.security.web.context.request.async.WebAsyncManagerIntegrationFilter@4358323e, org.springframework.security.web.context.SecurityContextPersistenceFilter@4556ee07, org.springframework.security.web.header.HeaderWriterFilter@7aece75, org.springframework.web.filter.CorsFilter@1614d52a, org.springframework.security.web.authentication.logout.LogoutFilter@5c340afe, com.datn.doffice.config.security.JwtTokenFilter@41868b3, org.springframework.security.web.savedrequest.RequestCacheAwareFilter@523aeeb0, org.springframework.security.web.servletapi.SecurityContextHolderAwareRequestFilter@6945f5d8, org.springframework.security.web.authentication.AnonymousAuthenticationFilter@33ef23a5, org.springframework.security.web.session.SessionManagementFilter@17f643e8, org.springframework.security.web.access.ExceptionTranslationFilter@50fca4b1]
2021-11-10 22:55:34,523 INFO org.springframework.boot.devtools.autoconfigure.OptionalLiveReloadServer [restartedMain] LiveReload server is running on port 35729
2021-11-10 22:55:34,544 INFO org.apache.juli.logging.DirectJDKLog [restartedMain] Starting ProtocolHandler ["http-nio-8091"]
2021-11-10 22:55:34,561 INFO org.springframework.boot.web.embedded.tomcat.TomcatWebServer [restartedMain] Tomcat started on port(s): 8091 (http) with context path ''
2021-11-10 22:55:34,572 INFO org.springframework.boot.StartupInfoLogger [restartedMain] Started DigitalOfficeBackendApplication in 3.484 seconds (JVM running for 5.2)
2021-11-10 22:55:36,729 INFO org.apache.juli.logging.DirectJDKLog [http-nio-8091-exec-2] Initializing Spring DispatcherServlet 'dispatcherServlet'
2021-11-10 22:55:36,729 INFO org.springframework.web.servlet.FrameworkServlet [http-nio-8091-exec-2] Initializing Servlet 'dispatcherServlet'
2021-11-10 22:55:36,730 INFO org.springframework.web.servlet.FrameworkServlet [http-nio-8091-exec-2] Completed initialization in 1 ms
2021-11-10 22:55:38,232 INFO com.mongodb.diagnostics.logging.SLF4JLogger [http-nio-8091-exec-2] Opened connection [connectionId{localValue:3, serverValue:837}] to 178.128.19.31:27017
