2022-01-12 00:42:39,112 INFO org.springframework.boot.StartupInfoLogger [main] Starting DigitalOfficeBackendApplication using Java 16.0.1 on HaLinhPC with PID 5508 (D:\PTIT\DATN\digital-office-backend\target\classes started by linh in D:\PTIT\DATN\digital-office-backend)
2022-01-12 00:42:39,123 DEBUG org.springframework.boot.StartupInfoLogger [main] Running with Spring Boot v2.5.6, Spring v5.3.12
2022-01-12 00:42:39,123 INFO org.springframework.boot.SpringApplication [main] No active profile set, falling back to default profiles: default
2022-01-12 00:42:43,661 INFO org.springframework.data.repository.config.RepositoryConfigurationDelegate [main] Multiple Spring Data modules found, entering strict repository configuration mode!
2022-01-12 00:42:43,663 INFO org.springframework.data.repository.config.RepositoryConfigurationDelegate [main] Bootstrapping Spring Data MongoDB repositories in DEFAULT mode.
2022-01-12 00:42:43,678 INFO org.springframework.data.repository.config.RepositoryConfigurationDelegate [main] Finished Spring Data repository scanning in 7 ms. Found 0 MongoDB repository interfaces.
2022-01-12 00:42:44,032 INFO org.springframework.data.repository.config.RepositoryConfigurationDelegate [main] Multiple Spring Data modules found, entering strict repository configuration mode!
2022-01-12 00:42:44,035 INFO org.springframework.data.repository.config.RepositoryConfigurationDelegate [main] Bootstrapping Spring Data Redis repositories in DEFAULT mode.
2022-01-12 00:42:44,075 INFO org.springframework.data.repository.config.RepositoryConfigurationDelegate [main] Finished Spring Data repository scanning in 22 ms. Found 0 Redis repository interfaces.
2022-01-12 00:42:44,847 INFO org.springframework.context.support.PostProcessorRegistrationDelegate$BeanPostProcessorChecker [main] Bean 'org.springframework.security.access.expression.method.DefaultMethodSecurityExpressionHandler@526a9908' of type [org.springframework.security.access.expression.method.DefaultMethodSecurityExpressionHandler] is not eligible for getting processed by all BeanPostProcessors (for example: not eligible for auto-proxying)
2022-01-12 00:42:44,854 INFO org.springframework.context.support.PostProcessorRegistrationDelegate$BeanPostProcessorChecker [main] Bean 'methodSecurityMetadataSource' of type [org.springframework.security.access.method.DelegatingMethodSecurityMetadataSource] is not eligible for getting processed by all BeanPostProcessors (for example: not eligible for auto-proxying)
2022-01-12 00:42:45,378 INFO org.springframework.boot.web.embedded.tomcat.TomcatWebServer [main] Tomcat initialized with port(s): 8091 (http)
2022-01-12 00:42:45,397 INFO org.apache.juli.logging.DirectJDKLog [main] Initializing ProtocolHandler ["http-nio-8091"]
2022-01-12 00:42:45,398 INFO org.apache.juli.logging.DirectJDKLog [main] Starting service [Tomcat]
2022-01-12 00:42:45,399 INFO org.apache.juli.logging.DirectJDKLog [main] Starting Servlet engine: [Apache Tomcat/9.0.54]
2022-01-12 00:42:45,540 INFO org.apache.juli.logging.DirectJDKLog [main] Initializing Spring embedded WebApplicationContext
2022-01-12 00:42:45,541 INFO org.springframework.boot.web.servlet.context.ServletWebServerApplicationContext [main] Root WebApplicationContext: initialization completed in 6278 ms
2022-01-12 00:42:45,713 INFO com.mongodb.diagnostics.logging.SLF4JLogger [main] Cluster created with settings {hosts=[178.128.19.31:27017], mode=SINGLE, requiredClusterType=UNKNOWN, serverSelectionTimeout='30000 ms'}
2022-01-12 00:42:45,934 INFO com.mongodb.diagnostics.logging.SLF4JLogger [cluster-ClusterId{value='61ddc195985b0745f6a62cd1', description='null'}-178.128.19.31:27017] Opened connection [connectionId{localValue:1, serverValue:21273}] to 178.128.19.31:27017
2022-01-12 00:42:45,934 INFO com.mongodb.diagnostics.logging.SLF4JLogger [cluster-rtt-ClusterId{value='61ddc195985b0745f6a62cd1', description='null'}-178.128.19.31:27017] Opened connection [connectionId{localValue:2, serverValue:21274}] to 178.128.19.31:27017
2022-01-12 00:42:45,935 INFO com.mongodb.diagnostics.logging.SLF4JLogger [cluster-ClusterId{value='61ddc195985b0745f6a62cd1', description='null'}-178.128.19.31:27017] Monitor thread successfully connected to server with description ServerDescription{address=178.128.19.31:27017, type=REPLICA_SET_PRIMARY, state=CONNECTED, ok=true, minWireVersion=0, maxWireVersion=9, maxDocumentSize=16777216, logicalSessionTimeoutMinutes=30, roundTripTimeNanos=85128000, setName='reps0', canonicalAddress=127.0.0.1:27017, hosts=[127.0.0.1:27017], passives=[], arbiters=[], primary='127.0.0.1:27017', tagSet=TagSet{[]}, electionId=7fffffff000000000000000e, setVersion=1, topologyVersion=TopologyVersion{processId=61824065b32f7a93cc0ee417, counter=6}, lastWriteDate=Wed Jan 12 00:42:37 ICT 2022, lastUpdateTimeNanos=32517739383700}
2022-01-12 00:42:46,653 DEBUG org.springframework.web.filter.GenericFilterBean [main] Filter 'jwtTokenFilter' configured for use
2022-01-12 00:42:48,058 INFO org.springframework.security.web.DefaultSecurityFilterChain [main] Will secure any request with [org.springframework.security.web.context.request.async.WebAsyncManagerIntegrationFilter@71beada8, org.springframework.security.web.context.SecurityContextPersistenceFilter@72e75786, org.springframework.security.web.header.HeaderWriterFilter@30bbe83, org.springframework.web.filter.CorsFilter@17f41739, org.springframework.security.web.csrf.CsrfFilter@131d977f, org.springframework.security.web.authentication.logout.LogoutFilter@45b27ad3, com.datn.doffice.config.security.JwtTokenFilter@5d5d3a5c, org.springframework.security.web.savedrequest.RequestCacheAwareFilter@6fbc7853, org.springframework.security.web.servletapi.SecurityContextHolderAwareRequestFilter@2dde0a34, org.springframework.security.web.authentication.AnonymousAuthenticationFilter@2b3b1124, org.springframework.security.web.session.SessionManagementFilter@67e4928c, org.springframework.security.web.access.ExceptionTranslationFilter@6acb45c1]
2022-01-12 00:42:49,158 INFO org.apache.juli.logging.DirectJDKLog [main] Starting ProtocolHandler ["http-nio-8091"]
2022-01-12 00:42:49,238 INFO org.springframework.boot.web.embedded.tomcat.TomcatWebServer [main] Tomcat started on port(s): 8091 (http) with context path ''
2022-01-12 00:42:49,258 INFO org.springframework.boot.StartupInfoLogger [main] Started DigitalOfficeBackendApplication in 10.912 seconds (JVM running for 12.915)
2022-01-12 00:49:45,549 INFO org.apache.juli.logging.DirectJDKLog [http-nio-8091-exec-1] Initializing Spring DispatcherServlet 'dispatcherServlet'
2022-01-12 00:49:45,549 INFO org.springframework.web.servlet.FrameworkServlet [http-nio-8091-exec-1] Initializing Servlet 'dispatcherServlet'
2022-01-12 00:49:45,550 INFO org.springframework.web.servlet.FrameworkServlet [http-nio-8091-exec-1] Completed initialization in 1 ms
2022-01-12 00:49:45,629 ERROR com.datn.doffice.config.security.JwtAuthenticationController [http-nio-8091-exec-2] JWT strings must contain exactly 2 period characters. Found: 0
io.jsonwebtoken.MalformedJwtException: JWT strings must contain exactly 2 period characters. Found: 0
	at io.jsonwebtoken.impl.DefaultJwtParser.parse(DefaultJwtParser.java:235)
	at io.jsonwebtoken.impl.DefaultJwtParser.parse(DefaultJwtParser.java:481)
	at io.jsonwebtoken.impl.DefaultJwtParser.parseClaimsJws(DefaultJwtParser.java:541)
	at com.datn.doffice.config.security.JwtUtils.getAllClaimsFromToken(JwtUtils.java:29)
	at com.datn.doffice.config.security.JwtUtils.getClaimFromToken(JwtUtils.java:33)
	at com.datn.doffice.config.security.JwtUtils.getUsernameFromToken(JwtUtils.java:39)
	at com.datn.doffice.config.security.JwtAuthenticationController.validateToken(JwtAuthenticationController.java:51)
	at java.base/jdk.internal.reflect.NativeMethodAccessorImpl.invoke0(Native Method)
	at java.base/jdk.internal.reflect.NativeMethodAccessorImpl.invoke(NativeMethodAccessorImpl.java:78)
	at java.base/jdk.internal.reflect.DelegatingMethodAccessorImpl.invoke(DelegatingMethodAccessorImpl.java:43)
	at java.base/java.lang.reflect.Method.invoke(Method.java:567)
	at org.springframework.web.method.support.InvocableHandlerMethod.doInvoke(InvocableHandlerMethod.java:205)
	at org.springframework.web.method.support.InvocableHandlerMethod.invokeForRequest(InvocableHandlerMethod.java:150)
	at org.springframework.web.servlet.mvc.method.annotation.ServletInvocableHandlerMethod.invokeAndHandle(ServletInvocableHandlerMethod.java:117)
	at org.springframework.web.servlet.mvc.method.annotation.RequestMappingHandlerAdapter.invokeHandlerMethod(RequestMappingHandlerAdapter.java:895)
	at org.springframework.web.servlet.mvc.method.annotation.RequestMappingHandlerAdapter.handleInternal(RequestMappingHandlerAdapter.java:808)
	at org.springframework.web.servlet.mvc.method.AbstractHandlerMethodAdapter.handle(AbstractHandlerMethodAdapter.java:87)
	at org.springframework.web.servlet.DispatcherServlet.doDispatch(DispatcherServlet.java:1067)
	at org.springframework.web.servlet.DispatcherServlet.doService(DispatcherServlet.java:963)
	at org.springframework.web.servlet.FrameworkServlet.processRequest(FrameworkServlet.java:1006)
	at org.springframework.web.servlet.FrameworkServlet.doGet(FrameworkServlet.java:898)
	at javax.servlet.http.HttpServlet.service(HttpServlet.java:655)
	at org.springframework.web.servlet.FrameworkServlet.service(FrameworkServlet.java:883)
	at javax.servlet.http.HttpServlet.service(HttpServlet.java:764)
	at org.apache.catalina.core.ApplicationFilterChain.internalDoFilter(ApplicationFilterChain.java:227)
	at org.apache.catalina.core.ApplicationFilterChain.doFilter(ApplicationFilterChain.java:162)
	at org.apache.tomcat.websocket.server.WsFilter.doFilter(WsFilter.java:53)
	at org.apache.catalina.core.ApplicationFilterChain.internalDoFilter(ApplicationFilterChain.java:189)
	at org.apache.catalina.core.ApplicationFilterChain.doFilter(ApplicationFilterChain.java:162)
	at org.springframework.web.filter.OncePerRequestFilter.doFilter(OncePerRequestFilter.java:113)
	at org.apache.catalina.core.ApplicationFilterChain.internalDoFilter(ApplicationFilterChain.java:189)
	at org.apache.catalina.core.ApplicationFilterChain.doFilter(ApplicationFilterChain.java:162)
	at org.springframework.security.web.FilterChainProxy$VirtualFilterChain.doFilter(FilterChainProxy.java:327)
	at org.springframework.security.web.access.ExceptionTranslationFilter.doFilter(ExceptionTranslationFilter.java:121)
	at org.springframework.security.web.access.ExceptionTranslationFilter.doFilter(ExceptionTranslationFilter.java:115)
	at org.springframework.security.web.FilterChainProxy$VirtualFilterChain.doFilter(FilterChainProxy.java:336)
	at org.springframework.security.web.session.SessionManagementFilter.doFilter(SessionManagementFilter.java:126)
	at org.springframework.security.web.session.SessionManagementFilter.doFilter(SessionManagementFilter.java:81)
	at org.springframework.security.web.FilterChainProxy$VirtualFilterChain.doFilter(FilterChainProxy.java:336)
	at org.springframework.security.web.authentication.AnonymousAuthenticationFilter.doFilter(AnonymousAuthenticationFilter.java:105)
	at org.springframework.security.web.FilterChainProxy$VirtualFilterChain.doFilter(FilterChainProxy.java:336)
	at org.springframework.security.web.servletapi.SecurityContextHolderAwareRequestFilter.doFilter(SecurityContextHolderAwareRequestFilter.java:149)
	at org.springframework.security.web.FilterChainProxy$VirtualFilterChain.doFilter(FilterChainProxy.java:336)
	at org.springframework.security.web.savedrequest.RequestCacheAwareFilter.doFilter(RequestCacheAwareFilter.java:63)
	at org.springframework.security.web.FilterChainProxy$VirtualFilterChain.doFilter(FilterChainProxy.java:336)
	at com.datn.doffice.config.security.JwtTokenFilter.doFilterInternal(JwtTokenFilter.java:59)
	at org.springframework.web.filter.OncePerRequestFilter.doFilter(OncePerRequestFilter.java:119)
	at org.springframework.security.web.FilterChainProxy$VirtualFilterChain.doFilter(FilterChainProxy.java:336)
	at org.springframework.security.web.authentication.logout.LogoutFilter.doFilter(LogoutFilter.java:103)
	at org.springframework.security.web.authentication.logout.LogoutFilter.doFilter(LogoutFilter.java:89)
	at org.springframework.security.web.FilterChainProxy$VirtualFilterChain.doFilter(FilterChainProxy.java:336)
	at org.springframework.security.web.csrf.CsrfFilter.doFilterInternal(CsrfFilter.java:117)
	at org.springframework.web.filter.OncePerRequestFilter.doFilter(OncePerRequestFilter.java:119)
	at org.springframework.security.web.FilterChainProxy$VirtualFilterChain.doFilter(FilterChainProxy.java:336)
	at org.springframework.web.filter.CorsFilter.doFilterInternal(CorsFilter.java:91)
	at org.springframework.web.filter.OncePerRequestFilter.doFilter(OncePerRequestFilter.java:119)
	at org.springframework.security.web.FilterChainProxy$VirtualFilterChain.doFilter(FilterChainProxy.java:336)
	at org.springframework.security.web.header.HeaderWriterFilter.doHeadersAfter(HeaderWriterFilter.java:90)
	at org.springframework.security.web.header.HeaderWriterFilter.doFilterInternal(HeaderWriterFilter.java:75)
	at org.springframework.web.filter.OncePerRequestFilter.doFilter(OncePerRequestFilter.java:119)
	at org.springframework.security.web.FilterChainProxy$VirtualFilterChain.doFilter(FilterChainProxy.java:336)
	at org.springframework.security.web.context.SecurityContextPersistenceFilter.doFilter(SecurityContextPersistenceFilter.java:110)
	at org.springframework.security.web.context.SecurityContextPersistenceFilter.doFilter(SecurityContextPersistenceFilter.java:80)
	at org.springframework.security.web.FilterChainProxy$VirtualFilterChain.doFilter(FilterChainProxy.java:336)
	at org.springframework.security.web.context.request.async.WebAsyncManagerIntegrationFilter.doFilterInternal(WebAsyncManagerIntegrationFilter.java:55)
	at org.springframework.web.filter.OncePerRequestFilter.doFilter(OncePerRequestFilter.java:119)
	at org.springframework.security.web.FilterChainProxy$VirtualFilterChain.doFilter(FilterChainProxy.java:336)
	at org.springframework.security.web.FilterChainProxy.doFilterInternal(FilterChainProxy.java:211)
	at org.springframework.security.web.FilterChainProxy.doFilter(FilterChainProxy.java:183)
	at org.springframework.web.filter.DelegatingFilterProxy.invokeDelegate(DelegatingFilterProxy.java:358)
	at org.springframework.web.filter.DelegatingFilterProxy.doFilter(DelegatingFilterProxy.java:271)
	at org.apache.catalina.core.ApplicationFilterChain.internalDoFilter(ApplicationFilterChain.java:189)
	at org.apache.catalina.core.ApplicationFilterChain.doFilter(ApplicationFilterChain.java:162)
	at org.springframework.web.filter.RequestContextFilter.doFilterInternal(RequestContextFilter.java:100)
	at org.springframework.web.filter.OncePerRequestFilter.doFilter(OncePerRequestFilter.java:119)
	at org.apache.catalina.core.ApplicationFilterChain.internalDoFilter(ApplicationFilterChain.java:189)
	at org.apache.catalina.core.ApplicationFilterChain.doFilter(ApplicationFilterChain.java:162)
	at org.springframework.web.filter.FormContentFilter.doFilterInternal(FormContentFilter.java:93)
	at org.springframework.web.filter.OncePerRequestFilter.doFilter(OncePerRequestFilter.java:119)
	at org.apache.catalina.core.ApplicationFilterChain.internalDoFilter(ApplicationFilterChain.java:189)
	at org.apache.catalina.core.ApplicationFilterChain.doFilter(ApplicationFilterChain.java:162)
	at org.springframework.web.filter.CharacterEncodingFilter.doFilterInternal(CharacterEncodingFilter.java:201)
	at org.springframework.web.filter.OncePerRequestFilter.doFilter(OncePerRequestFilter.java:119)
	at org.apache.catalina.core.ApplicationFilterChain.internalDoFilter(ApplicationFilterChain.java:189)
	at org.apache.catalina.core.ApplicationFilterChain.doFilter(ApplicationFilterChain.java:162)
	at org.apache.catalina.core.StandardWrapperValve.invoke(StandardWrapperValve.java:197)
	at org.apache.catalina.core.StandardContextValve.invoke(StandardContextValve.java:97)
	at org.apache.catalina.authenticator.AuthenticatorBase.invoke(AuthenticatorBase.java:540)
	at org.apache.catalina.core.StandardHostValve.invoke(StandardHostValve.java:135)
	at org.apache.catalina.valves.ErrorReportValve.invoke(ErrorReportValve.java:92)
	at org.apache.catalina.core.StandardEngineValve.invoke(StandardEngineValve.java:78)
	at org.apache.catalina.connector.CoyoteAdapter.service(CoyoteAdapter.java:357)
	at org.apache.coyote.http11.Http11Processor.service(Http11Processor.java:382)
	at org.apache.coyote.AbstractProcessorLight.process(AbstractProcessorLight.java:65)
	at org.apache.coyote.AbstractProtocol$ConnectionHandler.process(AbstractProtocol.java:895)
	at org.apache.tomcat.util.net.NioEndpoint$SocketProcessor.doRun(NioEndpoint.java:1722)
	at org.apache.tomcat.util.net.SocketProcessorBase.run(SocketProcessorBase.java:49)
	at org.apache.tomcat.util.threads.ThreadPoolExecutor.runWorker(ThreadPoolExecutor.java:1191)
	at org.apache.tomcat.util.threads.ThreadPoolExecutor$Worker.run(ThreadPoolExecutor.java:659)
	at org.apache.tomcat.util.threads.TaskThread$WrappingRunnable.run(TaskThread.java:61)
	at java.base/java.lang.Thread.run(Thread.java:831)
2022-01-12 00:49:48,034 INFO com.mongodb.diagnostics.logging.SLF4JLogger [http-nio-8091-exec-4] Opened connection [connectionId{localValue:3, serverValue:21275}] to 178.128.19.31:27017
2022-01-12 00:49:49,324 INFO com.mongodb.diagnostics.logging.SLF4JLogger [http-nio-8091-exec-7] Opened connection [connectionId{localValue:4, serverValue:21276}] to 178.128.19.31:27017
2022-01-12 00:49:49,478 INFO com.mongodb.diagnostics.logging.SLF4JLogger [http-nio-8091-exec-1] Opened connection [connectionId{localValue:5, serverValue:21277}] to 178.128.19.31:27017
2022-01-12 00:49:50,012 INFO com.mongodb.diagnostics.logging.SLF4JLogger [http-nio-8091-exec-8] Opened connection [connectionId{localValue:6, serverValue:21278}] to 178.128.19.31:27017
2022-01-12 00:49:50,029 INFO com.mongodb.diagnostics.logging.SLF4JLogger [http-nio-8091-exec-6] Opened connection [connectionId{localValue:8, serverValue:21279}] to 178.128.19.31:27017
2022-01-12 00:49:50,078 INFO com.mongodb.diagnostics.logging.SLF4JLogger [http-nio-8091-exec-9] Opened connection [connectionId{localValue:7, serverValue:21280}] to 178.128.19.31:27017
2022-01-12 01:05:02,773 INFO org.springframework.boot.admin.SpringApplicationAdminMXBeanRegistrar$SpringApplicationAdmin [RMI TCP Connection(27)-127.0.0.1] Application shutdown requested.
2022-01-12 22:44:58,011 INFO org.springframework.boot.StartupInfoLogger [main] Starting DigitalOfficeBackendApplication using Java 16.0.1 on HaLinhPC with PID 5516 (D:\PTIT\DATN\digital-office-backend\target\classes started by linh in D:\PTIT\DATN\digital-office-backend)
2022-01-12 22:44:58,058 DEBUG org.springframework.boot.StartupInfoLogger [main] Running with Spring Boot v2.5.6, Spring v5.3.12
2022-01-12 22:44:58,058 INFO org.springframework.boot.SpringApplication [main] No active profile set, falling back to default profiles: default
2022-01-12 22:44:59,015 INFO org.springframework.data.repository.config.RepositoryConfigurationDelegate [main] Multiple Spring Data modules found, entering strict repository configuration mode!
2022-01-12 22:44:59,016 INFO org.springframework.data.repository.config.RepositoryConfigurationDelegate [main] Bootstrapping Spring Data MongoDB repositories in DEFAULT mode.
2022-01-12 22:44:59,027 INFO org.springframework.data.repository.config.RepositoryConfigurationDelegate [main] Finished Spring Data repository scanning in 6 ms. Found 0 MongoDB repository interfaces.
2022-01-12 22:44:59,280 INFO org.springframework.data.repository.config.RepositoryConfigurationDelegate [main] Multiple Spring Data modules found, entering strict repository configuration mode!
2022-01-12 22:44:59,283 INFO org.springframework.data.repository.config.RepositoryConfigurationDelegate [main] Bootstrapping Spring Data Redis repositories in DEFAULT mode.
2022-01-12 22:44:59,320 INFO org.springframework.data.repository.config.RepositoryConfigurationDelegate [main] Finished Spring Data repository scanning in 24 ms. Found 0 Redis repository interfaces.
2022-01-12 22:45:00,333 INFO org.springframework.context.support.PostProcessorRegistrationDelegate$BeanPostProcessorChecker [main] Bean 'org.springframework.security.access.expression.method.DefaultMethodSecurityExpressionHandler@4f327096' of type [org.springframework.security.access.expression.method.DefaultMethodSecurityExpressionHandler] is not eligible for getting processed by all BeanPostProcessors (for example: not eligible for auto-proxying)
2022-01-12 22:45:00,372 INFO org.springframework.context.support.PostProcessorRegistrationDelegate$BeanPostProcessorChecker [main] Bean 'methodSecurityMetadataSource' of type [org.springframework.security.access.method.DelegatingMethodSecurityMetadataSource] is not eligible for getting processed by all BeanPostProcessors (for example: not eligible for auto-proxying)
2022-01-12 22:45:01,114 INFO org.springframework.boot.web.embedded.tomcat.TomcatWebServer [main] Tomcat initialized with port(s): 8091 (http)
2022-01-12 22:45:01,134 INFO org.apache.juli.logging.DirectJDKLog [main] Initializing ProtocolHandler ["http-nio-8091"]
2022-01-12 22:45:01,137 INFO org.apache.juli.logging.DirectJDKLog [main] Starting service [Tomcat]
2022-01-12 22:45:01,138 INFO org.apache.juli.logging.DirectJDKLog [main] Starting Servlet engine: [Apache Tomcat/9.0.54]
2022-01-12 22:45:01,455 INFO org.apache.juli.logging.DirectJDKLog [main] Initializing Spring embedded WebApplicationContext
2022-01-12 22:45:01,459 INFO org.springframework.boot.web.servlet.context.ServletWebServerApplicationContext [main] Root WebApplicationContext: initialization completed in 3215 ms
2022-01-12 22:45:01,740 INFO com.mongodb.diagnostics.logging.SLF4JLogger [main] Cluster created with settings {hosts=[178.128.19.31:27017], mode=SINGLE, requiredClusterType=UNKNOWN, serverSelectionTimeout='30000 ms'}
2022-01-12 22:45:01,980 INFO com.mongodb.diagnostics.logging.SLF4JLogger [cluster-ClusterId{value='61def77ded7b85582a84748e', description='null'}-178.128.19.31:27017] Opened connection [connectionId{localValue:1, serverValue:22206}] to 178.128.19.31:27017
2022-01-12 22:45:01,981 INFO com.mongodb.diagnostics.logging.SLF4JLogger [cluster-ClusterId{value='61def77ded7b85582a84748e', description='null'}-178.128.19.31:27017] Monitor thread successfully connected to server with description ServerDescription{address=178.128.19.31:27017, type=REPLICA_SET_PRIMARY, state=CONNECTED, ok=true, minWireVersion=0, maxWireVersion=9, maxDocumentSize=16777216, logicalSessionTimeoutMinutes=30, roundTripTimeNanos=93715000, setName='reps0', canonicalAddress=127.0.0.1:27017, hosts=[127.0.0.1:27017], passives=[], arbiters=[], primary='127.0.0.1:27017', tagSet=TagSet{[]}, electionId=7fffffff000000000000000e, setVersion=1, topologyVersion=TopologyVersion{processId=61824065b32f7a93cc0ee417, counter=6}, lastWriteDate=Wed Jan 12 22:45:00 ICT 2022, lastUpdateTimeNanos=2216783906100}
2022-01-12 22:45:02,007 INFO com.mongodb.diagnostics.logging.SLF4JLogger [cluster-rtt-ClusterId{value='61def77ded7b85582a84748e', description='null'}-178.128.19.31:27017] Opened connection [connectionId{localValue:2, serverValue:22207}] to 178.128.19.31:27017
2022-01-12 22:45:02,992 DEBUG org.springframework.web.filter.GenericFilterBean [main] Filter 'jwtTokenFilter' configured for use
2022-01-12 22:45:04,224 INFO org.springframework.security.web.DefaultSecurityFilterChain [main] Will secure any request with [org.springframework.security.web.context.request.async.WebAsyncManagerIntegrationFilter@1926f962, org.springframework.security.web.context.SecurityContextPersistenceFilter@7c9ea1d0, org.springframework.security.web.header.HeaderWriterFilter@25e95af1, org.springframework.web.filter.CorsFilter@62794582, org.springframework.security.web.csrf.CsrfFilter@f237ae7, org.springframework.security.web.authentication.logout.LogoutFilter@3ff26c9, com.datn.doffice.config.security.JwtTokenFilter@6060146b, org.springframework.security.web.savedrequest.RequestCacheAwareFilter@319b1c77, org.springframework.security.web.servletapi.SecurityContextHolderAwareRequestFilter@7497a554, org.springframework.security.web.authentication.AnonymousAuthenticationFilter@c82ad22, org.springframework.security.web.session.SessionManagementFilter@6644bdf5, org.springframework.security.web.access.ExceptionTranslationFilter@f44d033]
2022-01-12 22:45:04,735 INFO org.apache.juli.logging.DirectJDKLog [main] Starting ProtocolHandler ["http-nio-8091"]
2022-01-12 22:45:04,786 INFO org.springframework.boot.web.embedded.tomcat.TomcatWebServer [main] Tomcat started on port(s): 8091 (http) with context path ''
2022-01-12 22:45:04,797 INFO org.springframework.boot.StartupInfoLogger [main] Started DigitalOfficeBackendApplication in 8.155 seconds (JVM running for 10.961)
2022-01-12 22:45:12,262 INFO org.apache.juli.logging.DirectJDKLog [http-nio-8091-exec-1] Initializing Spring DispatcherServlet 'dispatcherServlet'
2022-01-12 22:45:12,263 INFO org.springframework.web.servlet.FrameworkServlet [http-nio-8091-exec-1] Initializing Servlet 'dispatcherServlet'
2022-01-12 22:45:12,264 INFO org.springframework.web.servlet.FrameworkServlet [http-nio-8091-exec-1] Completed initialization in 1 ms
2022-01-12 22:45:12,777 INFO com.mongodb.diagnostics.logging.SLF4JLogger [http-nio-8091-exec-2] Opened connection [connectionId{localValue:3, serverValue:22208}] to 178.128.19.31:27017
2022-01-12 22:45:13,965 INFO com.mongodb.diagnostics.logging.SLF4JLogger [http-nio-8091-exec-4] Opened connection [connectionId{localValue:4, serverValue:22209}] to 178.128.19.31:27017
2022-01-12 22:45:14,124 INFO com.mongodb.diagnostics.logging.SLF4JLogger [http-nio-8091-exec-10] Opened connection [connectionId{localValue:5, serverValue:22210}] to 178.128.19.31:27017
2022-01-12 22:45:14,660 INFO com.mongodb.diagnostics.logging.SLF4JLogger [http-nio-8091-exec-9] Opened connection [connectionId{localValue:7, serverValue:22213}] to 178.128.19.31:27017
2022-01-12 22:45:14,661 INFO com.mongodb.diagnostics.logging.SLF4JLogger [http-nio-8091-exec-4] Opened connection [connectionId{localValue:6, serverValue:22212}] to 178.128.19.31:27017
2022-01-12 22:45:14,663 INFO com.mongodb.diagnostics.logging.SLF4JLogger [http-nio-8091-exec-6] Opened connection [connectionId{localValue:8, serverValue:22214}] to 178.128.19.31:27017
2022-01-12 22:45:22,461 ERROR com.datn.doffice.config.security.JwtAuthenticationController [http-nio-8091-exec-1] JWT strings must contain exactly 2 period characters. Found: 0
io.jsonwebtoken.MalformedJwtException: JWT strings must contain exactly 2 period characters. Found: 0
	at io.jsonwebtoken.impl.DefaultJwtParser.parse(DefaultJwtParser.java:235)
	at io.jsonwebtoken.impl.DefaultJwtParser.parse(DefaultJwtParser.java:481)
	at io.jsonwebtoken.impl.DefaultJwtParser.parseClaimsJws(DefaultJwtParser.java:541)
	at com.datn.doffice.config.security.JwtUtils.getAllClaimsFromToken(JwtUtils.java:29)
	at com.datn.doffice.config.security.JwtUtils.getClaimFromToken(JwtUtils.java:33)
	at com.datn.doffice.config.security.JwtUtils.getUsernameFromToken(JwtUtils.java:39)
	at com.datn.doffice.config.security.JwtAuthenticationController.validateToken(JwtAuthenticationController.java:51)
	at java.base/jdk.internal.reflect.NativeMethodAccessorImpl.invoke0(Native Method)
	at java.base/jdk.internal.reflect.NativeMethodAccessorImpl.invoke(NativeMethodAccessorImpl.java:78)
	at java.base/jdk.internal.reflect.DelegatingMethodAccessorImpl.invoke(DelegatingMethodAccessorImpl.java:43)
	at java.base/java.lang.reflect.Method.invoke(Method.java:567)
	at org.springframework.web.method.support.InvocableHandlerMethod.doInvoke(InvocableHandlerMethod.java:205)
	at org.springframework.web.method.support.InvocableHandlerMethod.invokeForRequest(InvocableHandlerMethod.java:150)
	at org.springframework.web.servlet.mvc.method.annotation.ServletInvocableHandlerMethod.invokeAndHandle(ServletInvocableHandlerMethod.java:117)
	at org.springframework.web.servlet.mvc.method.annotation.RequestMappingHandlerAdapter.invokeHandlerMethod(RequestMappingHandlerAdapter.java:895)
	at org.springframework.web.servlet.mvc.method.annotation.RequestMappingHandlerAdapter.handleInternal(RequestMappingHandlerAdapter.java:808)
	at org.springframework.web.servlet.mvc.method.AbstractHandlerMethodAdapter.handle(AbstractHandlerMethodAdapter.java:87)
	at org.springframework.web.servlet.DispatcherServlet.doDispatch(DispatcherServlet.java:1067)
	at org.springframework.web.servlet.DispatcherServlet.doService(DispatcherServlet.java:963)
	at org.springframework.web.servlet.FrameworkServlet.processRequest(FrameworkServlet.java:1006)
	at org.springframework.web.servlet.FrameworkServlet.doGet(FrameworkServlet.java:898)
	at javax.servlet.http.HttpServlet.service(HttpServlet.java:655)
	at org.springframework.web.servlet.FrameworkServlet.service(FrameworkServlet.java:883)
	at javax.servlet.http.HttpServlet.service(HttpServlet.java:764)
	at org.apache.catalina.core.ApplicationFilterChain.internalDoFilter(ApplicationFilterChain.java:227)
	at org.apache.catalina.core.ApplicationFilterChain.doFilter(ApplicationFilterChain.java:162)
	at org.apache.tomcat.websocket.server.WsFilter.doFilter(WsFilter.java:53)
	at org.apache.catalina.core.ApplicationFilterChain.internalDoFilter(ApplicationFilterChain.java:189)
	at org.apache.catalina.core.ApplicationFilterChain.doFilter(ApplicationFilterChain.java:162)
	at org.springframework.web.filter.OncePerRequestFilter.doFilter(OncePerRequestFilter.java:113)
	at org.apache.catalina.core.ApplicationFilterChain.internalDoFilter(ApplicationFilterChain.java:189)
	at org.apache.catalina.core.ApplicationFilterChain.doFilter(ApplicationFilterChain.java:162)
	at org.springframework.security.web.FilterChainProxy$VirtualFilterChain.doFilter(FilterChainProxy.java:327)
	at org.springframework.security.web.access.ExceptionTranslationFilter.doFilter(ExceptionTranslationFilter.java:121)
	at org.springframework.security.web.access.ExceptionTranslationFilter.doFilter(ExceptionTranslationFilter.java:115)
	at org.springframework.security.web.FilterChainProxy$VirtualFilterChain.doFilter(FilterChainProxy.java:336)
	at org.springframework.security.web.session.SessionManagementFilter.doFilter(SessionManagementFilter.java:126)
	at org.springframework.security.web.session.SessionManagementFilter.doFilter(SessionManagementFilter.java:81)
	at org.springframework.security.web.FilterChainProxy$VirtualFilterChain.doFilter(FilterChainProxy.java:336)
	at org.springframework.security.web.authentication.AnonymousAuthenticationFilter.doFilter(AnonymousAuthenticationFilter.java:105)
	at org.springframework.security.web.FilterChainProxy$VirtualFilterChain.doFilter(FilterChainProxy.java:336)
	at org.springframework.security.web.servletapi.SecurityContextHolderAwareRequestFilter.doFilter(SecurityContextHolderAwareRequestFilter.java:149)
	at org.springframework.security.web.FilterChainProxy$VirtualFilterChain.doFilter(FilterChainProxy.java:336)
	at org.springframework.security.web.savedrequest.RequestCacheAwareFilter.doFilter(RequestCacheAwareFilter.java:63)
	at org.springframework.security.web.FilterChainProxy$VirtualFilterChain.doFilter(FilterChainProxy.java:336)
	at com.datn.doffice.config.security.JwtTokenFilter.doFilterInternal(JwtTokenFilter.java:59)
	at org.springframework.web.filter.OncePerRequestFilter.doFilter(OncePerRequestFilter.java:119)
	at org.springframework.security.web.FilterChainProxy$VirtualFilterChain.doFilter(FilterChainProxy.java:336)
	at org.springframework.security.web.authentication.logout.LogoutFilter.doFilter(LogoutFilter.java:103)
	at org.springframework.security.web.authentication.logout.LogoutFilter.doFilter(LogoutFilter.java:89)
	at org.springframework.security.web.FilterChainProxy$VirtualFilterChain.doFilter(FilterChainProxy.java:336)
	at org.springframework.security.web.csrf.CsrfFilter.doFilterInternal(CsrfFilter.java:117)
	at org.springframework.web.filter.OncePerRequestFilter.doFilter(OncePerRequestFilter.java:119)
	at org.springframework.security.web.FilterChainProxy$VirtualFilterChain.doFilter(FilterChainProxy.java:336)
	at org.springframework.web.filter.CorsFilter.doFilterInternal(CorsFilter.java:91)
	at org.springframework.web.filter.OncePerRequestFilter.doFilter(OncePerRequestFilter.java:119)
	at org.springframework.security.web.FilterChainProxy$VirtualFilterChain.doFilter(FilterChainProxy.java:336)
	at org.springframework.security.web.header.HeaderWriterFilter.doHeadersAfter(HeaderWriterFilter.java:90)
	at org.springframework.security.web.header.HeaderWriterFilter.doFilterInternal(HeaderWriterFilter.java:75)
	at org.springframework.web.filter.OncePerRequestFilter.doFilter(OncePerRequestFilter.java:119)
	at org.springframework.security.web.FilterChainProxy$VirtualFilterChain.doFilter(FilterChainProxy.java:336)
	at org.springframework.security.web.context.SecurityContextPersistenceFilter.doFilter(SecurityContextPersistenceFilter.java:110)
	at org.springframework.security.web.context.SecurityContextPersistenceFilter.doFilter(SecurityContextPersistenceFilter.java:80)
	at org.springframework.security.web.FilterChainProxy$VirtualFilterChain.doFilter(FilterChainProxy.java:336)
	at org.springframework.security.web.context.request.async.WebAsyncManagerIntegrationFilter.doFilterInternal(WebAsyncManagerIntegrationFilter.java:55)
	at org.springframework.web.filter.OncePerRequestFilter.doFilter(OncePerRequestFilter.java:119)
	at org.springframework.security.web.FilterChainProxy$VirtualFilterChain.doFilter(FilterChainProxy.java:336)
	at org.springframework.security.web.FilterChainProxy.doFilterInternal(FilterChainProxy.java:211)
	at org.springframework.security.web.FilterChainProxy.doFilter(FilterChainProxy.java:183)
	at org.springframework.web.filter.DelegatingFilterProxy.invokeDelegate(DelegatingFilterProxy.java:358)
	at org.springframework.web.filter.DelegatingFilterProxy.doFilter(DelegatingFilterProxy.java:271)
	at org.apache.catalina.core.ApplicationFilterChain.internalDoFilter(ApplicationFilterChain.java:189)
	at org.apache.catalina.core.ApplicationFilterChain.doFilter(ApplicationFilterChain.java:162)
	at org.springframework.web.filter.RequestContextFilter.doFilterInternal(RequestContextFilter.java:100)
	at org.springframework.web.filter.OncePerRequestFilter.doFilter(OncePerRequestFilter.java:119)
	at org.apache.catalina.core.ApplicationFilterChain.internalDoFilter(ApplicationFilterChain.java:189)
	at org.apache.catalina.core.ApplicationFilterChain.doFilter(ApplicationFilterChain.java:162)
	at org.springframework.web.filter.FormContentFilter.doFilterInternal(FormContentFilter.java:93)
	at org.springframework.web.filter.OncePerRequestFilter.doFilter(OncePerRequestFilter.java:119)
	at org.apache.catalina.core.ApplicationFilterChain.internalDoFilter(ApplicationFilterChain.java:189)
	at org.apache.catalina.core.ApplicationFilterChain.doFilter(ApplicationFilterChain.java:162)
	at org.springframework.web.filter.CharacterEncodingFilter.doFilterInternal(CharacterEncodingFilter.java:201)
	at org.springframework.web.filter.OncePerRequestFilter.doFilter(OncePerRequestFilter.java:119)
	at org.apache.catalina.core.ApplicationFilterChain.internalDoFilter(ApplicationFilterChain.java:189)
	at org.apache.catalina.core.ApplicationFilterChain.doFilter(ApplicationFilterChain.java:162)
	at org.apache.catalina.core.StandardWrapperValve.invoke(StandardWrapperValve.java:197)
	at org.apache.catalina.core.StandardContextValve.invoke(StandardContextValve.java:97)
	at org.apache.catalina.authenticator.AuthenticatorBase.invoke(AuthenticatorBase.java:540)
	at org.apache.catalina.core.StandardHostValve.invoke(StandardHostValve.java:135)
	at org.apache.catalina.valves.ErrorReportValve.invoke(ErrorReportValve.java:92)
	at org.apache.catalina.core.StandardEngineValve.invoke(StandardEngineValve.java:78)
	at org.apache.catalina.connector.CoyoteAdapter.service(CoyoteAdapter.java:357)
	at org.apache.coyote.http11.Http11Processor.service(Http11Processor.java:382)
	at org.apache.coyote.AbstractProcessorLight.process(AbstractProcessorLight.java:65)
	at org.apache.coyote.AbstractProtocol$ConnectionHandler.process(AbstractProtocol.java:895)
	at org.apache.tomcat.util.net.NioEndpoint$SocketProcessor.doRun(NioEndpoint.java:1722)
	at org.apache.tomcat.util.net.SocketProcessorBase.run(SocketProcessorBase.java:49)
	at org.apache.tomcat.util.threads.ThreadPoolExecutor.runWorker(ThreadPoolExecutor.java:1191)
	at org.apache.tomcat.util.threads.ThreadPoolExecutor$Worker.run(ThreadPoolExecutor.java:659)
	at org.apache.tomcat.util.threads.TaskThread$WrappingRunnable.run(TaskThread.java:61)
	at java.base/java.lang.Thread.run(Thread.java:831)
2022-01-12 22:45:35,522 INFO com.mongodb.diagnostics.logging.SLF4JLogger [http-nio-8091-exec-10] Opened connection [connectionId{localValue:9, serverValue:22215}] to 178.128.19.31:27017
2022-01-12 22:48:11,710 INFO org.springframework.boot.admin.SpringApplicationAdminMXBeanRegistrar$SpringApplicationAdmin [RMI TCP Connection(12)-127.0.0.1] Application shutdown requested.
2022-01-12 22:48:15,670 INFO org.springframework.boot.StartupInfoLogger [main] Starting DigitalOfficeBackendApplication using Java 16.0.1 on HaLinhPC with PID 1136 (D:\PTIT\DATN\digital-office-backend\target\classes started by linh in D:\PTIT\DATN\digital-office-backend)
2022-01-12 22:48:15,673 DEBUG org.springframework.boot.StartupInfoLogger [main] Running with Spring Boot v2.5.6, Spring v5.3.12
2022-01-12 22:48:15,674 INFO org.springframework.boot.SpringApplication [main] No active profile set, falling back to default profiles: default
2022-01-12 22:48:16,289 INFO org.springframework.data.repository.config.RepositoryConfigurationDelegate [main] Multiple Spring Data modules found, entering strict repository configuration mode!
2022-01-12 22:48:16,290 INFO org.springframework.data.repository.config.RepositoryConfigurationDelegate [main] Bootstrapping Spring Data MongoDB repositories in DEFAULT mode.
2022-01-12 22:48:16,300 INFO org.springframework.data.repository.config.RepositoryConfigurationDelegate [main] Finished Spring Data repository scanning in 5 ms. Found 0 MongoDB repository interfaces.
2022-01-12 22:48:16,526 INFO org.springframework.data.repository.config.RepositoryConfigurationDelegate [main] Multiple Spring Data modules found, entering strict repository configuration mode!
2022-01-12 22:48:16,528 INFO org.springframework.data.repository.config.RepositoryConfigurationDelegate [main] Bootstrapping Spring Data Redis repositories in DEFAULT mode.
2022-01-12 22:48:16,556 INFO org.springframework.data.repository.config.RepositoryConfigurationDelegate [main] Finished Spring Data repository scanning in 17 ms. Found 0 Redis repository interfaces.
2022-01-12 22:48:16,955 INFO org.springframework.context.support.PostProcessorRegistrationDelegate$BeanPostProcessorChecker [main] Bean 'org.springframework.security.access.expression.method.DefaultMethodSecurityExpressionHandler@6a756082' of type [org.springframework.security.access.expression.method.DefaultMethodSecurityExpressionHandler] is not eligible for getting processed by all BeanPostProcessors (for example: not eligible for auto-proxying)
2022-01-12 22:48:16,961 INFO org.springframework.context.support.PostProcessorRegistrationDelegate$BeanPostProcessorChecker [main] Bean 'methodSecurityMetadataSource' of type [org.springframework.security.access.method.DelegatingMethodSecurityMetadataSource] is not eligible for getting processed by all BeanPostProcessors (for example: not eligible for auto-proxying)
2022-01-12 22:48:17,253 INFO org.springframework.boot.web.embedded.tomcat.TomcatWebServer [main] Tomcat initialized with port(s): 8091 (http)
2022-01-12 22:48:17,262 INFO org.apache.juli.logging.DirectJDKLog [main] Initializing ProtocolHandler ["http-nio-8091"]
2022-01-12 22:48:17,262 INFO org.apache.juli.logging.DirectJDKLog [main] Starting service [Tomcat]
2022-01-12 22:48:17,263 INFO org.apache.juli.logging.DirectJDKLog [main] Starting Servlet engine: [Apache Tomcat/9.0.54]
2022-01-12 22:48:17,360 INFO org.apache.juli.logging.DirectJDKLog [main] Initializing Spring embedded WebApplicationContext
2022-01-12 22:48:17,360 INFO org.springframework.boot.web.servlet.context.ServletWebServerApplicationContext [main] Root WebApplicationContext: initialization completed in 1620 ms
2022-01-12 22:48:17,457 INFO com.mongodb.diagnostics.logging.SLF4JLogger [main] Cluster created with settings {hosts=[178.128.19.31:27017], mode=SINGLE, requiredClusterType=UNKNOWN, serverSelectionTimeout='30000 ms'}
2022-01-12 22:48:17,605 INFO com.mongodb.diagnostics.logging.SLF4JLogger [cluster-ClusterId{value='61def841716fe47d18814b26', description='null'}-178.128.19.31:27017] Opened connection [connectionId{localValue:2, serverValue:22222}] to 178.128.19.31:27017
2022-01-12 22:48:17,605 INFO com.mongodb.diagnostics.logging.SLF4JLogger [cluster-rtt-ClusterId{value='61def841716fe47d18814b26', description='null'}-178.128.19.31:27017] Opened connection [connectionId{localValue:1, serverValue:22221}] to 178.128.19.31:27017
2022-01-12 22:48:17,606 INFO com.mongodb.diagnostics.logging.SLF4JLogger [cluster-ClusterId{value='61def841716fe47d18814b26', description='null'}-178.128.19.31:27017] Monitor thread successfully connected to server with description ServerDescription{address=178.128.19.31:27017, type=REPLICA_SET_PRIMARY, state=CONNECTED, ok=true, minWireVersion=0, maxWireVersion=9, maxDocumentSize=16777216, logicalSessionTimeoutMinutes=30, roundTripTimeNanos=61234900, setName='reps0', canonicalAddress=127.0.0.1:27017, hosts=[127.0.0.1:27017], passives=[], arbiters=[], primary='127.0.0.1:27017', tagSet=TagSet{[]}, electionId=7fffffff000000000000000e, setVersion=1, topologyVersion=TopologyVersion{processId=61824065b32f7a93cc0ee417, counter=6}, lastWriteDate=Wed Jan 12 22:48:10 ICT 2022, lastUpdateTimeNanos=2412410050200}
2022-01-12 22:48:17,965 DEBUG org.springframework.web.filter.GenericFilterBean [main] Filter 'jwtTokenFilter' configured for use
2022-01-12 22:48:18,603 INFO org.springframework.security.web.DefaultSecurityFilterChain [main] Will secure any request with [org.springframework.security.web.context.request.async.WebAsyncManagerIntegrationFilter@799fb45e, org.springframework.security.web.context.SecurityContextPersistenceFilter@6785df10, org.springframework.security.web.header.HeaderWriterFilter@17f41739, org.springframework.web.filter.CorsFilter@4f7ba0af, org.springframework.security.web.csrf.CsrfFilter@1b632442, org.springframework.security.web.authentication.logout.LogoutFilter@1df06ecd, com.datn.doffice.config.security.JwtTokenFilter@163e8949, org.springframework.security.web.savedrequest.RequestCacheAwareFilter@3e2c8ef, org.springframework.security.web.servletapi.SecurityContextHolderAwareRequestFilter@3ec7ad61, org.springframework.security.web.authentication.AnonymousAuthenticationFilter@5b23c1f6, org.springframework.security.web.session.SessionManagementFilter@54286339, org.springframework.security.web.access.ExceptionTranslationFilter@26cdd4af]
2022-01-12 22:48:19,021 INFO org.apache.juli.logging.DirectJDKLog [main] Starting ProtocolHandler ["http-nio-8091"]
2022-01-12 22:48:19,064 INFO org.springframework.boot.web.embedded.tomcat.TomcatWebServer [main] Tomcat started on port(s): 8091 (http) with context path ''
2022-01-12 22:48:19,073 INFO org.springframework.boot.StartupInfoLogger [main] Started DigitalOfficeBackendApplication in 3.864 seconds (JVM running for 4.715)
2022-01-12 22:48:28,048 INFO org.apache.juli.logging.DirectJDKLog [http-nio-8091-exec-5] Initializing Spring DispatcherServlet 'dispatcherServlet'
2022-01-12 22:48:28,048 INFO org.springframework.web.servlet.FrameworkServlet [http-nio-8091-exec-5] Initializing Servlet 'dispatcherServlet'
2022-01-12 22:48:28,049 INFO org.springframework.web.servlet.FrameworkServlet [http-nio-8091-exec-5] Completed initialization in 1 ms
2022-01-12 22:48:28,581 INFO com.mongodb.diagnostics.logging.SLF4JLogger [http-nio-8091-exec-10] Opened connection [connectionId{localValue:6, serverValue:22224}] to 178.128.19.31:27017
2022-01-12 22:48:28,582 INFO com.mongodb.diagnostics.logging.SLF4JLogger [http-nio-8091-exec-5] Opened connection [connectionId{localValue:3, serverValue:22225}] to 178.128.19.31:27017
2022-01-12 22:48:28,612 INFO com.mongodb.diagnostics.logging.SLF4JLogger [http-nio-8091-exec-9] Opened connection [connectionId{localValue:7, serverValue:22227}] to 178.128.19.31:27017
2022-01-12 22:48:28,615 INFO com.mongodb.diagnostics.logging.SLF4JLogger [http-nio-8091-exec-4] Opened connection [connectionId{localValue:8, serverValue:22226}] to 178.128.19.31:27017
2022-01-12 22:48:28,622 INFO com.mongodb.diagnostics.logging.SLF4JLogger [http-nio-8091-exec-6] Opened connection [connectionId{localValue:5, serverValue:22229}] to 178.128.19.31:27017
2022-01-12 22:48:28,622 INFO com.mongodb.diagnostics.logging.SLF4JLogger [http-nio-8091-exec-3] Opened connection [connectionId{localValue:4, serverValue:22228}] to 178.128.19.31:27017
2022-01-12 22:51:50,910 INFO org.springframework.boot.admin.SpringApplicationAdminMXBeanRegistrar$SpringApplicationAdmin [RMI TCP Connection(12)-127.0.0.1] Application shutdown requested.
2022-01-12 22:51:54,876 INFO org.springframework.boot.StartupInfoLogger [main] Starting DigitalOfficeBackendApplication using Java 16.0.1 on HaLinhPC with PID 6592 (D:\PTIT\DATN\digital-office-backend\target\classes started by linh in D:\PTIT\DATN\digital-office-backend)
2022-01-12 22:51:54,880 DEBUG org.springframework.boot.StartupInfoLogger [main] Running with Spring Boot v2.5.6, Spring v5.3.12
2022-01-12 22:51:54,880 INFO org.springframework.boot.SpringApplication [main] No active profile set, falling back to default profiles: default
2022-01-12 22:51:55,586 INFO org.springframework.data.repository.config.RepositoryConfigurationDelegate [main] Multiple Spring Data modules found, entering strict repository configuration mode!
2022-01-12 22:51:55,587 INFO org.springframework.data.repository.config.RepositoryConfigurationDelegate [main] Bootstrapping Spring Data MongoDB repositories in DEFAULT mode.
2022-01-12 22:51:55,599 INFO org.springframework.data.repository.config.RepositoryConfigurationDelegate [main] Finished Spring Data repository scanning in 6 ms. Found 0 MongoDB repository interfaces.
2022-01-12 22:51:55,853 INFO org.springframework.data.repository.config.RepositoryConfigurationDelegate [main] Multiple Spring Data modules found, entering strict repository configuration mode!
2022-01-12 22:51:55,854 INFO org.springframework.data.repository.config.RepositoryConfigurationDelegate [main] Bootstrapping Spring Data Redis repositories in DEFAULT mode.
2022-01-12 22:51:55,876 INFO org.springframework.data.repository.config.RepositoryConfigurationDelegate [main] Finished Spring Data repository scanning in 13 ms. Found 0 Redis repository interfaces.
2022-01-12 22:51:56,306 INFO org.springframework.context.support.PostProcessorRegistrationDelegate$BeanPostProcessorChecker [main] Bean 'org.springframework.security.access.expression.method.DefaultMethodSecurityExpressionHandler@3f018494' of type [org.springframework.security.access.expression.method.DefaultMethodSecurityExpressionHandler] is not eligible for getting processed by all BeanPostProcessors (for example: not eligible for auto-proxying)
2022-01-12 22:51:56,313 INFO org.springframework.context.support.PostProcessorRegistrationDelegate$BeanPostProcessorChecker [main] Bean 'methodSecurityMetadataSource' of type [org.springframework.security.access.method.DelegatingMethodSecurityMetadataSource] is not eligible for getting processed by all BeanPostProcessors (for example: not eligible for auto-proxying)
2022-01-12 22:51:56,636 INFO org.springframework.boot.web.embedded.tomcat.TomcatWebServer [main] Tomcat initialized with port(s): 8091 (http)
2022-01-12 22:51:56,649 INFO org.apache.juli.logging.DirectJDKLog [main] Initializing ProtocolHandler ["http-nio-8091"]
2022-01-12 22:51:56,650 INFO org.apache.juli.logging.DirectJDKLog [main] Starting service [Tomcat]
2022-01-12 22:51:56,650 INFO org.apache.juli.logging.DirectJDKLog [main] Starting Servlet engine: [Apache Tomcat/9.0.54]
2022-01-12 22:51:56,758 INFO org.apache.juli.logging.DirectJDKLog [main] Initializing Spring embedded WebApplicationContext
2022-01-12 22:51:56,758 INFO org.springframework.boot.web.servlet.context.ServletWebServerApplicationContext [main] Root WebApplicationContext: initialization completed in 1827 ms
2022-01-12 22:51:56,857 INFO com.mongodb.diagnostics.logging.SLF4JLogger [main] Cluster created with settings {hosts=[178.128.19.31:27017], mode=SINGLE, requiredClusterType=UNKNOWN, serverSelectionTimeout='30000 ms'}
2022-01-12 22:51:57,031 INFO com.mongodb.diagnostics.logging.SLF4JLogger [cluster-rtt-ClusterId{value='61def91cca836b10bc4f3226', description='null'}-178.128.19.31:27017] Opened connection [connectionId{localValue:1, serverValue:22236}] to 178.128.19.31:27017
2022-01-12 22:51:57,031 INFO com.mongodb.diagnostics.logging.SLF4JLogger [cluster-ClusterId{value='61def91cca836b10bc4f3226', description='null'}-178.128.19.31:27017] Opened connection [connectionId{localValue:2, serverValue:22237}] to 178.128.19.31:27017
2022-01-12 22:51:57,032 INFO com.mongodb.diagnostics.logging.SLF4JLogger [cluster-ClusterId{value='61def91cca836b10bc4f3226', description='null'}-178.128.19.31:27017] Monitor thread successfully connected to server with description ServerDescription{address=178.128.19.31:27017, type=REPLICA_SET_PRIMARY, state=CONNECTED, ok=true, minWireVersion=0, maxWireVersion=9, maxDocumentSize=16777216, logicalSessionTimeoutMinutes=30, roundTripTimeNanos=71786700, setName='reps0', canonicalAddress=127.0.0.1:27017, hosts=[127.0.0.1:27017], passives=[], arbiters=[], primary='127.0.0.1:27017', tagSet=TagSet{[]}, electionId=7fffffff000000000000000e, setVersion=1, topologyVersion=TopologyVersion{processId=61824065b32f7a93cc0ee417, counter=6}, lastWriteDate=Wed Jan 12 22:51:50 ICT 2022, lastUpdateTimeNanos=2631836353900}
2022-01-12 22:51:57,408 DEBUG org.springframework.web.filter.GenericFilterBean [main] Filter 'jwtTokenFilter' configured for use
2022-01-12 22:51:58,137 INFO org.springframework.security.web.DefaultSecurityFilterChain [main] Will secure any request with [org.springframework.security.web.context.request.async.WebAsyncManagerIntegrationFilter@98722ef, org.springframework.security.web.context.SecurityContextPersistenceFilter@645d4639, org.springframework.security.web.header.HeaderWriterFilter@24de63b, org.springframework.web.filter.CorsFilter@459e120b, org.springframework.security.web.csrf.CsrfFilter@67e4928c, org.springframework.security.web.authentication.logout.LogoutFilter@2a2798a2, com.datn.doffice.config.security.JwtTokenFilter@635ff2a5, org.springframework.security.web.savedrequest.RequestCacheAwareFilter@5ad40184, org.springframework.security.web.servletapi.SecurityContextHolderAwareRequestFilter@4b8a0d03, org.springframework.security.web.authentication.AnonymousAuthenticationFilter@fd69983, org.springframework.security.web.session.SessionManagementFilter@50f05307, org.springframework.security.web.access.ExceptionTranslationFilter@1b69fc07]
2022-01-12 22:51:58,551 INFO org.apache.juli.logging.DirectJDKLog [main] Starting ProtocolHandler ["http-nio-8091"]
2022-01-12 22:51:58,594 INFO org.springframework.boot.web.embedded.tomcat.TomcatWebServer [main] Tomcat started on port(s): 8091 (http) with context path ''
2022-01-12 22:51:58,604 INFO org.springframework.boot.StartupInfoLogger [main] Started DigitalOfficeBackendApplication in 4.258 seconds (JVM running for 5.099)
2022-01-12 22:52:01,285 INFO org.apache.juli.logging.DirectJDKLog [http-nio-8091-exec-2] Initializing Spring DispatcherServlet 'dispatcherServlet'
2022-01-12 22:52:01,286 INFO org.springframework.web.servlet.FrameworkServlet [http-nio-8091-exec-2] Initializing Servlet 'dispatcherServlet'
2022-01-12 22:52:01,287 INFO org.springframework.web.servlet.FrameworkServlet [http-nio-8091-exec-2] Completed initialization in 1 ms
2022-01-12 22:52:01,718 INFO com.mongodb.diagnostics.logging.SLF4JLogger [http-nio-8091-exec-3] Opened connection [connectionId{localValue:3, serverValue:22239}] to 178.128.19.31:27017
2022-01-12 22:52:01,719 INFO com.mongodb.diagnostics.logging.SLF4JLogger [http-nio-8091-exec-4] Opened connection [connectionId{localValue:4, serverValue:22240}] to 178.128.19.31:27017
2022-01-12 22:52:02,562 INFO com.mongodb.diagnostics.logging.SLF4JLogger [http-nio-8091-exec-8] Opened connection [connectionId{localValue:6, serverValue:22241}] to 178.128.19.31:27017
2022-01-12 22:52:02,562 INFO com.mongodb.diagnostics.logging.SLF4JLogger [http-nio-8091-exec-10] Opened connection [connectionId{localValue:7, serverValue:22242}] to 178.128.19.31:27017
2022-01-12 22:52:02,594 INFO com.mongodb.diagnostics.logging.SLF4JLogger [http-nio-8091-exec-5] Opened connection [connectionId{localValue:5, serverValue:22243}] to 178.128.19.31:27017
2022-01-12 22:52:02,604 INFO com.mongodb.diagnostics.logging.SLF4JLogger [http-nio-8091-exec-7] Opened connection [connectionId{localValue:8, serverValue:22244}] to 178.128.19.31:27017
2022-01-12 22:53:25,891 INFO org.springframework.boot.admin.SpringApplicationAdminMXBeanRegistrar$SpringApplicationAdmin [RMI TCP Connection(8)-127.0.0.1] Application shutdown requested.
2022-01-12 22:53:29,676 INFO org.springframework.boot.StartupInfoLogger [main] Starting DigitalOfficeBackendApplication using Java 16.0.1 on HaLinhPC with PID 10364 (D:\PTIT\DATN\digital-office-backend\target\classes started by linh in D:\PTIT\DATN\digital-office-backend)
2022-01-12 22:53:29,681 DEBUG org.springframework.boot.StartupInfoLogger [main] Running with Spring Boot v2.5.6, Spring v5.3.12
2022-01-12 22:53:29,681 INFO org.springframework.boot.SpringApplication [main] No active profile set, falling back to default profiles: default
2022-01-12 22:53:30,312 INFO org.springframework.data.repository.config.RepositoryConfigurationDelegate [main] Multiple Spring Data modules found, entering strict repository configuration mode!
2022-01-12 22:53:30,313 INFO org.springframework.data.repository.config.RepositoryConfigurationDelegate [main] Bootstrapping Spring Data MongoDB repositories in DEFAULT mode.
2022-01-12 22:53:30,324 INFO org.springframework.data.repository.config.RepositoryConfigurationDelegate [main] Finished Spring Data repository scanning in 6 ms. Found 0 MongoDB repository interfaces.
2022-01-12 22:53:30,544 INFO org.springframework.data.repository.config.RepositoryConfigurationDelegate [main] Multiple Spring Data modules found, entering strict repository configuration mode!
2022-01-12 22:53:30,546 INFO org.springframework.data.repository.config.RepositoryConfigurationDelegate [main] Bootstrapping Spring Data Redis repositories in DEFAULT mode.
2022-01-12 22:53:30,569 INFO org.springframework.data.repository.config.RepositoryConfigurationDelegate [main] Finished Spring Data repository scanning in 15 ms. Found 0 Redis repository interfaces.
2022-01-12 22:53:30,962 INFO org.springframework.context.support.PostProcessorRegistrationDelegate$BeanPostProcessorChecker [main] Bean 'org.springframework.security.access.expression.method.DefaultMethodSecurityExpressionHandler@6b63e6ad' of type [org.springframework.security.access.expression.method.DefaultMethodSecurityExpressionHandler] is not eligible for getting processed by all BeanPostProcessors (for example: not eligible for auto-proxying)
2022-01-12 22:53:30,967 INFO org.springframework.context.support.PostProcessorRegistrationDelegate$BeanPostProcessorChecker [main] Bean 'methodSecurityMetadataSource' of type [org.springframework.security.access.method.DelegatingMethodSecurityMetadataSource] is not eligible for getting processed by all BeanPostProcessors (for example: not eligible for auto-proxying)
2022-01-12 22:53:31,309 INFO org.springframework.boot.web.embedded.tomcat.TomcatWebServer [main] Tomcat initialized with port(s): 8091 (http)
2022-01-12 22:53:31,319 INFO org.apache.juli.logging.DirectJDKLog [main] Initializing ProtocolHandler ["http-nio-8091"]
2022-01-12 22:53:31,320 INFO org.apache.juli.logging.DirectJDKLog [main] Starting service [Tomcat]
2022-01-12 22:53:31,321 INFO org.apache.juli.logging.DirectJDKLog [main] Starting Servlet engine: [Apache Tomcat/9.0.54]
2022-01-12 22:53:31,413 INFO org.apache.juli.logging.DirectJDKLog [main] Initializing Spring embedded WebApplicationContext
2022-01-12 22:53:31,413 INFO org.springframework.boot.web.servlet.context.ServletWebServerApplicationContext [main] Root WebApplicationContext: initialization completed in 1681 ms
2022-01-12 22:53:31,503 INFO com.mongodb.diagnostics.logging.SLF4JLogger [main] Cluster created with settings {hosts=[178.128.19.31:27017], mode=SINGLE, requiredClusterType=UNKNOWN, serverSelectionTimeout='30000 ms'}
2022-01-12 22:53:31,677 INFO com.mongodb.diagnostics.logging.SLF4JLogger [cluster-ClusterId{value='61def97b40f60a5e9f5207b4', description='null'}-178.128.19.31:27017] Opened connection [connectionId{localValue:2, serverValue:22248}] to 178.128.19.31:27017
2022-01-12 22:53:31,677 INFO com.mongodb.diagnostics.logging.SLF4JLogger [cluster-rtt-ClusterId{value='61def97b40f60a5e9f5207b4', description='null'}-178.128.19.31:27017] Opened connection [connectionId{localValue:1, serverValue:22249}] to 178.128.19.31:27017
2022-01-12 22:53:31,678 INFO com.mongodb.diagnostics.logging.SLF4JLogger [cluster-ClusterId{value='61def97b40f60a5e9f5207b4', description='null'}-178.128.19.31:27017] Monitor thread successfully connected to server with description ServerDescription{address=178.128.19.31:27017, type=REPLICA_SET_PRIMARY, state=CONNECTED, ok=true, minWireVersion=0, maxWireVersion=9, maxDocumentSize=16777216, logicalSessionTimeoutMinutes=30, roundTripTimeNanos=77977700, setName='reps0', canonicalAddress=127.0.0.1:27017, hosts=[127.0.0.1:27017], passives=[], arbiters=[], primary='127.0.0.1:27017', tagSet=TagSet{[]}, electionId=7fffffff000000000000000e, setVersion=1, topologyVersion=TopologyVersion{processId=61824065b32f7a93cc0ee417, counter=6}, lastWriteDate=Wed Jan 12 22:53:30 ICT 2022, lastUpdateTimeNanos=2726481911200}
2022-01-12 22:53:32,012 DEBUG org.springframework.web.filter.GenericFilterBean [main] Filter 'jwtTokenFilter' configured for use
2022-01-12 22:53:32,662 INFO org.springframework.security.web.DefaultSecurityFilterChain [main] Will secure any request with [org.springframework.security.web.context.request.async.WebAsyncManagerIntegrationFilter@621392ea, org.springframework.security.web.context.SecurityContextPersistenceFilter@1c788d08, org.springframework.security.web.header.HeaderWriterFilter@fd69983, org.springframework.web.filter.CorsFilter@35524549, org.springframework.security.web.csrf.CsrfFilter@507f47f9, org.springframework.security.web.authentication.logout.LogoutFilter@42238078, com.datn.doffice.config.security.JwtTokenFilter@58164e9a, org.springframework.security.web.savedrequest.RequestCacheAwareFilter@2a99fa07, org.springframework.security.web.servletapi.SecurityContextHolderAwareRequestFilter@2de7c84a, org.springframework.security.web.authentication.AnonymousAuthenticationFilter@23ec63af, org.springframework.security.web.session.SessionManagementFilter@126254ec, org.springframework.security.web.access.ExceptionTranslationFilter@98722ef]
2022-01-12 22:53:33,093 INFO org.apache.juli.logging.DirectJDKLog [main] Starting ProtocolHandler ["http-nio-8091"]
2022-01-12 22:53:33,137 INFO org.springframework.boot.web.embedded.tomcat.TomcatWebServer [main] Tomcat started on port(s): 8091 (http) with context path ''
2022-01-12 22:53:33,147 INFO org.springframework.boot.StartupInfoLogger [main] Started DigitalOfficeBackendApplication in 3.938 seconds (JVM running for 4.718)
2022-01-12 22:53:44,527 INFO org.apache.juli.logging.DirectJDKLog [http-nio-8091-exec-1] Initializing Spring DispatcherServlet 'dispatcherServlet'
2022-01-12 22:53:44,528 INFO org.springframework.web.servlet.FrameworkServlet [http-nio-8091-exec-1] Initializing Servlet 'dispatcherServlet'
2022-01-12 22:53:44,530 INFO org.springframework.web.servlet.FrameworkServlet [http-nio-8091-exec-1] Completed initialization in 2 ms
2022-01-12 22:53:45,011 INFO com.mongodb.diagnostics.logging.SLF4JLogger [http-nio-8091-exec-2] Opened connection [connectionId{localValue:3, serverValue:22250}] to 178.128.19.31:27017
2022-01-12 22:53:45,422 INFO com.mongodb.diagnostics.logging.SLF4JLogger [http-nio-8091-exec-7] Opened connection [connectionId{localValue:5, serverValue:22251}] to 178.128.19.31:27017
2022-01-12 22:53:45,570 INFO com.mongodb.diagnostics.logging.SLF4JLogger [http-nio-8091-exec-4] Opened connection [connectionId{localValue:4, serverValue:22252}] to 178.128.19.31:27017
2022-01-12 22:53:46,031 INFO com.mongodb.diagnostics.logging.SLF4JLogger [http-nio-8091-exec-9] Opened connection [connectionId{localValue:6, serverValue:22253}] to 178.128.19.31:27017
2022-01-12 22:53:46,067 INFO com.mongodb.diagnostics.logging.SLF4JLogger [http-nio-8091-exec-2] Opened connection [connectionId{localValue:7, serverValue:22254}] to 178.128.19.31:27017
2022-01-12 22:53:53,771 INFO com.mongodb.diagnostics.logging.SLF4JLogger [http-nio-8091-exec-8] Opened connection [connectionId{localValue:8, serverValue:22255}] to 178.128.19.31:27017
2022-01-12 23:01:24,496 INFO com.mongodb.diagnostics.logging.SLF4JLogger [http-nio-8091-exec-10] Opened connection [connectionId{localValue:9, serverValue:22271}] to 178.128.19.31:27017
2022-01-12 23:01:24,513 INFO com.mongodb.diagnostics.logging.SLF4JLogger [http-nio-8091-exec-11] Opened connection [connectionId{localValue:13, serverValue:22273}] to 178.128.19.31:27017
2022-01-12 23:01:24,530 INFO com.mongodb.diagnostics.logging.SLF4JLogger [http-nio-8091-exec-4] Opened connection [connectionId{localValue:10, serverValue:22272}] to 178.128.19.31:27017
2022-01-12 23:01:24,540 INFO com.mongodb.diagnostics.logging.SLF4JLogger [http-nio-8091-exec-8] Opened connection [connectionId{localValue:11, serverValue:22274}] to 178.128.19.31:27017
2022-01-12 23:01:24,541 INFO com.mongodb.diagnostics.logging.SLF4JLogger [http-nio-8091-exec-5] Opened connection [connectionId{localValue:12, serverValue:22275}] to 178.128.19.31:27017
2022-01-12 23:01:24,550 INFO com.mongodb.diagnostics.logging.SLF4JLogger [http-nio-8091-exec-12] Opened connection [connectionId{localValue:14, serverValue:22276}] to 178.128.19.31:27017
2022-01-12 23:32:39,088 INFO com.mongodb.diagnostics.logging.SLF4JLogger [http-nio-8091-exec-8] Closed connection [connectionId{localValue:14, serverValue:22276}] to 178.128.19.31:27017 because there was a socket exception raised by this connection.
2022-01-12 23:32:39,090 INFO com.mongodb.diagnostics.logging.SLF4JLogger [http-nio-8091-exec-8] No server chosen by ReadPreferenceServerSelector{readPreference=primary} from cluster description ClusterDescription{type=UNKNOWN, connectionMode=SINGLE, serverDescriptions=[ServerDescription{address=178.128.19.31:27017, type=UNKNOWN, state=CONNECTING, exception={com.mongodb.MongoSocketReadException: Exception receiving message}, caused by {java.net.SocketException: A connection attempt failed because the connected party did not properly respond after a period of time, or established connection failed because connected host has failed to respond}}]}. Waiting for 30000 ms before timing out
2022-01-12 23:32:39,685 INFO com.mongodb.diagnostics.logging.SLF4JLogger [cluster-ClusterId{value='61def97b40f60a5e9f5207b4', description='null'}-178.128.19.31:27017] Opened connection [connectionId{localValue:15, serverValue:22337}] to 178.128.19.31:27017
2022-01-12 23:32:39,686 INFO com.mongodb.diagnostics.logging.SLF4JLogger [cluster-ClusterId{value='61def97b40f60a5e9f5207b4', description='null'}-178.128.19.31:27017] Monitor thread successfully connected to server with description ServerDescription{address=178.128.19.31:27017, type=REPLICA_SET_PRIMARY, state=CONNECTED, ok=true, minWireVersion=0, maxWireVersion=9, maxDocumentSize=16777216, logicalSessionTimeoutMinutes=30, roundTripTimeNanos=48434200, setName='reps0', canonicalAddress=127.0.0.1:27017, hosts=[127.0.0.1:27017], passives=[], arbiters=[], primary='127.0.0.1:27017', tagSet=TagSet{[]}, electionId=7fffffff000000000000000e, setVersion=1, topologyVersion=TopologyVersion{processId=61824065b32f7a93cc0ee417, counter=6}, lastWriteDate=Wed Jan 12 23:32:36 ICT 2022, lastUpdateTimeNanos=5074491175100}
2022-01-12 23:32:39,686 INFO com.mongodb.diagnostics.logging.SLF4JLogger [http-nio-8091-exec-8] Closed connection [connectionId{localValue:3, serverValue:22250}] to 178.128.19.31:27017 because there was a socket exception raised on another connection from this pool.
2022-01-12 23:32:39,687 INFO com.mongodb.diagnostics.logging.SLF4JLogger [http-nio-8091-exec-8] Closed connection [connectionId{localValue:5, serverValue:22251}] to 178.128.19.31:27017 because there was a socket exception raised on another connection from this pool.
2022-01-12 23:32:39,687 INFO com.mongodb.diagnostics.logging.SLF4JLogger [http-nio-8091-exec-8] Closed connection [connectionId{localValue:6, serverValue:22253}] to 178.128.19.31:27017 because there was a socket exception raised on another connection from this pool.
2022-01-12 23:32:39,688 INFO com.mongodb.diagnostics.logging.SLF4JLogger [http-nio-8091-exec-8] Closed connection [connectionId{localValue:10, serverValue:22272}] to 178.128.19.31:27017 because there was a socket exception raised on another connection from this pool.
2022-01-12 23:32:39,688 INFO com.mongodb.diagnostics.logging.SLF4JLogger [http-nio-8091-exec-8] Closed connection [connectionId{localValue:12, serverValue:22275}] to 178.128.19.31:27017 because there was a socket exception raised on another connection from this pool.
2022-01-12 23:32:39,688 INFO com.mongodb.diagnostics.logging.SLF4JLogger [http-nio-8091-exec-8] Closed connection [connectionId{localValue:13, serverValue:22273}] to 178.128.19.31:27017 because there was a socket exception raised on another connection from this pool.
2022-01-12 23:32:39,688 INFO com.mongodb.diagnostics.logging.SLF4JLogger [http-nio-8091-exec-8] Closed connection [connectionId{localValue:9, serverValue:22271}] to 178.128.19.31:27017 because there was a socket exception raised on another connection from this pool.
2022-01-12 23:32:39,689 INFO com.mongodb.diagnostics.logging.SLF4JLogger [http-nio-8091-exec-8] Closed connection [connectionId{localValue:4, serverValue:22252}] to 178.128.19.31:27017 because there was a socket exception raised on another connection from this pool.
2022-01-12 23:32:39,689 INFO com.mongodb.diagnostics.logging.SLF4JLogger [http-nio-8091-exec-8] Closed connection [connectionId{localValue:11, serverValue:22274}] to 178.128.19.31:27017 because there was a socket exception raised on another connection from this pool.
2022-01-12 23:32:39,689 INFO com.mongodb.diagnostics.logging.SLF4JLogger [http-nio-8091-exec-8] Closed connection [connectionId{localValue:7, serverValue:22254}] to 178.128.19.31:27017 because there was a socket exception raised on another connection from this pool.
2022-01-12 23:32:39,690 INFO com.mongodb.diagnostics.logging.SLF4JLogger [http-nio-8091-exec-8] Closed connection [connectionId{localValue:8, serverValue:22255}] to 178.128.19.31:27017 because there was a socket exception raised on another connection from this pool.
2022-01-12 23:32:40,045 INFO com.mongodb.diagnostics.logging.SLF4JLogger [http-nio-8091-exec-8] Opened connection [connectionId{localValue:16, serverValue:22338}] to 178.128.19.31:27017
2022-01-12 23:32:41,353 INFO com.mongodb.diagnostics.logging.SLF4JLogger [http-nio-8091-exec-1] Opened connection [connectionId{localValue:17, serverValue:22339}] to 178.128.19.31:27017
2022-01-12 23:32:41,563 INFO com.mongodb.diagnostics.logging.SLF4JLogger [http-nio-8091-exec-7] Opened connection [connectionId{localValue:18, serverValue:22340}] to 178.128.19.31:27017
2022-01-12 23:32:41,620 INFO com.mongodb.diagnostics.logging.SLF4JLogger [http-nio-8091-exec-8] Opened connection [connectionId{localValue:19, serverValue:22341}] to 178.128.19.31:27017
2022-01-12 23:32:42,062 INFO com.mongodb.diagnostics.logging.SLF4JLogger [http-nio-8091-exec-15] Opened connection [connectionId{localValue:20, serverValue:22342}] to 178.128.19.31:27017
2022-01-12 23:33:17,093 INFO com.mongodb.diagnostics.logging.SLF4JLogger [http-nio-8091-exec-1] Opened connection [connectionId{localValue:22, serverValue:22345}] to 178.128.19.31:27017
2022-01-12 23:33:17,102 INFO com.mongodb.diagnostics.logging.SLF4JLogger [http-nio-8091-exec-18] Opened connection [connectionId{localValue:21, serverValue:22344}] to 178.128.19.31:27017
2022-01-12 23:33:17,452 INFO com.mongodb.diagnostics.logging.SLF4JLogger [http-nio-8091-exec-20] Opened connection [connectionId{localValue:23, serverValue:22347}] to 178.128.19.31:27017
2022-01-12 23:33:17,497 INFO com.mongodb.diagnostics.logging.SLF4JLogger [http-nio-8091-exec-15] Opened connection [connectionId{localValue:24, serverValue:22348}] to 178.128.19.31:27017
2022-01-12 23:34:25,833 INFO com.mongodb.diagnostics.logging.SLF4JLogger [http-nio-8091-exec-8] Opened connection [connectionId{localValue:25, serverValue:22351}] to 178.128.19.31:27017
2022-01-12 23:34:34,051 INFO com.mongodb.diagnostics.logging.SLF4JLogger [http-nio-8091-exec-18] Opened connection [connectionId{localValue:27, serverValue:22352}] to 178.128.19.31:27017
2022-01-12 23:34:34,124 INFO com.mongodb.diagnostics.logging.SLF4JLogger [http-nio-8091-exec-20] Opened connection [connectionId{localValue:26, serverValue:22353}] to 178.128.19.31:27017
